nohup: ignoring input
2020-10-28 14:35:18.598413: I tensorflow/stream_executor/platform/default/dso_loader.cc:48] Successfully opened dynamic library libcudart.so.10.1
2020-10-28 14:35:20 - INFO - train_bert_mtl_span_attr.py - running train_bert_mtl_span_attr.py --pretrain_path /home/liujian/NLP/corpus/transformers/hfl-chinese-bert-wwm-ext --metric micro_f1 --dataset policy --tagscheme bmoes --lstm_num 2 --span_use_crf --attr_use_crf --batch_size 16 --lr 1e-3 --bert_lr 3e-5 --weight_decay 0 --warmup_step 0 --max_length 256 --max_epoch 20 --optimizer adam
train_bert_mtl_span_attr.py:123: DeprecationWarning: The 'warn' method is deprecated, use 'warning' instead
  logger.warn("Val file {} does not exist! Use test file instead".format(args.val_file))
2020-10-28 14:35:20 - WARNING - train_bert_mtl_span_attr.py - Val file /home/liujian/VSCode/AIPolicy/input/benchmark/ner/policy/val.char.bmoes does not exist! Use test file instead
2020-10-28 14:35:20 - INFO - train_bert_mtl_span_attr.py - Arguments:
2020-10-28 14:35:20 - INFO - train_bert_mtl_span_attr.py - pretrain_path: /home/liujian/NLP/corpus/transformers/hfl-chinese-bert-wwm-ext
2020-10-28 14:35:20 - INFO - train_bert_mtl_span_attr.py - ckpt: policy_bmoes_bert_spanlstm_attrlstm_spancrf_attrcrf
2020-10-28 14:35:20 - INFO - train_bert_mtl_span_attr.py - only_test: False
2020-10-28 14:35:20 - INFO - train_bert_mtl_span_attr.py - lstm_num: 2
2020-10-28 14:35:20 - INFO - train_bert_mtl_span_attr.py - span_use_crf: True
2020-10-28 14:35:20 - INFO - train_bert_mtl_span_attr.py - attr_use_crf: True
2020-10-28 14:35:20 - INFO - train_bert_mtl_span_attr.py - tagscheme: bmoes
2020-10-28 14:35:20 - INFO - train_bert_mtl_span_attr.py - metric: micro_f1
2020-10-28 14:35:20 - INFO - train_bert_mtl_span_attr.py - dataset: policy
2020-10-28 14:35:20 - INFO - train_bert_mtl_span_attr.py - train_file: /home/liujian/VSCode/AIPolicy/input/benchmark/ner/policy/train.char.bmoes
2020-10-28 14:35:20 - INFO - train_bert_mtl_span_attr.py - val_file: /home/liujian/VSCode/AIPolicy/input/benchmark/ner/policy/test.char.bmoes
2020-10-28 14:35:20 - INFO - train_bert_mtl_span_attr.py - test_file: /home/liujian/VSCode/AIPolicy/input/benchmark/ner/policy/test.char.bmoes
2020-10-28 14:35:20 - INFO - train_bert_mtl_span_attr.py - span2id_file: /home/liujian/VSCode/AIPolicy/input/benchmark/ner/policy/span2id.bmoes
2020-10-28 14:35:20 - INFO - train_bert_mtl_span_attr.py - attr2id_file: /home/liujian/VSCode/AIPolicy/input/benchmark/ner/policy/attr2id.bmoes
2020-10-28 14:35:20 - INFO - train_bert_mtl_span_attr.py - batch_size: 16
2020-10-28 14:35:20 - INFO - train_bert_mtl_span_attr.py - lr: 0.001
2020-10-28 14:35:20 - INFO - train_bert_mtl_span_attr.py - bert_lr: 3e-05
2020-10-28 14:35:20 - INFO - train_bert_mtl_span_attr.py - optimizer: adam
2020-10-28 14:35:20 - INFO - train_bert_mtl_span_attr.py - weight_decay: 0.0
2020-10-28 14:35:20 - INFO - train_bert_mtl_span_attr.py - warmup_step: 0
2020-10-28 14:35:20 - INFO - train_bert_mtl_span_attr.py - max_length: 256
2020-10-28 14:35:20 - INFO - train_bert_mtl_span_attr.py - max_epoch: 20
2020-10-28 14:35:29 - INFO - train_bert_mtl_span_attr.py - === Epoch 0 train ===
INFO:train_bert_mtl_span_attr.py:=== Epoch 0 train ===
2020-10-28 14:35:50 - INFO - train_bert_mtl_span_attr.py - Training...Epoches: 0, steps: 10, loss: 0.0024, span_acc: 0.9920, attr_acc: 0.9835, micro_p: 0.9877, micro_r: 0.9457, micro_f1: 0.9663
INFO:train_bert_mtl_span_attr.py:Training...Epoches: 0, steps: 10, loss: 0.0024, span_acc: 0.9920, attr_acc: 0.9835, micro_p: 0.9877, micro_r: 0.9457, micro_f1: 0.9663
2020-10-28 14:36:10 - INFO - train_bert_mtl_span_attr.py - Training...Epoches: 0, steps: 20, loss: 0.0030, span_acc: 0.9903, attr_acc: 0.9820, micro_p: 0.9821, micro_r: 0.9374, micro_f1: 0.9592
INFO:train_bert_mtl_span_attr.py:Training...Epoches: 0, steps: 20, loss: 0.0030, span_acc: 0.9903, attr_acc: 0.9820, micro_p: 0.9821, micro_r: 0.9374, micro_f1: 0.9592
2020-10-28 14:36:35 - INFO - train_bert_mtl_span_attr.py - Training...Epoches: 0, steps: 30, loss: 0.0030, span_acc: 0.9893, attr_acc: 0.9829, micro_p: 0.9795, micro_r: 0.9382, micro_f1: 0.9584
INFO:train_bert_mtl_span_attr.py:Training...Epoches: 0, steps: 30, loss: 0.0030, span_acc: 0.9893, attr_acc: 0.9829, micro_p: 0.9795, micro_r: 0.9382, micro_f1: 0.9584
2020-10-28 14:36:40 - INFO - train_bert_mtl_span_attr.py - === Epoch 0 val ===
INFO:train_bert_mtl_span_attr.py:=== Epoch 0 val ===
2020-10-28 14:36:47 - INFO - train_bert_mtl_span_attr.py - Evaluation result: {'span_acc': 0.9286723163841808, 'attr_acc': 0.888771186440678, 'micro_p': 0.8487229862475442, 'micro_r': 0.7659574468085106, 'micro_f1': 0.8052190121155638}.
INFO:train_bert_mtl_span_attr.py:Evaluation result: {'span_acc': 0.9286723163841808, 'attr_acc': 0.888771186440678, 'micro_p': 0.8487229862475442, 'micro_r': 0.7659574468085106, 'micro_f1': 0.8052190121155638}.
2020-10-28 14:36:47 - INFO - train_bert_mtl_span_attr.py - Metric micro_f1 current / best: 0.8052190121155638 / 0
INFO:train_bert_mtl_span_attr.py:Metric micro_f1 current / best: 0.8052190121155638 / 0
2020-10-28 14:36:47 - INFO - train_bert_mtl_span_attr.py - Best ckpt and saved.
INFO:train_bert_mtl_span_attr.py:Best ckpt and saved.
2020-10-28 14:36:50 - INFO - train_bert_mtl_span_attr.py - === Epoch 1 train ===
INFO:train_bert_mtl_span_attr.py:=== Epoch 1 train ===
2020-10-28 14:37:05 - INFO - train_bert_mtl_span_attr.py - Training...Epoches: 1, steps: 40, loss: 0.0019, span_acc: 0.9927, attr_acc: 0.9939, micro_p: 0.9922, micro_r: 0.9770, micro_f1: 0.9846
INFO:train_bert_mtl_span_attr.py:Training...Epoches: 1, steps: 40, loss: 0.0019, span_acc: 0.9927, attr_acc: 0.9939, micro_p: 0.9922, micro_r: 0.9770, micro_f1: 0.9846
2020-10-28 14:37:30 - INFO - train_bert_mtl_span_attr.py - Training...Epoches: 1, steps: 50, loss: 0.0028, span_acc: 0.9864, attr_acc: 0.9912, micro_p: 0.9791, micro_r: 0.9495, micro_f1: 0.9641
INFO:train_bert_mtl_span_attr.py:Training...Epoches: 1, steps: 50, loss: 0.0028, span_acc: 0.9864, attr_acc: 0.9912, micro_p: 0.9791, micro_r: 0.9495, micro_f1: 0.9641
2020-10-28 14:37:51 - INFO - train_bert_mtl_span_attr.py - Training...Epoches: 1, steps: 60, loss: 0.0030, span_acc: 0.9868, attr_acc: 0.9892, micro_p: 0.9777, micro_r: 0.9464, micro_f1: 0.9618
INFO:train_bert_mtl_span_attr.py:Training...Epoches: 1, steps: 60, loss: 0.0030, span_acc: 0.9868, attr_acc: 0.9892, micro_p: 0.9777, micro_r: 0.9464, micro_f1: 0.9618
2020-10-28 14:38:02 - INFO - train_bert_mtl_span_attr.py - === Epoch 1 val ===
INFO:train_bert_mtl_span_attr.py:=== Epoch 1 val ===
2020-10-28 14:38:08 - INFO - train_bert_mtl_span_attr.py - Evaluation result: {'span_acc': 0.932909604519774, 'attr_acc': 0.8817090395480226, 'micro_p': 0.857707509881423, 'micro_r': 0.7695035460992907, 'micro_f1': 0.8112149532710279}.
INFO:train_bert_mtl_span_attr.py:Evaluation result: {'span_acc': 0.932909604519774, 'attr_acc': 0.8817090395480226, 'micro_p': 0.857707509881423, 'micro_r': 0.7695035460992907, 'micro_f1': 0.8112149532710279}.
2020-10-28 14:38:08 - INFO - train_bert_mtl_span_attr.py - Metric micro_f1 current / best: 0.8112149532710279 / 0.8052190121155638
INFO:train_bert_mtl_span_attr.py:Metric micro_f1 current / best: 0.8112149532710279 / 0.8052190121155638
2020-10-28 14:38:08 - INFO - train_bert_mtl_span_attr.py - Best ckpt and saved.
INFO:train_bert_mtl_span_attr.py:Best ckpt and saved.
2020-10-28 14:38:11 - INFO - train_bert_mtl_span_attr.py - === Epoch 2 train ===
INFO:train_bert_mtl_span_attr.py:=== Epoch 2 train ===
2020-10-28 14:38:22 - INFO - train_bert_mtl_span_attr.py - Training...Epoches: 2, steps: 70, loss: 0.0023, span_acc: 0.9922, attr_acc: 0.9889, micro_p: 0.9974, micro_r: 0.9544, micro_f1: 0.9754
INFO:train_bert_mtl_span_attr.py:Training...Epoches: 2, steps: 70, loss: 0.0023, span_acc: 0.9922, attr_acc: 0.9889, micro_p: 0.9974, micro_r: 0.9544, micro_f1: 0.9754
2020-10-28 14:38:43 - INFO - train_bert_mtl_span_attr.py - Training...Epoches: 2, steps: 80, loss: 0.0026, span_acc: 0.9931, attr_acc: 0.9847, micro_p: 0.9847, micro_r: 0.9530, micro_f1: 0.9686
INFO:train_bert_mtl_span_attr.py:Training...Epoches: 2, steps: 80, loss: 0.0026, span_acc: 0.9931, attr_acc: 0.9847, micro_p: 0.9847, micro_r: 0.9530, micro_f1: 0.9686
2020-10-28 14:39:07 - INFO - train_bert_mtl_span_attr.py - Training...Epoches: 2, steps: 90, loss: 0.0026, span_acc: 0.9927, attr_acc: 0.9855, micro_p: 0.9833, micro_r: 0.9541, micro_f1: 0.9685
INFO:train_bert_mtl_span_attr.py:Training...Epoches: 2, steps: 90, loss: 0.0026, span_acc: 0.9927, attr_acc: 0.9855, micro_p: 0.9833, micro_r: 0.9541, micro_f1: 0.9685
2020-10-28 14:39:22 - INFO - train_bert_mtl_span_attr.py - === Epoch 2 val ===
INFO:train_bert_mtl_span_attr.py:=== Epoch 2 val ===
2020-10-28 14:39:29 - INFO - train_bert_mtl_span_attr.py - Evaluation result: {'span_acc': 0.9322033898305084, 'attr_acc': 0.894774011299435, 'micro_p': 0.8320754716981132, 'micro_r': 0.7819148936170213, 'micro_f1': 0.8062157221206582}.
INFO:train_bert_mtl_span_attr.py:Evaluation result: {'span_acc': 0.9322033898305084, 'attr_acc': 0.894774011299435, 'micro_p': 0.8320754716981132, 'micro_r': 0.7819148936170213, 'micro_f1': 0.8062157221206582}.
2020-10-28 14:39:29 - INFO - train_bert_mtl_span_attr.py - Metric micro_f1 current / best: 0.8062157221206582 / 0.8112149532710279
INFO:train_bert_mtl_span_attr.py:Metric micro_f1 current / best: 0.8062157221206582 / 0.8112149532710279
2020-10-28 14:39:29 - INFO - train_bert_mtl_span_attr.py - === Epoch 3 train ===
INFO:train_bert_mtl_span_attr.py:=== Epoch 3 train ===
2020-10-28 14:39:38 - INFO - train_bert_mtl_span_attr.py - Training...Epoches: 3, steps: 100, loss: 0.0023, span_acc: 0.9961, attr_acc: 0.9883, micro_p: 0.9725, micro_r: 0.9659, micro_f1: 0.9692
INFO:train_bert_mtl_span_attr.py:Training...Epoches: 3, steps: 100, loss: 0.0023, span_acc: 0.9961, attr_acc: 0.9883, micro_p: 0.9725, micro_r: 0.9659, micro_f1: 0.9692
2020-10-28 14:40:03 - INFO - train_bert_mtl_span_attr.py - Training...Epoches: 3, steps: 110, loss: 0.0026, span_acc: 0.9912, attr_acc: 0.9863, micro_p: 0.9755, micro_r: 0.9458, micro_f1: 0.9604
INFO:train_bert_mtl_span_attr.py:Training...Epoches: 3, steps: 110, loss: 0.0026, span_acc: 0.9912, attr_acc: 0.9863, micro_p: 0.9755, micro_r: 0.9458, micro_f1: 0.9604
2020-10-28 14:40:26 - INFO - train_bert_mtl_span_attr.py - Training...Epoches: 3, steps: 120, loss: 0.0031, span_acc: 0.9910, attr_acc: 0.9786, micro_p: 0.9741, micro_r: 0.9446, micro_f1: 0.9591
INFO:train_bert_mtl_span_attr.py:Training...Epoches: 3, steps: 120, loss: 0.0031, span_acc: 0.9910, attr_acc: 0.9786, micro_p: 0.9741, micro_r: 0.9446, micro_f1: 0.9591
2020-10-28 14:40:42 - INFO - train_bert_mtl_span_attr.py - === Epoch 3 val ===
INFO:train_bert_mtl_span_attr.py:=== Epoch 3 val ===
2020-10-28 14:40:49 - INFO - train_bert_mtl_span_attr.py - Evaluation result: {'span_acc': 0.928319209039548, 'attr_acc': 0.903954802259887, 'micro_p': 0.8554455445544554, 'micro_r': 0.7659574468085106, 'micro_f1': 0.8082319925163703}.
INFO:train_bert_mtl_span_attr.py:Evaluation result: {'span_acc': 0.928319209039548, 'attr_acc': 0.903954802259887, 'micro_p': 0.8554455445544554, 'micro_r': 0.7659574468085106, 'micro_f1': 0.8082319925163703}.
2020-10-28 14:40:49 - INFO - train_bert_mtl_span_attr.py - Metric micro_f1 current / best: 0.8082319925163703 / 0.8112149532710279
INFO:train_bert_mtl_span_attr.py:Metric micro_f1 current / best: 0.8082319925163703 / 0.8112149532710279
2020-10-28 14:40:49 - INFO - train_bert_mtl_span_attr.py - === Epoch 4 train ===
INFO:train_bert_mtl_span_attr.py:=== Epoch 4 train ===
2020-10-28 14:40:54 - INFO - train_bert_mtl_span_attr.py - Training...Epoches: 4, steps: 130, loss: 0.0020, span_acc: 0.9905, attr_acc: 0.9918, micro_p: 0.9868, micro_r: 0.9430, micro_f1: 0.9644
INFO:train_bert_mtl_span_attr.py:Training...Epoches: 4, steps: 130, loss: 0.0020, span_acc: 0.9905, attr_acc: 0.9918, micro_p: 0.9868, micro_r: 0.9430, micro_f1: 0.9644
2020-10-28 14:41:17 - INFO - train_bert_mtl_span_attr.py - Training...Epoches: 4, steps: 140, loss: 0.0029, span_acc: 0.9914, attr_acc: 0.9795, micro_p: 0.9785, micro_r: 0.9469, micro_f1: 0.9625
INFO:train_bert_mtl_span_attr.py:Training...Epoches: 4, steps: 140, loss: 0.0029, span_acc: 0.9914, attr_acc: 0.9795, micro_p: 0.9785, micro_r: 0.9469, micro_f1: 0.9625
2020-10-28 14:41:40 - INFO - train_bert_mtl_span_attr.py - Training...Epoches: 4, steps: 150, loss: 0.0024, span_acc: 0.9942, attr_acc: 0.9809, micro_p: 0.9785, micro_r: 0.9554, micro_f1: 0.9668
INFO:train_bert_mtl_span_attr.py:Training...Epoches: 4, steps: 150, loss: 0.0024, span_acc: 0.9942, attr_acc: 0.9809, micro_p: 0.9785, micro_r: 0.9554, micro_f1: 0.9668
2020-10-28 14:42:05 - INFO - train_bert_mtl_span_attr.py - Training...Epoches: 4, steps: 160, loss: 0.0024, span_acc: 0.9944, attr_acc: 0.9828, micro_p: 0.9810, micro_r: 0.9571, micro_f1: 0.9689
INFO:train_bert_mtl_span_attr.py:Training...Epoches: 4, steps: 160, loss: 0.0024, span_acc: 0.9944, attr_acc: 0.9828, micro_p: 0.9810, micro_r: 0.9571, micro_f1: 0.9689
2020-10-28 14:42:05 - INFO - train_bert_mtl_span_attr.py - === Epoch 4 val ===
INFO:train_bert_mtl_span_attr.py:=== Epoch 4 val ===
2020-10-28 14:42:11 - INFO - train_bert_mtl_span_attr.py - Evaluation result: {'span_acc': 0.929731638418079, 'attr_acc': 0.903954802259887, 'micro_p': 0.8416206261510129, 'micro_r': 0.8102836879432624, 'micro_f1': 0.8256549232158987}.
INFO:train_bert_mtl_span_attr.py:Evaluation result: {'span_acc': 0.929731638418079, 'attr_acc': 0.903954802259887, 'micro_p': 0.8416206261510129, 'micro_r': 0.8102836879432624, 'micro_f1': 0.8256549232158987}.
2020-10-28 14:42:11 - INFO - train_bert_mtl_span_attr.py - Metric micro_f1 current / best: 0.8256549232158987 / 0.8112149532710279
INFO:train_bert_mtl_span_attr.py:Metric micro_f1 current / best: 0.8256549232158987 / 0.8112149532710279
2020-10-28 14:42:11 - INFO - train_bert_mtl_span_attr.py - Best ckpt and saved.
INFO:train_bert_mtl_span_attr.py:Best ckpt and saved.
2020-10-28 14:42:14 - INFO - train_bert_mtl_span_attr.py - === Epoch 5 train ===
INFO:train_bert_mtl_span_attr.py:=== Epoch 5 train ===
2020-10-28 14:42:35 - INFO - train_bert_mtl_span_attr.py - Training...Epoches: 5, steps: 170, loss: 0.0011, span_acc: 0.9954, attr_acc: 0.9957, micro_p: 0.9898, micro_r: 0.9812, micro_f1: 0.9855
INFO:train_bert_mtl_span_attr.py:Training...Epoches: 5, steps: 170, loss: 0.0011, span_acc: 0.9954, attr_acc: 0.9957, micro_p: 0.9898, micro_r: 0.9812, micro_f1: 0.9855
2020-10-28 14:42:59 - INFO - train_bert_mtl_span_attr.py - Training...Epoches: 5, steps: 180, loss: 0.0010, span_acc: 0.9971, attr_acc: 0.9948, micro_p: 0.9902, micro_r: 0.9833, micro_f1: 0.9867
INFO:train_bert_mtl_span_attr.py:Training...Epoches: 5, steps: 180, loss: 0.0010, span_acc: 0.9971, attr_acc: 0.9948, micro_p: 0.9902, micro_r: 0.9833, micro_f1: 0.9867
2020-10-28 14:43:28 - INFO - train_bert_mtl_span_attr.py - Training...Epoches: 5, steps: 190, loss: 0.0012, span_acc: 0.9961, attr_acc: 0.9923, micro_p: 0.9903, micro_r: 0.9803, micro_f1: 0.9852
INFO:train_bert_mtl_span_attr.py:Training...Epoches: 5, steps: 190, loss: 0.0012, span_acc: 0.9961, attr_acc: 0.9923, micro_p: 0.9903, micro_r: 0.9803, micro_f1: 0.9852
2020-10-28 14:43:34 - INFO - train_bert_mtl_span_attr.py - === Epoch 5 val ===
INFO:train_bert_mtl_span_attr.py:=== Epoch 5 val ===
2020-10-28 14:43:41 - INFO - train_bert_mtl_span_attr.py - Evaluation result: {'span_acc': 0.9346751412429378, 'attr_acc': 0.9074858757062146, 'micro_p': 0.8402903811252269, 'micro_r': 0.8209219858156028, 'micro_f1': 0.830493273542601}.
INFO:train_bert_mtl_span_attr.py:Evaluation result: {'span_acc': 0.9346751412429378, 'attr_acc': 0.9074858757062146, 'micro_p': 0.8402903811252269, 'micro_r': 0.8209219858156028, 'micro_f1': 0.830493273542601}.
2020-10-28 14:43:41 - INFO - train_bert_mtl_span_attr.py - Metric micro_f1 current / best: 0.830493273542601 / 0.8256549232158987
INFO:train_bert_mtl_span_attr.py:Metric micro_f1 current / best: 0.830493273542601 / 0.8256549232158987
2020-10-28 14:43:41 - INFO - train_bert_mtl_span_attr.py - Best ckpt and saved.
INFO:train_bert_mtl_span_attr.py:Best ckpt and saved.
2020-10-28 14:43:44 - INFO - train_bert_mtl_span_attr.py - === Epoch 6 train ===
INFO:train_bert_mtl_span_attr.py:=== Epoch 6 train ===
2020-10-28 14:44:04 - INFO - train_bert_mtl_span_attr.py - Training...Epoches: 6, steps: 200, loss: 0.0011, span_acc: 0.9975, attr_acc: 0.9949, micro_p: 0.9950, micro_r: 0.9739, micro_f1: 0.9844
INFO:train_bert_mtl_span_attr.py:Training...Epoches: 6, steps: 200, loss: 0.0011, span_acc: 0.9975, attr_acc: 0.9949, micro_p: 0.9950, micro_r: 0.9739, micro_f1: 0.9844
2020-10-28 14:44:29 - INFO - train_bert_mtl_span_attr.py - Training...Epoches: 6, steps: 210, loss: 0.0013, span_acc: 0.9968, attr_acc: 0.9935, micro_p: 0.9922, micro_r: 0.9776, micro_f1: 0.9848
INFO:train_bert_mtl_span_attr.py:Training...Epoches: 6, steps: 210, loss: 0.0013, span_acc: 0.9968, attr_acc: 0.9935, micro_p: 0.9922, micro_r: 0.9776, micro_f1: 0.9848
2020-10-28 14:44:54 - INFO - train_bert_mtl_span_attr.py - Training...Epoches: 6, steps: 220, loss: 0.0013, span_acc: 0.9966, attr_acc: 0.9937, micro_p: 0.9910, micro_r: 0.9793, micro_f1: 0.9851
INFO:train_bert_mtl_span_attr.py:Training...Epoches: 6, steps: 220, loss: 0.0013, span_acc: 0.9966, attr_acc: 0.9937, micro_p: 0.9910, micro_r: 0.9793, micro_f1: 0.9851
2020-10-28 14:45:03 - INFO - train_bert_mtl_span_attr.py - === Epoch 6 val ===
INFO:train_bert_mtl_span_attr.py:=== Epoch 6 val ===
2020-10-28 14:45:09 - INFO - train_bert_mtl_span_attr.py - Evaluation result: {'span_acc': 0.9127824858757062, 'attr_acc': 0.911723163841808, 'micro_p': 0.8604206500956023, 'micro_r': 0.7978723404255319, 'micro_f1': 0.8279668813247469}.
INFO:train_bert_mtl_span_attr.py:Evaluation result: {'span_acc': 0.9127824858757062, 'attr_acc': 0.911723163841808, 'micro_p': 0.8604206500956023, 'micro_r': 0.7978723404255319, 'micro_f1': 0.8279668813247469}.
2020-10-28 14:45:09 - INFO - train_bert_mtl_span_attr.py - Metric micro_f1 current / best: 0.8279668813247469 / 0.830493273542601
INFO:train_bert_mtl_span_attr.py:Metric micro_f1 current / best: 0.8279668813247469 / 0.830493273542601
2020-10-28 14:45:09 - INFO - train_bert_mtl_span_attr.py - === Epoch 7 train ===
INFO:train_bert_mtl_span_attr.py:=== Epoch 7 train ===
2020-10-28 14:45:24 - INFO - train_bert_mtl_span_attr.py - Training...Epoches: 7, steps: 230, loss: 0.0008, span_acc: 0.9986, attr_acc: 0.9991, micro_p: 0.9974, micro_r: 0.9923, micro_f1: 0.9949
INFO:train_bert_mtl_span_attr.py:Training...Epoches: 7, steps: 230, loss: 0.0008, span_acc: 0.9986, attr_acc: 0.9991, micro_p: 0.9974, micro_r: 0.9923, micro_f1: 0.9949
2020-10-28 14:45:48 - INFO - train_bert_mtl_span_attr.py - Training...Epoches: 7, steps: 240, loss: 0.0010, span_acc: 0.9957, attr_acc: 0.9958, micro_p: 0.9857, micro_r: 0.9795, micro_f1: 0.9826
INFO:train_bert_mtl_span_attr.py:Training...Epoches: 7, steps: 240, loss: 0.0010, span_acc: 0.9957, attr_acc: 0.9958, micro_p: 0.9857, micro_r: 0.9795, micro_f1: 0.9826
2020-10-28 14:46:12 - INFO - train_bert_mtl_span_attr.py - Training...Epoches: 7, steps: 250, loss: 0.0010, span_acc: 0.9959, attr_acc: 0.9959, micro_p: 0.9883, micro_r: 0.9800, micro_f1: 0.9842
INFO:train_bert_mtl_span_attr.py:Training...Epoches: 7, steps: 250, loss: 0.0010, span_acc: 0.9959, attr_acc: 0.9959, micro_p: 0.9883, micro_r: 0.9800, micro_f1: 0.9842
2020-10-28 14:46:25 - INFO - train_bert_mtl_span_attr.py - === Epoch 7 val ===
INFO:train_bert_mtl_span_attr.py:=== Epoch 7 val ===
2020-10-28 14:46:32 - INFO - train_bert_mtl_span_attr.py - Evaluation result: {'span_acc': 0.9258474576271186, 'attr_acc': 0.900776836158192, 'micro_p': 0.8467289719626169, 'micro_r': 0.8031914893617021, 'micro_f1': 0.824385805277525}.
INFO:train_bert_mtl_span_attr.py:Evaluation result: {'span_acc': 0.9258474576271186, 'attr_acc': 0.900776836158192, 'micro_p': 0.8467289719626169, 'micro_r': 0.8031914893617021, 'micro_f1': 0.824385805277525}.
2020-10-28 14:46:32 - INFO - train_bert_mtl_span_attr.py - Metric micro_f1 current / best: 0.824385805277525 / 0.830493273542601
INFO:train_bert_mtl_span_attr.py:Metric micro_f1 current / best: 0.824385805277525 / 0.830493273542601
2020-10-28 14:46:32 - INFO - train_bert_mtl_span_attr.py - === Epoch 8 train ===
INFO:train_bert_mtl_span_attr.py:=== Epoch 8 train ===
2020-10-28 14:46:42 - INFO - train_bert_mtl_span_attr.py - Training...Epoches: 8, steps: 260, loss: 0.0007, span_acc: 0.9993, attr_acc: 0.9987, micro_p: 0.9933, micro_r: 0.9933, micro_f1: 0.9933
INFO:train_bert_mtl_span_attr.py:Training...Epoches: 8, steps: 260, loss: 0.0007, span_acc: 0.9993, attr_acc: 0.9987, micro_p: 0.9933, micro_r: 0.9933, micro_f1: 0.9933
2020-10-28 14:47:06 - INFO - train_bert_mtl_span_attr.py - Training...Epoches: 8, steps: 270, loss: 0.0007, span_acc: 0.9968, attr_acc: 0.9976, micro_p: 0.9921, micro_r: 0.9892, micro_f1: 0.9906
INFO:train_bert_mtl_span_attr.py:Training...Epoches: 8, steps: 270, loss: 0.0007, span_acc: 0.9968, attr_acc: 0.9976, micro_p: 0.9921, micro_r: 0.9892, micro_f1: 0.9906
2020-10-28 14:47:31 - INFO - train_bert_mtl_span_attr.py - Training...Epoches: 8, steps: 280, loss: 0.0007, span_acc: 0.9980, attr_acc: 0.9983, micro_p: 0.9945, micro_r: 0.9912, micro_f1: 0.9928
INFO:train_bert_mtl_span_attr.py:Training...Epoches: 8, steps: 280, loss: 0.0007, span_acc: 0.9980, attr_acc: 0.9983, micro_p: 0.9945, micro_r: 0.9912, micro_f1: 0.9928
2020-10-28 14:47:47 - INFO - train_bert_mtl_span_attr.py - === Epoch 8 val ===
INFO:train_bert_mtl_span_attr.py:=== Epoch 8 val ===
2020-10-28 14:47:54 - INFO - train_bert_mtl_span_attr.py - Evaluation result: {'span_acc': 0.9205508474576272, 'attr_acc': 0.899364406779661, 'micro_p': 0.8625954198473282, 'micro_r': 0.8014184397163121, 'micro_f1': 0.8308823529411765}.
INFO:train_bert_mtl_span_attr.py:Evaluation result: {'span_acc': 0.9205508474576272, 'attr_acc': 0.899364406779661, 'micro_p': 0.8625954198473282, 'micro_r': 0.8014184397163121, 'micro_f1': 0.8308823529411765}.
2020-10-28 14:47:54 - INFO - train_bert_mtl_span_attr.py - Metric micro_f1 current / best: 0.8308823529411765 / 0.830493273542601
INFO:train_bert_mtl_span_attr.py:Metric micro_f1 current / best: 0.8308823529411765 / 0.830493273542601
2020-10-28 14:47:54 - INFO - train_bert_mtl_span_attr.py - Best ckpt and saved.
INFO:train_bert_mtl_span_attr.py:Best ckpt and saved.
2020-10-28 14:47:57 - INFO - train_bert_mtl_span_attr.py - === Epoch 9 train ===
INFO:train_bert_mtl_span_attr.py:=== Epoch 9 train ===
2020-10-28 14:48:02 - INFO - train_bert_mtl_span_attr.py - Training...Epoches: 9, steps: 290, loss: 0.0004, span_acc: 0.9939, attr_acc: 0.9969, micro_p: 1.0000, micro_r: 0.9925, micro_f1: 0.9963
INFO:train_bert_mtl_span_attr.py:Training...Epoches: 9, steps: 290, loss: 0.0004, span_acc: 0.9939, attr_acc: 0.9969, micro_p: 1.0000, micro_r: 0.9925, micro_f1: 0.9963
2020-10-28 14:48:23 - INFO - train_bert_mtl_span_attr.py - Training...Epoches: 9, steps: 300, loss: 0.0004, span_acc: 0.9967, attr_acc: 0.9981, micro_p: 0.9989, micro_r: 0.9943, micro_f1: 0.9966
INFO:train_bert_mtl_span_attr.py:Training...Epoches: 9, steps: 300, loss: 0.0004, span_acc: 0.9967, attr_acc: 0.9981, micro_p: 0.9989, micro_r: 0.9943, micro_f1: 0.9966
2020-10-28 14:48:50 - INFO - train_bert_mtl_span_attr.py - Training...Epoches: 9, steps: 310, loss: 0.0006, span_acc: 0.9978, attr_acc: 0.9978, micro_p: 0.9963, micro_r: 0.9926, micro_f1: 0.9944
INFO:train_bert_mtl_span_attr.py:Training...Epoches: 9, steps: 310, loss: 0.0006, span_acc: 0.9978, attr_acc: 0.9978, micro_p: 0.9963, micro_r: 0.9926, micro_f1: 0.9944
2020-10-28 14:49:12 - INFO - train_bert_mtl_span_attr.py - Training...Epoches: 9, steps: 320, loss: 0.0006, span_acc: 0.9980, attr_acc: 0.9981, micro_p: 0.9956, micro_r: 0.9925, micro_f1: 0.9940
INFO:train_bert_mtl_span_attr.py:Training...Epoches: 9, steps: 320, loss: 0.0006, span_acc: 0.9980, attr_acc: 0.9981, micro_p: 0.9956, micro_r: 0.9925, micro_f1: 0.9940
2020-10-28 14:49:12 - INFO - train_bert_mtl_span_attr.py - === Epoch 9 val ===
INFO:train_bert_mtl_span_attr.py:=== Epoch 9 val ===
2020-10-28 14:49:19 - INFO - train_bert_mtl_span_attr.py - Evaluation result: {'span_acc': 0.9247881355932204, 'attr_acc': 0.9028954802259888, 'micro_p': 0.8513011152416357, 'micro_r': 0.8120567375886525, 'micro_f1': 0.8312159709618875}.
INFO:train_bert_mtl_span_attr.py:Evaluation result: {'span_acc': 0.9247881355932204, 'attr_acc': 0.9028954802259888, 'micro_p': 0.8513011152416357, 'micro_r': 0.8120567375886525, 'micro_f1': 0.8312159709618875}.
2020-10-28 14:49:19 - INFO - train_bert_mtl_span_attr.py - Metric micro_f1 current / best: 0.8312159709618875 / 0.8308823529411765
INFO:train_bert_mtl_span_attr.py:Metric micro_f1 current / best: 0.8312159709618875 / 0.8308823529411765
2020-10-28 14:49:19 - INFO - train_bert_mtl_span_attr.py - Best ckpt and saved.
INFO:train_bert_mtl_span_attr.py:Best ckpt and saved.
2020-10-28 14:49:22 - INFO - train_bert_mtl_span_attr.py - === Epoch 10 train ===
INFO:train_bert_mtl_span_attr.py:=== Epoch 10 train ===
2020-10-28 14:49:45 - INFO - train_bert_mtl_span_attr.py - Training...Epoches: 10, steps: 330, loss: 0.0006, span_acc: 0.9932, attr_acc: 0.9937, micro_p: 0.9960, micro_r: 0.9880, micro_f1: 0.9920
INFO:train_bert_mtl_span_attr.py:Training...Epoches: 10, steps: 330, loss: 0.0006, span_acc: 0.9932, attr_acc: 0.9937, micro_p: 0.9960, micro_r: 0.9880, micro_f1: 0.9920
2020-10-28 14:50:04 - INFO - train_bert_mtl_span_attr.py - Training...Epoches: 10, steps: 340, loss: 0.0005, span_acc: 0.9957, attr_acc: 0.9958, micro_p: 0.9965, micro_r: 0.9908, micro_f1: 0.9936
INFO:train_bert_mtl_span_attr.py:Training...Epoches: 10, steps: 340, loss: 0.0005, span_acc: 0.9957, attr_acc: 0.9958, micro_p: 0.9965, micro_r: 0.9908, micro_f1: 0.9936
2020-10-28 14:50:31 - INFO - train_bert_mtl_span_attr.py - Training...Epoches: 10, steps: 350, loss: 0.0007, span_acc: 0.9966, attr_acc: 0.9968, micro_p: 0.9945, micro_r: 0.9904, micro_f1: 0.9925
INFO:train_bert_mtl_span_attr.py:Training...Epoches: 10, steps: 350, loss: 0.0007, span_acc: 0.9966, attr_acc: 0.9968, micro_p: 0.9945, micro_r: 0.9904, micro_f1: 0.9925
2020-10-28 14:50:36 - INFO - train_bert_mtl_span_attr.py - === Epoch 10 val ===
INFO:train_bert_mtl_span_attr.py:=== Epoch 10 val ===
2020-10-28 14:50:43 - INFO - train_bert_mtl_span_attr.py - Evaluation result: {'span_acc': 0.9120762711864406, 'attr_acc': 0.9000706214689266, 'micro_p': 0.8699029126213592, 'micro_r': 0.7943262411347518, 'micro_f1': 0.830398517145505}.
INFO:train_bert_mtl_span_attr.py:Evaluation result: {'span_acc': 0.9120762711864406, 'attr_acc': 0.9000706214689266, 'micro_p': 0.8699029126213592, 'micro_r': 0.7943262411347518, 'micro_f1': 0.830398517145505}.
2020-10-28 14:50:43 - INFO - train_bert_mtl_span_attr.py - Metric micro_f1 current / best: 0.830398517145505 / 0.8312159709618875
INFO:train_bert_mtl_span_attr.py:Metric micro_f1 current / best: 0.830398517145505 / 0.8312159709618875
2020-10-28 14:50:43 - INFO - train_bert_mtl_span_attr.py - === Epoch 11 train ===
INFO:train_bert_mtl_span_attr.py:=== Epoch 11 train ===
2020-10-28 14:50:59 - INFO - train_bert_mtl_span_attr.py - Training...Epoches: 11, steps: 360, loss: 0.0006, span_acc: 0.9954, attr_acc: 0.9968, micro_p: 0.9948, micro_r: 0.9897, micro_f1: 0.9922
INFO:train_bert_mtl_span_attr.py:Training...Epoches: 11, steps: 360, loss: 0.0006, span_acc: 0.9954, attr_acc: 0.9968, micro_p: 0.9948, micro_r: 0.9897, micro_f1: 0.9922
2020-10-28 14:51:24 - INFO - train_bert_mtl_span_attr.py - Training...Epoches: 11, steps: 370, loss: 0.0006, span_acc: 0.9962, attr_acc: 0.9974, micro_p: 0.9946, micro_r: 0.9916, micro_f1: 0.9931
INFO:train_bert_mtl_span_attr.py:Training...Epoches: 11, steps: 370, loss: 0.0006, span_acc: 0.9962, attr_acc: 0.9974, micro_p: 0.9946, micro_r: 0.9916, micro_f1: 0.9931
2020-10-28 14:51:45 - INFO - train_bert_mtl_span_attr.py - Training...Epoches: 11, steps: 380, loss: 0.0007, span_acc: 0.9945, attr_acc: 0.9980, micro_p: 0.9930, micro_r: 0.9881, micro_f1: 0.9906
INFO:train_bert_mtl_span_attr.py:Training...Epoches: 11, steps: 380, loss: 0.0007, span_acc: 0.9945, attr_acc: 0.9980, micro_p: 0.9930, micro_r: 0.9881, micro_f1: 0.9906
2020-10-28 14:51:56 - INFO - train_bert_mtl_span_attr.py - === Epoch 11 val ===
INFO:train_bert_mtl_span_attr.py:=== Epoch 11 val ===
2020-10-28 14:52:04 - INFO - train_bert_mtl_span_attr.py - Evaluation result: {'span_acc': 0.9544491525423728, 'attr_acc': 0.893361581920904, 'micro_p': 0.8017857142857143, 'micro_r': 0.7960992907801419, 'micro_f1': 0.798932384341637}.
INFO:train_bert_mtl_span_attr.py:Evaluation result: {'span_acc': 0.9544491525423728, 'attr_acc': 0.893361581920904, 'micro_p': 0.8017857142857143, 'micro_r': 0.7960992907801419, 'micro_f1': 0.798932384341637}.
2020-10-28 14:52:04 - INFO - train_bert_mtl_span_attr.py - Metric micro_f1 current / best: 0.798932384341637 / 0.8312159709618875
INFO:train_bert_mtl_span_attr.py:Metric micro_f1 current / best: 0.798932384341637 / 0.8312159709618875
2020-10-28 14:52:04 - INFO - train_bert_mtl_span_attr.py - === Epoch 12 train ===
INFO:train_bert_mtl_span_attr.py:=== Epoch 12 train ===
2020-10-28 14:52:21 - INFO - train_bert_mtl_span_attr.py - Training...Epoches: 12, steps: 390, loss: 0.0010, span_acc: 0.9943, attr_acc: 0.9981, micro_p: 0.9930, micro_r: 0.9839, micro_f1: 0.9884
INFO:train_bert_mtl_span_attr.py:Training...Epoches: 12, steps: 390, loss: 0.0010, span_acc: 0.9943, attr_acc: 0.9981, micro_p: 0.9930, micro_r: 0.9839, micro_f1: 0.9884
2020-10-28 14:52:48 - INFO - train_bert_mtl_span_attr.py - Training...Epoches: 12, steps: 400, loss: 0.0011, span_acc: 0.9931, attr_acc: 0.9978, micro_p: 0.9887, micro_r: 0.9811, micro_f1: 0.9849
INFO:train_bert_mtl_span_attr.py:Training...Epoches: 12, steps: 400, loss: 0.0011, span_acc: 0.9931, attr_acc: 0.9978, micro_p: 0.9887, micro_r: 0.9811, micro_f1: 0.9849
2020-10-28 14:53:13 - INFO - train_bert_mtl_span_attr.py - Training...Epoches: 12, steps: 410, loss: 0.0012, span_acc: 0.9926, attr_acc: 0.9972, micro_p: 0.9899, micro_r: 0.9805, micro_f1: 0.9852
INFO:train_bert_mtl_span_attr.py:Training...Epoches: 12, steps: 410, loss: 0.0012, span_acc: 0.9926, attr_acc: 0.9972, micro_p: 0.9899, micro_r: 0.9805, micro_f1: 0.9852
2020-10-28 14:53:27 - INFO - train_bert_mtl_span_attr.py - === Epoch 12 val ===
INFO:train_bert_mtl_span_attr.py:=== Epoch 12 val ===
2020-10-28 14:53:34 - INFO - train_bert_mtl_span_attr.py - Evaluation result: {'span_acc': 0.932909604519774, 'attr_acc': 0.9081920903954802, 'micro_p': 0.843065693430657, 'micro_r': 0.8191489361702128, 'micro_f1': 0.8309352517985611}.
INFO:train_bert_mtl_span_attr.py:Evaluation result: {'span_acc': 0.932909604519774, 'attr_acc': 0.9081920903954802, 'micro_p': 0.843065693430657, 'micro_r': 0.8191489361702128, 'micro_f1': 0.8309352517985611}.
2020-10-28 14:53:34 - INFO - train_bert_mtl_span_attr.py - Metric micro_f1 current / best: 0.8309352517985611 / 0.8312159709618875
INFO:train_bert_mtl_span_attr.py:Metric micro_f1 current / best: 0.8309352517985611 / 0.8312159709618875
2020-10-28 14:53:34 - INFO - train_bert_mtl_span_attr.py - === Epoch 13 train ===
INFO:train_bert_mtl_span_attr.py:=== Epoch 13 train ===
2020-10-28 14:53:42 - INFO - train_bert_mtl_span_attr.py - Training...Epoches: 13, steps: 420, loss: 0.0007, span_acc: 0.9933, attr_acc: 0.9985, micro_p: 0.9960, micro_r: 0.9767, micro_f1: 0.9862
INFO:train_bert_mtl_span_attr.py:Training...Epoches: 13, steps: 420, loss: 0.0007, span_acc: 0.9933, attr_acc: 0.9985, micro_p: 0.9960, micro_r: 0.9767, micro_f1: 0.9862
2020-10-28 14:54:09 - INFO - train_bert_mtl_span_attr.py - Training...Epoches: 13, steps: 430, loss: 0.0008, span_acc: 0.9915, attr_acc: 0.9986, micro_p: 0.9929, micro_r: 0.9770, micro_f1: 0.9849
INFO:train_bert_mtl_span_attr.py:Training...Epoches: 13, steps: 430, loss: 0.0008, span_acc: 0.9915, attr_acc: 0.9986, micro_p: 0.9929, micro_r: 0.9770, micro_f1: 0.9849
2020-10-28 14:54:34 - INFO - train_bert_mtl_span_attr.py - Training...Epoches: 13, steps: 440, loss: 0.0013, span_acc: 0.9917, attr_acc: 0.9986, micro_p: 0.9879, micro_r: 0.9789, micro_f1: 0.9834
INFO:train_bert_mtl_span_attr.py:Training...Epoches: 13, steps: 440, loss: 0.0013, span_acc: 0.9917, attr_acc: 0.9986, micro_p: 0.9879, micro_r: 0.9789, micro_f1: 0.9834
2020-10-28 14:54:55 - INFO - train_bert_mtl_span_attr.py - === Epoch 13 val ===
INFO:train_bert_mtl_span_attr.py:=== Epoch 13 val ===
2020-10-28 14:55:02 - INFO - train_bert_mtl_span_attr.py - Evaluation result: {'span_acc': 0.9484463276836158, 'attr_acc': 0.900776836158192, 'micro_p': 0.7950530035335689, 'micro_r': 0.7978723404255319, 'micro_f1': 0.7964601769911503}.
INFO:train_bert_mtl_span_attr.py:Evaluation result: {'span_acc': 0.9484463276836158, 'attr_acc': 0.900776836158192, 'micro_p': 0.7950530035335689, 'micro_r': 0.7978723404255319, 'micro_f1': 0.7964601769911503}.
2020-10-28 14:55:02 - INFO - train_bert_mtl_span_attr.py - Metric micro_f1 current / best: 0.7964601769911503 / 0.8312159709618875
INFO:train_bert_mtl_span_attr.py:Metric micro_f1 current / best: 0.7964601769911503 / 0.8312159709618875
2020-10-28 14:55:02 - INFO - train_bert_mtl_span_attr.py - === Epoch 14 train ===
INFO:train_bert_mtl_span_attr.py:=== Epoch 14 train ===
2020-10-28 14:55:08 - INFO - train_bert_mtl_span_attr.py - Training...Epoches: 14, steps: 450, loss: 0.0039, span_acc: 0.9932, attr_acc: 1.0000, micro_p: 0.9645, micro_r: 0.9784, micro_f1: 0.9714
INFO:train_bert_mtl_span_attr.py:Training...Epoches: 14, steps: 450, loss: 0.0039, span_acc: 0.9932, attr_acc: 1.0000, micro_p: 0.9645, micro_r: 0.9784, micro_f1: 0.9714
2020-10-28 14:55:35 - INFO - train_bert_mtl_span_attr.py - Training...Epoches: 14, steps: 460, loss: 0.0020, span_acc: 0.9803, attr_acc: 0.9993, micro_p: 0.9828, micro_r: 0.9639, micro_f1: 0.9733
INFO:train_bert_mtl_span_attr.py:Training...Epoches: 14, steps: 460, loss: 0.0020, span_acc: 0.9803, attr_acc: 0.9993, micro_p: 0.9828, micro_r: 0.9639, micro_f1: 0.9733
2020-10-28 14:55:58 - INFO - train_bert_mtl_span_attr.py - Training...Epoches: 14, steps: 470, loss: 0.0018, span_acc: 0.9819, attr_acc: 0.9979, micro_p: 0.9831, micro_r: 0.9661, micro_f1: 0.9745
INFO:train_bert_mtl_span_attr.py:Training...Epoches: 14, steps: 470, loss: 0.0018, span_acc: 0.9819, attr_acc: 0.9979, micro_p: 0.9831, micro_r: 0.9661, micro_f1: 0.9745
2020-10-28 14:56:21 - INFO - train_bert_mtl_span_attr.py - Training...Epoches: 14, steps: 480, loss: 0.0019, span_acc: 0.9824, attr_acc: 0.9975, micro_p: 0.9838, micro_r: 0.9686, micro_f1: 0.9761
INFO:train_bert_mtl_span_attr.py:Training...Epoches: 14, steps: 480, loss: 0.0019, span_acc: 0.9824, attr_acc: 0.9975, micro_p: 0.9838, micro_r: 0.9686, micro_f1: 0.9761
2020-10-28 14:56:22 - INFO - train_bert_mtl_span_attr.py - === Epoch 14 val ===
INFO:train_bert_mtl_span_attr.py:=== Epoch 14 val ===
2020-10-28 14:56:29 - INFO - train_bert_mtl_span_attr.py - Evaluation result: {'span_acc': 0.9427966101694916, 'attr_acc': 0.91454802259887, 'micro_p': 0.8611111111111112, 'micro_r': 0.824468085106383, 'micro_f1': 0.8423913043478262}.
INFO:train_bert_mtl_span_attr.py:Evaluation result: {'span_acc': 0.9427966101694916, 'attr_acc': 0.91454802259887, 'micro_p': 0.8611111111111112, 'micro_r': 0.824468085106383, 'micro_f1': 0.8423913043478262}.
2020-10-28 14:56:29 - INFO - train_bert_mtl_span_attr.py - Metric micro_f1 current / best: 0.8423913043478262 / 0.8312159709618875
INFO:train_bert_mtl_span_attr.py:Metric micro_f1 current / best: 0.8423913043478262 / 0.8312159709618875
2020-10-28 14:56:29 - INFO - train_bert_mtl_span_attr.py - Best ckpt and saved.
INFO:train_bert_mtl_span_attr.py:Best ckpt and saved.
2020-10-28 14:56:31 - INFO - train_bert_mtl_span_attr.py - === Epoch 15 train ===
INFO:train_bert_mtl_span_attr.py:=== Epoch 15 train ===
2020-10-28 14:56:56 - INFO - train_bert_mtl_span_attr.py - Training...Epoches: 15, steps: 490, loss: 0.0018, span_acc: 0.9826, attr_acc: 0.9992, micro_p: 0.9724, micro_r: 0.9648, micro_f1: 0.9686
INFO:train_bert_mtl_span_attr.py:Training...Epoches: 15, steps: 490, loss: 0.0018, span_acc: 0.9826, attr_acc: 0.9992, micro_p: 0.9724, micro_r: 0.9648, micro_f1: 0.9686
2020-10-28 14:57:20 - INFO - train_bert_mtl_span_attr.py - Training...Epoches: 15, steps: 500, loss: 0.0014, span_acc: 0.9884, attr_acc: 0.9996, micro_p: 0.9822, micro_r: 0.9775, micro_f1: 0.9799
INFO:train_bert_mtl_span_attr.py:Training...Epoches: 15, steps: 500, loss: 0.0014, span_acc: 0.9884, attr_acc: 0.9996, micro_p: 0.9822, micro_r: 0.9775, micro_f1: 0.9799
2020-10-28 14:57:46 - INFO - train_bert_mtl_span_attr.py - Training...Epoches: 15, steps: 510, loss: 0.0012, span_acc: 0.9898, attr_acc: 0.9978, micro_p: 0.9842, micro_r: 0.9774, micro_f1: 0.9808
INFO:train_bert_mtl_span_attr.py:Training...Epoches: 15, steps: 510, loss: 0.0012, span_acc: 0.9898, attr_acc: 0.9978, micro_p: 0.9842, micro_r: 0.9774, micro_f1: 0.9808
2020-10-28 14:57:51 - INFO - train_bert_mtl_span_attr.py - === Epoch 15 val ===
INFO:train_bert_mtl_span_attr.py:=== Epoch 15 val ===
2020-10-28 14:57:58 - INFO - train_bert_mtl_span_attr.py - Evaluation result: {'span_acc': 0.934322033898305, 'attr_acc': 0.91454802259887, 'micro_p': 0.8315217391304348, 'micro_r': 0.8138297872340425, 'micro_f1': 0.8225806451612904}.
INFO:train_bert_mtl_span_attr.py:Evaluation result: {'span_acc': 0.934322033898305, 'attr_acc': 0.91454802259887, 'micro_p': 0.8315217391304348, 'micro_r': 0.8138297872340425, 'micro_f1': 0.8225806451612904}.
2020-10-28 14:57:58 - INFO - train_bert_mtl_span_attr.py - Metric micro_f1 current / best: 0.8225806451612904 / 0.8423913043478262
INFO:train_bert_mtl_span_attr.py:Metric micro_f1 current / best: 0.8225806451612904 / 0.8423913043478262
2020-10-28 14:57:59 - INFO - train_bert_mtl_span_attr.py - === Epoch 16 train ===
INFO:train_bert_mtl_span_attr.py:=== Epoch 16 train ===
2020-10-28 14:58:19 - INFO - train_bert_mtl_span_attr.py - Training...Epoches: 16, steps: 520, loss: 0.0007, span_acc: 0.9964, attr_acc: 0.9990, micro_p: 0.9834, micro_r: 0.9866, micro_f1: 0.9850
INFO:train_bert_mtl_span_attr.py:Training...Epoches: 16, steps: 520, loss: 0.0007, span_acc: 0.9964, attr_acc: 0.9990, micro_p: 0.9834, micro_r: 0.9866, micro_f1: 0.9850
2020-10-28 14:58:46 - INFO - train_bert_mtl_span_attr.py - Training...Epoches: 16, steps: 530, loss: 0.0006, span_acc: 0.9968, attr_acc: 0.9994, micro_p: 0.9902, micro_r: 0.9909, micro_f1: 0.9905
INFO:train_bert_mtl_span_attr.py:Training...Epoches: 16, steps: 530, loss: 0.0006, span_acc: 0.9968, attr_acc: 0.9994, micro_p: 0.9902, micro_r: 0.9909, micro_f1: 0.9905
2020-10-28 14:59:09 - INFO - train_bert_mtl_span_attr.py - Training...Epoches: 16, steps: 540, loss: 0.0007, span_acc: 0.9965, attr_acc: 0.9988, micro_p: 0.9903, micro_r: 0.9898, micro_f1: 0.9901
INFO:train_bert_mtl_span_attr.py:Training...Epoches: 16, steps: 540, loss: 0.0007, span_acc: 0.9965, attr_acc: 0.9988, micro_p: 0.9903, micro_r: 0.9898, micro_f1: 0.9901
2020-10-28 14:59:16 - INFO - train_bert_mtl_span_attr.py - === Epoch 16 val ===
INFO:train_bert_mtl_span_attr.py:=== Epoch 16 val ===
2020-10-28 14:59:20 - INFO - train_bert_mtl_span_attr.py - Evaluation result: {'span_acc': 0.9357344632768362, 'attr_acc': 0.8951271186440678, 'micro_p': 0.8280961182994455, 'micro_r': 0.7943262411347518, 'micro_f1': 0.8108597285067874}.
INFO:train_bert_mtl_span_attr.py:Evaluation result: {'span_acc': 0.9357344632768362, 'attr_acc': 0.8951271186440678, 'micro_p': 0.8280961182994455, 'micro_r': 0.7943262411347518, 'micro_f1': 0.8108597285067874}.
2020-10-28 14:59:20 - INFO - train_bert_mtl_span_attr.py - Metric micro_f1 current / best: 0.8108597285067874 / 0.8423913043478262
INFO:train_bert_mtl_span_attr.py:Metric micro_f1 current / best: 0.8108597285067874 / 0.8423913043478262
2020-10-28 14:59:20 - INFO - train_bert_mtl_span_attr.py - === Epoch 17 train ===
INFO:train_bert_mtl_span_attr.py:=== Epoch 17 train ===
2020-10-28 14:59:38 - INFO - train_bert_mtl_span_attr.py - Training...Epoches: 17, steps: 550, loss: 0.0016, span_acc: 0.9971, attr_acc: 0.9904, micro_p: 0.9916, micro_r: 0.9814, micro_f1: 0.9865
INFO:train_bert_mtl_span_attr.py:Training...Epoches: 17, steps: 550, loss: 0.0016, span_acc: 0.9971, attr_acc: 0.9904, micro_p: 0.9916, micro_r: 0.9814, micro_f1: 0.9865
2020-10-28 14:59:58 - INFO - train_bert_mtl_span_attr.py - Training...Epoches: 17, steps: 560, loss: 0.0012, span_acc: 0.9986, attr_acc: 0.9945, micro_p: 0.9938, micro_r: 0.9886, micro_f1: 0.9912
INFO:train_bert_mtl_span_attr.py:Training...Epoches: 17, steps: 560, loss: 0.0012, span_acc: 0.9986, attr_acc: 0.9945, micro_p: 0.9938, micro_r: 0.9886, micro_f1: 0.9912
2020-10-28 15:00:21 - INFO - train_bert_mtl_span_attr.py - Training...Epoches: 17, steps: 570, loss: 0.0012, span_acc: 0.9985, attr_acc: 0.9961, micro_p: 0.9946, micro_r: 0.9887, micro_f1: 0.9916
INFO:train_bert_mtl_span_attr.py:Training...Epoches: 17, steps: 570, loss: 0.0012, span_acc: 0.9985, attr_acc: 0.9961, micro_p: 0.9946, micro_r: 0.9887, micro_f1: 0.9916
2020-10-28 15:00:37 - INFO - train_bert_mtl_span_attr.py - === Epoch 17 val ===
INFO:train_bert_mtl_span_attr.py:=== Epoch 17 val ===
2020-10-28 15:00:44 - INFO - train_bert_mtl_span_attr.py - Evaluation result: {'span_acc': 0.9350282485875706, 'attr_acc': 0.902542372881356, 'micro_p': 0.8598130841121495, 'micro_r': 0.8156028368794326, 'micro_f1': 0.8371246587807097}.
INFO:train_bert_mtl_span_attr.py:Evaluation result: {'span_acc': 0.9350282485875706, 'attr_acc': 0.902542372881356, 'micro_p': 0.8598130841121495, 'micro_r': 0.8156028368794326, 'micro_f1': 0.8371246587807097}.
2020-10-28 15:00:44 - INFO - train_bert_mtl_span_attr.py - Metric micro_f1 current / best: 0.8371246587807097 / 0.8423913043478262
INFO:train_bert_mtl_span_attr.py:Metric micro_f1 current / best: 0.8371246587807097 / 0.8423913043478262
2020-10-28 15:00:44 - INFO - train_bert_mtl_span_attr.py - === Epoch 18 train ===
INFO:train_bert_mtl_span_attr.py:=== Epoch 18 train ===
2020-10-28 15:00:51 - INFO - train_bert_mtl_span_attr.py - Training...Epoches: 18, steps: 580, loss: 0.0011, span_acc: 0.9992, attr_acc: 0.9969, micro_p: 0.9837, micro_r: 0.9877, micro_f1: 0.9857
INFO:train_bert_mtl_span_attr.py:Training...Epoches: 18, steps: 580, loss: 0.0011, span_acc: 0.9992, attr_acc: 0.9969, micro_p: 0.9837, micro_r: 0.9877, micro_f1: 0.9857
2020-10-28 15:01:15 - INFO - train_bert_mtl_span_attr.py - Training...Epoches: 18, steps: 590, loss: 0.0012, span_acc: 0.9983, attr_acc: 0.9957, micro_p: 0.9900, micro_r: 0.9890, micro_f1: 0.9895
INFO:train_bert_mtl_span_attr.py:Training...Epoches: 18, steps: 590, loss: 0.0012, span_acc: 0.9983, attr_acc: 0.9957, micro_p: 0.9900, micro_r: 0.9890, micro_f1: 0.9895
2020-10-28 15:01:40 - INFO - train_bert_mtl_span_attr.py - Training...Epoches: 18, steps: 600, loss: 0.0010, span_acc: 0.9984, attr_acc: 0.9967, micro_p: 0.9925, micro_r: 0.9902, micro_f1: 0.9913
INFO:train_bert_mtl_span_attr.py:Training...Epoches: 18, steps: 600, loss: 0.0010, span_acc: 0.9984, attr_acc: 0.9967, micro_p: 0.9925, micro_r: 0.9902, micro_f1: 0.9913
2020-10-28 15:02:00 - INFO - train_bert_mtl_span_attr.py - === Epoch 18 val ===
INFO:train_bert_mtl_span_attr.py:=== Epoch 18 val ===
2020-10-28 15:02:07 - INFO - train_bert_mtl_span_attr.py - Evaluation result: {'span_acc': 0.9431497175141242, 'attr_acc': 0.9050141242937854, 'micro_p': 0.8468634686346863, 'micro_r': 0.8138297872340425, 'micro_f1': 0.8300180831826401}.
INFO:train_bert_mtl_span_attr.py:Evaluation result: {'span_acc': 0.9431497175141242, 'attr_acc': 0.9050141242937854, 'micro_p': 0.8468634686346863, 'micro_r': 0.8138297872340425, 'micro_f1': 0.8300180831826401}.
2020-10-28 15:02:07 - INFO - train_bert_mtl_span_attr.py - Metric micro_f1 current / best: 0.8300180831826401 / 0.8423913043478262
INFO:train_bert_mtl_span_attr.py:Metric micro_f1 current / best: 0.8300180831826401 / 0.8423913043478262
2020-10-28 15:02:07 - INFO - train_bert_mtl_span_attr.py - === Epoch 19 train ===
INFO:train_bert_mtl_span_attr.py:=== Epoch 19 train ===
2020-10-28 15:02:11 - INFO - train_bert_mtl_span_attr.py - Training...Epoches: 19, steps: 610, loss: 0.0004, span_acc: 0.9957, attr_acc: 1.0000, micro_p: 0.9945, micro_r: 0.9890, micro_f1: 0.9917
INFO:train_bert_mtl_span_attr.py:Training...Epoches: 19, steps: 610, loss: 0.0004, span_acc: 0.9957, attr_acc: 1.0000, micro_p: 0.9945, micro_r: 0.9890, micro_f1: 0.9917
2020-10-28 15:02:33 - INFO - train_bert_mtl_span_attr.py - Training...Epoches: 19, steps: 620, loss: 0.0008, span_acc: 0.9987, attr_acc: 0.9955, micro_p: 0.9943, micro_r: 0.9863, micro_f1: 0.9903
INFO:train_bert_mtl_span_attr.py:Training...Epoches: 19, steps: 620, loss: 0.0008, span_acc: 0.9987, attr_acc: 0.9955, micro_p: 0.9943, micro_r: 0.9863, micro_f1: 0.9903
2020-10-28 15:02:52 - INFO - train_bert_mtl_span_attr.py - Training...Epoches: 19, steps: 630, loss: 0.0010, span_acc: 0.9992, attr_acc: 0.9947, micro_p: 0.9954, micro_r: 0.9882, micro_f1: 0.9918
INFO:train_bert_mtl_span_attr.py:Training...Epoches: 19, steps: 630, loss: 0.0010, span_acc: 0.9992, attr_acc: 0.9947, micro_p: 0.9954, micro_r: 0.9882, micro_f1: 0.9918
2020-10-28 15:03:19 - INFO - train_bert_mtl_span_attr.py - Training...Epoches: 19, steps: 640, loss: 0.0016, span_acc: 0.9995, attr_acc: 0.9911, micro_p: 0.9928, micro_r: 0.9827, micro_f1: 0.9878
INFO:train_bert_mtl_span_attr.py:Training...Epoches: 19, steps: 640, loss: 0.0016, span_acc: 0.9995, attr_acc: 0.9911, micro_p: 0.9928, micro_r: 0.9827, micro_f1: 0.9878
2020-10-28 15:03:20 - INFO - train_bert_mtl_span_attr.py - === Epoch 19 val ===
INFO:train_bert_mtl_span_attr.py:=== Epoch 19 val ===
2020-10-28 15:03:26 - INFO - train_bert_mtl_span_attr.py - Evaluation result: {'span_acc': 0.919138418079096, 'attr_acc': 0.9103107344632768, 'micro_p': 0.8547169811320755, 'micro_r': 0.8031914893617021, 'micro_f1': 0.8281535648994516}.
INFO:train_bert_mtl_span_attr.py:Evaluation result: {'span_acc': 0.919138418079096, 'attr_acc': 0.9103107344632768, 'micro_p': 0.8547169811320755, 'micro_r': 0.8031914893617021, 'micro_f1': 0.8281535648994516}.
2020-10-28 15:03:26 - INFO - train_bert_mtl_span_attr.py - Metric micro_f1 current / best: 0.8281535648994516 / 0.8423913043478262
INFO:train_bert_mtl_span_attr.py:Metric micro_f1 current / best: 0.8281535648994516 / 0.8423913043478262
2020-10-28 15:03:26 - INFO - train_bert_mtl_span_attr.py - Best micro_f1 on val set: 0.842391
INFO:train_bert_mtl_span_attr.py:Best micro_f1 on val set: 0.842391
2020-10-28 15:03:35 - INFO - train_bert_mtl_span_attr.py - Evaluation result: {'span_acc': 0.9427966101694916, 'attr_acc': 0.91454802259887, 'micro_p': 0.8611111111111112, 'micro_r': 0.824468085106383, 'micro_f1': 0.8423913043478262}.
INFO:train_bert_mtl_span_attr.py:Evaluation result: {'span_acc': 0.9427966101694916, 'attr_acc': 0.91454802259887, 'micro_p': 0.8611111111111112, 'micro_r': 0.824468085106383, 'micro_f1': 0.8423913043478262}.
