nohup: ignoring input
2020-10-27 22:43:49.310953: I tensorflow/stream_executor/platform/default/dso_loader.cc:48] Successfully opened dynamic library libcudart.so.10.1
2020-10-27 22:43:54 - INFO - train_bert_crf.py - running train_bert_crf.py --pretrain_path /home/liujian/NLP/corpus/transformers/hfl-chinese-bert-wwm-ext --metric micro_f1 --dataset policy --tagscheme bio --use_lstm --use_crf --batch_size 16 --lr 1e-3 --bert_lr 3e-5 --weight_decay 0 --warmup_step 0 --max_length 256 --max_epoch 20 --optimizer adam
train_bert_crf.py:109: DeprecationWarning: The 'warn' method is deprecated, use 'warning' instead
  logger.warn("Val file {} does not exist! Use test file instead".format(args.val_file))
2020-10-27 22:43:54 - WARNING - train_bert_crf.py - Val file /home/liujian/VSCode/AIPolicy/input/benchmark/ner/policy/val.char.bio does not exist! Use test file instead
2020-10-27 22:43:54 - INFO - train_bert_crf.py - Arguments:
2020-10-27 22:43:54 - INFO - train_bert_crf.py - pretrain_path: /home/liujian/NLP/corpus/transformers/hfl-chinese-bert-wwm-ext
2020-10-27 22:43:54 - INFO - train_bert_crf.py - ckpt: policy_bio_bert_lstm_crf
2020-10-27 22:43:54 - INFO - train_bert_crf.py - only_test: False
2020-10-27 22:43:54 - INFO - train_bert_crf.py - use_lstm: True
2020-10-27 22:43:54 - INFO - train_bert_crf.py - use_crf: True
2020-10-27 22:43:54 - INFO - train_bert_crf.py - tagscheme: bio
2020-10-27 22:43:54 - INFO - train_bert_crf.py - metric: micro_f1
2020-10-27 22:43:54 - INFO - train_bert_crf.py - dataset: policy
2020-10-27 22:43:54 - INFO - train_bert_crf.py - train_file: /home/liujian/VSCode/AIPolicy/input/benchmark/ner/policy/train.char.bio
2020-10-27 22:43:54 - INFO - train_bert_crf.py - val_file: /home/liujian/VSCode/AIPolicy/input/benchmark/ner/policy/test.char.bio
2020-10-27 22:43:54 - INFO - train_bert_crf.py - test_file: /home/liujian/VSCode/AIPolicy/input/benchmark/ner/policy/test.char.bio
2020-10-27 22:43:54 - INFO - train_bert_crf.py - tag2id_file: /home/liujian/VSCode/AIPolicy/input/benchmark/ner/policy/tag2id.bio
2020-10-27 22:43:54 - INFO - train_bert_crf.py - batch_size: 16
2020-10-27 22:43:54 - INFO - train_bert_crf.py - lr: 0.001
2020-10-27 22:43:54 - INFO - train_bert_crf.py - bert_lr: 3e-05
2020-10-27 22:43:54 - INFO - train_bert_crf.py - optimizer: adam
2020-10-27 22:43:54 - INFO - train_bert_crf.py - weight_decay: 0.0
2020-10-27 22:43:54 - INFO - train_bert_crf.py - warmup_step: 0
2020-10-27 22:43:54 - INFO - train_bert_crf.py - max_length: 256
2020-10-27 22:43:54 - INFO - train_bert_crf.py - max_epoch: 20
2020-10-27 22:45:02 - INFO - train_bert_crf.py - === Epoch 0 train ===
INFO:train_bert_crf.py:=== Epoch 0 train ===
2020-10-27 22:46:52 - INFO - train_bert_crf.py - Training...Epoches: 0, steps: 5, loss: 2.5576, acc: 0.0076, micro_p: 0.0000, micro_r: 0.0000, micro_f1: 0.0000
INFO:train_bert_crf.py:Training...Epoches: 0, steps: 5, loss: 2.5576, acc: 0.0076, micro_p: 0.0000, micro_r: 0.0000, micro_f1: 0.0000
2020-10-27 22:48:43 - INFO - train_bert_crf.py - Training...Epoches: 0, steps: 10, loss: 2.1311, acc: 0.1479, micro_p: 0.0000, micro_r: 0.0000, micro_f1: 0.0000
INFO:train_bert_crf.py:Training...Epoches: 0, steps: 10, loss: 2.1311, acc: 0.1479, micro_p: 0.0000, micro_r: 0.0000, micro_f1: 0.0000
2020-10-27 22:50:18 - INFO - train_bert_crf.py - Training...Epoches: 0, steps: 15, loss: 1.8433, acc: 0.1982, micro_p: 0.0027, micro_r: 0.0009, micro_f1: 0.0014
INFO:train_bert_crf.py:Training...Epoches: 0, steps: 15, loss: 1.8433, acc: 0.1982, micro_p: 0.0027, micro_r: 0.0009, micro_f1: 0.0014
2020-10-27 22:51:46 - INFO - train_bert_crf.py - Training...Epoches: 0, steps: 20, loss: 1.6090, acc: 0.2659, micro_p: 0.0857, micro_r: 0.0252, micro_f1: 0.0389
INFO:train_bert_crf.py:Training...Epoches: 0, steps: 20, loss: 1.6090, acc: 0.2659, micro_p: 0.0857, micro_r: 0.0252, micro_f1: 0.0389
2020-10-27 22:53:17 - INFO - train_bert_crf.py - Training...Epoches: 0, steps: 25, loss: 1.4218, acc: 0.3284, micro_p: 0.1960, micro_r: 0.0603, micro_f1: 0.0923
INFO:train_bert_crf.py:Training...Epoches: 0, steps: 25, loss: 1.4218, acc: 0.3284, micro_p: 0.1960, micro_r: 0.0603, micro_f1: 0.0923
2020-10-27 22:55:04 - INFO - train_bert_crf.py - Training...Epoches: 0, steps: 30, loss: 1.2876, acc: 0.3887, micro_p: 0.3243, micro_r: 0.1202, micro_f1: 0.1754
INFO:train_bert_crf.py:Training...Epoches: 0, steps: 30, loss: 1.2876, acc: 0.3887, micro_p: 0.3243, micro_r: 0.1202, micro_f1: 0.1754
2020-10-27 22:55:51 - INFO - train_bert_crf.py - === Epoch 0 val ===
INFO:train_bert_crf.py:=== Epoch 0 val ===
2020-10-27 22:56:55 - INFO - train_bert_crf.py - Evaluation result: {'acc': 0.7213983050847458, 'micro_p': 0.7208791208791209, 'micro_r': 0.5815602836879432, 'micro_f1': 0.6437684003925418}.
INFO:train_bert_crf.py:Evaluation result: {'acc': 0.7213983050847458, 'micro_p': 0.7208791208791209, 'micro_r': 0.5815602836879432, 'micro_f1': 0.6437684003925418}.
2020-10-27 22:56:55 - INFO - train_bert_crf.py - Metric micro_f1 current / best: 0.6437684003925418 / 0
INFO:train_bert_crf.py:Metric micro_f1 current / best: 0.6437684003925418 / 0
2020-10-27 22:56:55 - INFO - train_bert_crf.py - Best ckpt and saved.
INFO:train_bert_crf.py:Best ckpt and saved.
2020-10-27 22:57:28 - INFO - train_bert_crf.py - === Epoch 1 train ===
INFO:train_bert_crf.py:=== Epoch 1 train ===
2020-10-27 22:58:37 - INFO - train_bert_crf.py - Training...Epoches: 1, steps: 35, loss: 0.5314, acc: 0.5800, micro_p: 0.6863, micro_r: 0.4545, micro_f1: 0.5469
INFO:train_bert_crf.py:Training...Epoches: 1, steps: 35, loss: 0.5314, acc: 0.5800, micro_p: 0.6863, micro_r: 0.4545, micro_f1: 0.5469
2020-10-27 23:00:29 - INFO - train_bert_crf.py - Training...Epoches: 1, steps: 40, loss: 0.4704, acc: 0.7225, micro_p: 0.6880, micro_r: 0.5559, micro_f1: 0.6150
INFO:train_bert_crf.py:Training...Epoches: 1, steps: 40, loss: 0.4704, acc: 0.7225, micro_p: 0.6880, micro_r: 0.5559, micro_f1: 0.6150
2020-10-27 23:01:56 - INFO - train_bert_crf.py - Training...Epoches: 1, steps: 45, loss: 0.4357, acc: 0.7360, micro_p: 0.6833, micro_r: 0.5609, micro_f1: 0.6161
INFO:train_bert_crf.py:Training...Epoches: 1, steps: 45, loss: 0.4357, acc: 0.7360, micro_p: 0.6833, micro_r: 0.5609, micro_f1: 0.6161
2020-10-27 23:03:26 - INFO - train_bert_crf.py - Training...Epoches: 1, steps: 50, loss: 0.4104, acc: 0.7537, micro_p: 0.6912, micro_r: 0.5881, micro_f1: 0.6355
INFO:train_bert_crf.py:Training...Epoches: 1, steps: 50, loss: 0.4104, acc: 0.7537, micro_p: 0.6912, micro_r: 0.5881, micro_f1: 0.6355
2020-10-27 23:04:51 - INFO - train_bert_crf.py - Training...Epoches: 1, steps: 55, loss: 0.3988, acc: 0.7598, micro_p: 0.7043, micro_r: 0.6077, micro_f1: 0.6524
INFO:train_bert_crf.py:Training...Epoches: 1, steps: 55, loss: 0.3988, acc: 0.7598, micro_p: 0.7043, micro_r: 0.6077, micro_f1: 0.6524
2020-10-27 23:06:29 - INFO - train_bert_crf.py - Training...Epoches: 1, steps: 60, loss: 0.3848, acc: 0.7689, micro_p: 0.7097, micro_r: 0.6230, micro_f1: 0.6635
INFO:train_bert_crf.py:Training...Epoches: 1, steps: 60, loss: 0.3848, acc: 0.7689, micro_p: 0.7097, micro_r: 0.6230, micro_f1: 0.6635
2020-10-27 23:07:50 - INFO - train_bert_crf.py - === Epoch 1 val ===
INFO:train_bert_crf.py:=== Epoch 1 val ===
2020-10-27 23:08:53 - INFO - train_bert_crf.py - Evaluation result: {'acc': 0.8343926553672316, 'micro_p': 0.7619047619047619, 'micro_r': 0.7092198581560284, 'micro_f1': 0.7346189164370981}.
INFO:train_bert_crf.py:Evaluation result: {'acc': 0.8343926553672316, 'micro_p': 0.7619047619047619, 'micro_r': 0.7092198581560284, 'micro_f1': 0.7346189164370981}.
2020-10-27 23:08:53 - INFO - train_bert_crf.py - Metric micro_f1 current / best: 0.7346189164370981 / 0.6437684003925418
INFO:train_bert_crf.py:Metric micro_f1 current / best: 0.7346189164370981 / 0.6437684003925418
2020-10-27 23:08:53 - INFO - train_bert_crf.py - Best ckpt and saved.
INFO:train_bert_crf.py:Best ckpt and saved.
2020-10-27 23:09:30 - INFO - train_bert_crf.py - === Epoch 2 train ===
INFO:train_bert_crf.py:=== Epoch 2 train ===
2020-10-27 23:09:54 - INFO - train_bert_crf.py - Training...Epoches: 2, steps: 65, loss: 0.3645, acc: 0.7050, micro_p: 0.7593, micro_r: 0.6029, micro_f1: 0.6721
INFO:train_bert_crf.py:Training...Epoches: 2, steps: 65, loss: 0.3645, acc: 0.7050, micro_p: 0.7593, micro_r: 0.6029, micro_f1: 0.6721
2020-10-27 23:11:43 - INFO - train_bert_crf.py - Training...Epoches: 2, steps: 70, loss: 0.2551, acc: 0.8422, micro_p: 0.7778, micro_r: 0.7183, micro_f1: 0.7469
INFO:train_bert_crf.py:Training...Epoches: 2, steps: 70, loss: 0.2551, acc: 0.8422, micro_p: 0.7778, micro_r: 0.7183, micro_f1: 0.7469
2020-10-27 23:13:20 - INFO - train_bert_crf.py - Training...Epoches: 2, steps: 75, loss: 0.2071, acc: 0.8743, micro_p: 0.8098, micro_r: 0.7591, micro_f1: 0.7837
INFO:train_bert_crf.py:Training...Epoches: 2, steps: 75, loss: 0.2071, acc: 0.8743, micro_p: 0.8098, micro_r: 0.7591, micro_f1: 0.7837
2020-10-27 23:14:58 - INFO - train_bert_crf.py - Training...Epoches: 2, steps: 80, loss: 0.1855, acc: 0.8805, micro_p: 0.8160, micro_r: 0.7710, micro_f1: 0.7928
INFO:train_bert_crf.py:Training...Epoches: 2, steps: 80, loss: 0.1855, acc: 0.8805, micro_p: 0.8160, micro_r: 0.7710, micro_f1: 0.7928
2020-10-27 23:16:35 - INFO - train_bert_crf.py - Training...Epoches: 2, steps: 85, loss: 0.1767, acc: 0.8896, micro_p: 0.8149, micro_r: 0.7822, micro_f1: 0.7983
INFO:train_bert_crf.py:Training...Epoches: 2, steps: 85, loss: 0.1767, acc: 0.8896, micro_p: 0.8149, micro_r: 0.7822, micro_f1: 0.7983
2020-10-27 23:17:33 - INFO - train_bert_crf.py - Training...Epoches: 2, steps: 90, loss: 0.1762, acc: 0.8892, micro_p: 0.8183, micro_r: 0.7823, micro_f1: 0.7999
INFO:train_bert_crf.py:Training...Epoches: 2, steps: 90, loss: 0.1762, acc: 0.8892, micro_p: 0.8183, micro_r: 0.7823, micro_f1: 0.7999
2020-10-27 23:17:43 - INFO - train_bert_crf.py - Training...Epoches: 2, steps: 95, loss: 0.1726, acc: 0.8991, micro_p: 0.8194, micro_r: 0.7937, micro_f1: 0.8063
INFO:train_bert_crf.py:Training...Epoches: 2, steps: 95, loss: 0.1726, acc: 0.8991, micro_p: 0.8194, micro_r: 0.7937, micro_f1: 0.8063
2020-10-27 23:17:45 - INFO - train_bert_crf.py - === Epoch 2 val ===
INFO:train_bert_crf.py:=== Epoch 2 val ===
2020-10-27 23:17:50 - INFO - train_bert_crf.py - Evaluation result: {'acc': 0.8407485875706214, 'micro_p': 0.7923076923076923, 'micro_r': 0.7304964539007093, 'micro_f1': 0.7601476014760147}.
INFO:train_bert_crf.py:Evaluation result: {'acc': 0.8407485875706214, 'micro_p': 0.7923076923076923, 'micro_r': 0.7304964539007093, 'micro_f1': 0.7601476014760147}.
2020-10-27 23:17:50 - INFO - train_bert_crf.py - Metric micro_f1 current / best: 0.7601476014760147 / 0.7346189164370981
INFO:train_bert_crf.py:Metric micro_f1 current / best: 0.7601476014760147 / 0.7346189164370981
2020-10-27 23:17:50 - INFO - train_bert_crf.py - Best ckpt and saved.
INFO:train_bert_crf.py:Best ckpt and saved.
2020-10-27 23:17:53 - INFO - train_bert_crf.py - === Epoch 3 train ===
INFO:train_bert_crf.py:=== Epoch 3 train ===
2020-10-27 23:17:59 - INFO - train_bert_crf.py - Training...Epoches: 3, steps: 100, loss: 0.1294, acc: 0.9024, micro_p: 0.8884, micro_r: 0.8051, micro_f1: 0.8447
INFO:train_bert_crf.py:Training...Epoches: 3, steps: 100, loss: 0.1294, acc: 0.9024, micro_p: 0.8884, micro_r: 0.8051, micro_f1: 0.8447
2020-10-27 23:18:09 - INFO - train_bert_crf.py - Training...Epoches: 3, steps: 105, loss: 0.1146, acc: 0.9233, micro_p: 0.8693, micro_r: 0.8303, micro_f1: 0.8494
INFO:train_bert_crf.py:Training...Epoches: 3, steps: 105, loss: 0.1146, acc: 0.9233, micro_p: 0.8693, micro_r: 0.8303, micro_f1: 0.8494
2020-10-27 23:18:54 - INFO - train_bert_crf.py - Training...Epoches: 3, steps: 110, loss: 0.1141, acc: 0.9301, micro_p: 0.8727, micro_r: 0.8388, micro_f1: 0.8554
INFO:train_bert_crf.py:Training...Epoches: 3, steps: 110, loss: 0.1141, acc: 0.9301, micro_p: 0.8727, micro_r: 0.8388, micro_f1: 0.8554
2020-10-27 23:20:31 - INFO - train_bert_crf.py - Training...Epoches: 3, steps: 115, loss: 0.1049, acc: 0.9371, micro_p: 0.8724, micro_r: 0.8492, micro_f1: 0.8607
INFO:train_bert_crf.py:Training...Epoches: 3, steps: 115, loss: 0.1049, acc: 0.9371, micro_p: 0.8724, micro_r: 0.8492, micro_f1: 0.8607
2020-10-27 23:22:15 - INFO - train_bert_crf.py - Training...Epoches: 3, steps: 120, loss: 0.1021, acc: 0.9403, micro_p: 0.8725, micro_r: 0.8534, micro_f1: 0.8629
INFO:train_bert_crf.py:Training...Epoches: 3, steps: 120, loss: 0.1021, acc: 0.9403, micro_p: 0.8725, micro_r: 0.8534, micro_f1: 0.8629
2020-10-27 23:23:57 - INFO - train_bert_crf.py - Training...Epoches: 3, steps: 125, loss: 0.1006, acc: 0.9396, micro_p: 0.8761, micro_r: 0.8560, micro_f1: 0.8659
INFO:train_bert_crf.py:Training...Epoches: 3, steps: 125, loss: 0.1006, acc: 0.9396, micro_p: 0.8761, micro_r: 0.8560, micro_f1: 0.8659
2020-10-27 23:24:59 - INFO - train_bert_crf.py - === Epoch 3 val ===
INFO:train_bert_crf.py:=== Epoch 3 val ===
2020-10-27 23:26:02 - INFO - train_bert_crf.py - Evaluation result: {'acc': 0.9120762711864406, 'micro_p': 0.803082191780822, 'micro_r': 0.8315602836879432, 'micro_f1': 0.8170731707317074}.
INFO:train_bert_crf.py:Evaluation result: {'acc': 0.9120762711864406, 'micro_p': 0.803082191780822, 'micro_r': 0.8315602836879432, 'micro_f1': 0.8170731707317074}.
2020-10-27 23:26:02 - INFO - train_bert_crf.py - Metric micro_f1 current / best: 0.8170731707317074 / 0.7601476014760147
INFO:train_bert_crf.py:Metric micro_f1 current / best: 0.8170731707317074 / 0.7601476014760147
2020-10-27 23:26:02 - INFO - train_bert_crf.py - Best ckpt and saved.
INFO:train_bert_crf.py:Best ckpt and saved.
2020-10-27 23:26:38 - INFO - train_bert_crf.py - === Epoch 4 train ===
INFO:train_bert_crf.py:=== Epoch 4 train ===
2020-10-27 23:27:20 - INFO - train_bert_crf.py - Training...Epoches: 4, steps: 130, loss: 0.0493, acc: 0.9781, micro_p: 0.8896, micro_r: 0.9295, micro_f1: 0.9091
INFO:train_bert_crf.py:Training...Epoches: 4, steps: 130, loss: 0.0493, acc: 0.9781, micro_p: 0.8896, micro_r: 0.9295, micro_f1: 0.9091
2020-10-27 23:28:50 - INFO - train_bert_crf.py - Training...Epoches: 4, steps: 135, loss: 0.0661, acc: 0.9584, micro_p: 0.9016, micro_r: 0.8893, micro_f1: 0.8954
INFO:train_bert_crf.py:Training...Epoches: 4, steps: 135, loss: 0.0661, acc: 0.9584, micro_p: 0.9016, micro_r: 0.8893, micro_f1: 0.8954
2020-10-27 23:30:35 - INFO - train_bert_crf.py - Training...Epoches: 4, steps: 140, loss: 0.0662, acc: 0.9662, micro_p: 0.9004, micro_r: 0.9004, micro_f1: 0.9004
INFO:train_bert_crf.py:Training...Epoches: 4, steps: 140, loss: 0.0662, acc: 0.9662, micro_p: 0.9004, micro_r: 0.9004, micro_f1: 0.9004
2020-10-27 23:32:11 - INFO - train_bert_crf.py - Training...Epoches: 4, steps: 145, loss: 0.0623, acc: 0.9661, micro_p: 0.8998, micro_r: 0.9012, micro_f1: 0.9005
INFO:train_bert_crf.py:Training...Epoches: 4, steps: 145, loss: 0.0623, acc: 0.9661, micro_p: 0.8998, micro_r: 0.9012, micro_f1: 0.9005
2020-10-27 23:33:48 - INFO - train_bert_crf.py - Training...Epoches: 4, steps: 150, loss: 0.0595, acc: 0.9659, micro_p: 0.9012, micro_r: 0.9012, micro_f1: 0.9012
INFO:train_bert_crf.py:Training...Epoches: 4, steps: 150, loss: 0.0595, acc: 0.9659, micro_p: 0.9012, micro_r: 0.9012, micro_f1: 0.9012
2020-10-27 23:35:25 - INFO - train_bert_crf.py - Training...Epoches: 4, steps: 155, loss: 0.0589, acc: 0.9698, micro_p: 0.9083, micro_r: 0.9102, micro_f1: 0.9092
INFO:train_bert_crf.py:Training...Epoches: 4, steps: 155, loss: 0.0589, acc: 0.9698, micro_p: 0.9083, micro_r: 0.9102, micro_f1: 0.9092
2020-10-27 23:36:57 - INFO - train_bert_crf.py - Training...Epoches: 4, steps: 160, loss: 0.0577, acc: 0.9686, micro_p: 0.9100, micro_r: 0.9080, micro_f1: 0.9090
INFO:train_bert_crf.py:Training...Epoches: 4, steps: 160, loss: 0.0577, acc: 0.9686, micro_p: 0.9100, micro_r: 0.9080, micro_f1: 0.9090
2020-10-27 23:37:06 - INFO - train_bert_crf.py - === Epoch 4 val ===
INFO:train_bert_crf.py:=== Epoch 4 val ===
2020-10-27 23:38:10 - INFO - train_bert_crf.py - Evaluation result: {'acc': 0.8951271186440678, 'micro_p': 0.8330341113105925, 'micro_r': 0.8226950354609929, 'micro_f1': 0.8278322925958965}.
INFO:train_bert_crf.py:Evaluation result: {'acc': 0.8951271186440678, 'micro_p': 0.8330341113105925, 'micro_r': 0.8226950354609929, 'micro_f1': 0.8278322925958965}.
2020-10-27 23:38:10 - INFO - train_bert_crf.py - Metric micro_f1 current / best: 0.8278322925958965 / 0.8170731707317074
INFO:train_bert_crf.py:Metric micro_f1 current / best: 0.8278322925958965 / 0.8170731707317074
2020-10-27 23:38:10 - INFO - train_bert_crf.py - Best ckpt and saved.
INFO:train_bert_crf.py:Best ckpt and saved.
2020-10-27 23:38:45 - INFO - train_bert_crf.py - === Epoch 5 train ===
INFO:train_bert_crf.py:=== Epoch 5 train ===
2020-10-27 23:40:24 - INFO - train_bert_crf.py - Training...Epoches: 5, steps: 165, loss: 0.0477, acc: 0.9748, micro_p: 0.9322, micro_r: 0.9392, micro_f1: 0.9357
INFO:train_bert_crf.py:Training...Epoches: 5, steps: 165, loss: 0.0477, acc: 0.9748, micro_p: 0.9322, micro_r: 0.9392, micro_f1: 0.9357
2020-10-27 23:41:56 - INFO - train_bert_crf.py - Training...Epoches: 5, steps: 170, loss: 0.0375, acc: 0.9808, micro_p: 0.9466, micro_r: 0.9479, micro_f1: 0.9473
INFO:train_bert_crf.py:Training...Epoches: 5, steps: 170, loss: 0.0375, acc: 0.9808, micro_p: 0.9466, micro_r: 0.9479, micro_f1: 0.9473
2020-10-27 23:43:38 - INFO - train_bert_crf.py - Training...Epoches: 5, steps: 175, loss: 0.0347, acc: 0.9810, micro_p: 0.9507, micro_r: 0.9430, micro_f1: 0.9468
INFO:train_bert_crf.py:Training...Epoches: 5, steps: 175, loss: 0.0347, acc: 0.9810, micro_p: 0.9507, micro_r: 0.9430, micro_f1: 0.9468
2020-10-27 23:45:14 - INFO - train_bert_crf.py - Training...Epoches: 5, steps: 180, loss: 0.0369, acc: 0.9810, micro_p: 0.9504, micro_r: 0.9471, micro_f1: 0.9488
INFO:train_bert_crf.py:Training...Epoches: 5, steps: 180, loss: 0.0369, acc: 0.9810, micro_p: 0.9504, micro_r: 0.9471, micro_f1: 0.9488
2020-10-27 23:46:54 - INFO - train_bert_crf.py - Training...Epoches: 5, steps: 185, loss: 0.0380, acc: 0.9808, micro_p: 0.9496, micro_r: 0.9443, micro_f1: 0.9470
INFO:train_bert_crf.py:Training...Epoches: 5, steps: 185, loss: 0.0380, acc: 0.9808, micro_p: 0.9496, micro_r: 0.9443, micro_f1: 0.9470
2020-10-27 23:48:37 - INFO - train_bert_crf.py - Training...Epoches: 5, steps: 190, loss: 0.0383, acc: 0.9794, micro_p: 0.9433, micro_r: 0.9415, micro_f1: 0.9424
INFO:train_bert_crf.py:Training...Epoches: 5, steps: 190, loss: 0.0383, acc: 0.9794, micro_p: 0.9433, micro_r: 0.9415, micro_f1: 0.9424
2020-10-27 23:49:26 - INFO - train_bert_crf.py - === Epoch 5 val ===
INFO:train_bert_crf.py:=== Epoch 5 val ===
2020-10-27 23:50:29 - INFO - train_bert_crf.py - Evaluation result: {'acc': 0.9110169491525424, 'micro_p': 0.8295254833040422, 'micro_r': 0.8368794326241135, 'micro_f1': 0.8331862312444838}.
INFO:train_bert_crf.py:Evaluation result: {'acc': 0.9110169491525424, 'micro_p': 0.8295254833040422, 'micro_r': 0.8368794326241135, 'micro_f1': 0.8331862312444838}.
2020-10-27 23:50:29 - INFO - train_bert_crf.py - Metric micro_f1 current / best: 0.8331862312444838 / 0.8278322925958965
INFO:train_bert_crf.py:Metric micro_f1 current / best: 0.8331862312444838 / 0.8278322925958965
2020-10-27 23:50:29 - INFO - train_bert_crf.py - Best ckpt and saved.
INFO:train_bert_crf.py:Best ckpt and saved.
2020-10-27 23:51:05 - INFO - train_bert_crf.py - === Epoch 6 train ===
INFO:train_bert_crf.py:=== Epoch 6 train ===
2020-10-27 23:52:17 - INFO - train_bert_crf.py - Training...Epoches: 6, steps: 195, loss: 0.0224, acc: 0.9954, micro_p: 0.9607, micro_r: 0.9607, micro_f1: 0.9607
INFO:train_bert_crf.py:Training...Epoches: 6, steps: 195, loss: 0.0224, acc: 0.9954, micro_p: 0.9607, micro_r: 0.9607, micro_f1: 0.9607
2020-10-27 23:53:57 - INFO - train_bert_crf.py - Training...Epoches: 6, steps: 200, loss: 0.0337, acc: 0.9832, micro_p: 0.9561, micro_r: 0.9423, micro_f1: 0.9492
INFO:train_bert_crf.py:Training...Epoches: 6, steps: 200, loss: 0.0337, acc: 0.9832, micro_p: 0.9561, micro_r: 0.9423, micro_f1: 0.9492
2020-10-27 23:55:43 - INFO - train_bert_crf.py - Training...Epoches: 6, steps: 205, loss: 0.0361, acc: 0.9774, micro_p: 0.9397, micro_r: 0.9351, micro_f1: 0.9374
INFO:train_bert_crf.py:Training...Epoches: 6, steps: 205, loss: 0.0361, acc: 0.9774, micro_p: 0.9397, micro_r: 0.9351, micro_f1: 0.9374
2020-10-27 23:57:17 - INFO - train_bert_crf.py - Training...Epoches: 6, steps: 210, loss: 0.0329, acc: 0.9802, micro_p: 0.9442, micro_r: 0.9420, micro_f1: 0.9431
INFO:train_bert_crf.py:Training...Epoches: 6, steps: 210, loss: 0.0329, acc: 0.9802, micro_p: 0.9442, micro_r: 0.9420, micro_f1: 0.9431
2020-10-27 23:58:50 - INFO - train_bert_crf.py - Training...Epoches: 6, steps: 215, loss: 0.0333, acc: 0.9813, micro_p: 0.9420, micro_r: 0.9409, micro_f1: 0.9415
INFO:train_bert_crf.py:Training...Epoches: 6, steps: 215, loss: 0.0333, acc: 0.9813, micro_p: 0.9420, micro_r: 0.9409, micro_f1: 0.9415
2020-10-28 00:00:22 - INFO - train_bert_crf.py - Training...Epoches: 6, steps: 220, loss: 0.0326, acc: 0.9814, micro_p: 0.9429, micro_r: 0.9429, micro_f1: 0.9429
INFO:train_bert_crf.py:Training...Epoches: 6, steps: 220, loss: 0.0326, acc: 0.9814, micro_p: 0.9429, micro_r: 0.9429, micro_f1: 0.9429
2020-10-28 00:01:38 - INFO - train_bert_crf.py - === Epoch 6 val ===
INFO:train_bert_crf.py:=== Epoch 6 val ===
2020-10-28 00:02:43 - INFO - train_bert_crf.py - Evaluation result: {'acc': 0.8986581920903954, 'micro_p': 0.8247787610619469, 'micro_r': 0.8262411347517731, 'micro_f1': 0.8255093002657219}.
INFO:train_bert_crf.py:Evaluation result: {'acc': 0.8986581920903954, 'micro_p': 0.8247787610619469, 'micro_r': 0.8262411347517731, 'micro_f1': 0.8255093002657219}.
2020-10-28 00:02:43 - INFO - train_bert_crf.py - Metric micro_f1 current / best: 0.8255093002657219 / 0.8331862312444838
INFO:train_bert_crf.py:Metric micro_f1 current / best: 0.8255093002657219 / 0.8331862312444838
2020-10-28 00:02:43 - INFO - train_bert_crf.py - === Epoch 7 train ===
INFO:train_bert_crf.py:=== Epoch 7 train ===
2020-10-28 00:03:08 - INFO - train_bert_crf.py - Training...Epoches: 7, steps: 225, loss: 0.0176, acc: 0.9888, micro_p: 0.9697, micro_r: 0.9552, micro_f1: 0.9624
INFO:train_bert_crf.py:Training...Epoches: 7, steps: 225, loss: 0.0176, acc: 0.9888, micro_p: 0.9697, micro_r: 0.9552, micro_f1: 0.9624
2020-10-28 00:04:53 - INFO - train_bert_crf.py - Training...Epoches: 7, steps: 230, loss: 0.0465, acc: 0.9748, micro_p: 0.9365, micro_r: 0.9462, micro_f1: 0.9413
INFO:train_bert_crf.py:Training...Epoches: 7, steps: 230, loss: 0.0465, acc: 0.9748, micro_p: 0.9365, micro_r: 0.9462, micro_f1: 0.9413
2020-10-28 00:06:23 - INFO - train_bert_crf.py - Training...Epoches: 7, steps: 235, loss: 0.0312, acc: 0.9837, micro_p: 0.9569, micro_r: 0.9634, micro_f1: 0.9601
INFO:train_bert_crf.py:Training...Epoches: 7, steps: 235, loss: 0.0312, acc: 0.9837, micro_p: 0.9569, micro_r: 0.9634, micro_f1: 0.9601
2020-10-28 00:08:12 - INFO - train_bert_crf.py - Training...Epoches: 7, steps: 240, loss: 0.0315, acc: 0.9823, micro_p: 0.9620, micro_r: 0.9611, micro_f1: 0.9616
INFO:train_bert_crf.py:Training...Epoches: 7, steps: 240, loss: 0.0315, acc: 0.9823, micro_p: 0.9620, micro_r: 0.9611, micro_f1: 0.9616
2020-10-28 00:09:46 - INFO - train_bert_crf.py - Training...Epoches: 7, steps: 245, loss: 0.0347, acc: 0.9813, micro_p: 0.9568, micro_r: 0.9575, micro_f1: 0.9572
INFO:train_bert_crf.py:Training...Epoches: 7, steps: 245, loss: 0.0347, acc: 0.9813, micro_p: 0.9568, micro_r: 0.9575, micro_f1: 0.9572
2020-10-28 00:11:16 - INFO - train_bert_crf.py - Training...Epoches: 7, steps: 250, loss: 0.0391, acc: 0.9765, micro_p: 0.9530, micro_r: 0.9504, micro_f1: 0.9517
INFO:train_bert_crf.py:Training...Epoches: 7, steps: 250, loss: 0.0391, acc: 0.9765, micro_p: 0.9530, micro_r: 0.9504, micro_f1: 0.9517
2020-10-28 00:13:10 - INFO - train_bert_crf.py - Training...Epoches: 7, steps: 255, loss: 0.0377, acc: 0.9761, micro_p: 0.9508, micro_r: 0.9491, micro_f1: 0.9499
INFO:train_bert_crf.py:Training...Epoches: 7, steps: 255, loss: 0.0377, acc: 0.9761, micro_p: 0.9508, micro_r: 0.9491, micro_f1: 0.9499
2020-10-28 00:13:35 - INFO - train_bert_crf.py - === Epoch 7 val ===
INFO:train_bert_crf.py:=== Epoch 7 val ===
2020-10-28 00:14:41 - INFO - train_bert_crf.py - Evaluation result: {'acc': 0.9134887005649718, 'micro_p': 0.7952218430034129, 'micro_r': 0.8262411347517731, 'micro_f1': 0.8104347826086957}.
INFO:train_bert_crf.py:Evaluation result: {'acc': 0.9134887005649718, 'micro_p': 0.7952218430034129, 'micro_r': 0.8262411347517731, 'micro_f1': 0.8104347826086957}.
2020-10-28 00:14:41 - INFO - train_bert_crf.py - Metric micro_f1 current / best: 0.8104347826086957 / 0.8331862312444838
INFO:train_bert_crf.py:Metric micro_f1 current / best: 0.8104347826086957 / 0.8331862312444838
2020-10-28 00:14:41 - INFO - train_bert_crf.py - === Epoch 8 train ===
INFO:train_bert_crf.py:=== Epoch 8 train ===
2020-10-28 00:16:03 - INFO - train_bert_crf.py - Training...Epoches: 8, steps: 260, loss: 0.0479, acc: 0.9837, micro_p: 0.9368, micro_r: 0.9442, micro_f1: 0.9405
INFO:train_bert_crf.py:Training...Epoches: 8, steps: 260, loss: 0.0479, acc: 0.9837, micro_p: 0.9368, micro_r: 0.9442, micro_f1: 0.9405
2020-10-28 00:17:52 - INFO - train_bert_crf.py - Training...Epoches: 8, steps: 265, loss: 0.0390, acc: 0.9777, micro_p: 0.9405, micro_r: 0.9390, micro_f1: 0.9398
INFO:train_bert_crf.py:Training...Epoches: 8, steps: 265, loss: 0.0390, acc: 0.9777, micro_p: 0.9405, micro_r: 0.9390, micro_f1: 0.9398
2020-10-28 00:19:20 - INFO - train_bert_crf.py - Training...Epoches: 8, steps: 270, loss: 0.0304, acc: 0.9778, micro_p: 0.9460, micro_r: 0.9431, micro_f1: 0.9446
INFO:train_bert_crf.py:Training...Epoches: 8, steps: 270, loss: 0.0304, acc: 0.9778, micro_p: 0.9460, micro_r: 0.9431, micro_f1: 0.9446
2020-10-28 00:21:03 - INFO - train_bert_crf.py - Training...Epoches: 8, steps: 275, loss: 0.0362, acc: 0.9811, micro_p: 0.9533, micro_r: 0.9497, micro_f1: 0.9515
INFO:train_bert_crf.py:Training...Epoches: 8, steps: 275, loss: 0.0362, acc: 0.9811, micro_p: 0.9533, micro_r: 0.9497, micro_f1: 0.9515
2020-10-28 00:22:53 - INFO - train_bert_crf.py - Training...Epoches: 8, steps: 280, loss: 0.0325, acc: 0.9839, micro_p: 0.9564, micro_r: 0.9519, micro_f1: 0.9541
INFO:train_bert_crf.py:Training...Epoches: 8, steps: 280, loss: 0.0325, acc: 0.9839, micro_p: 0.9564, micro_r: 0.9519, micro_f1: 0.9541
2020-10-28 00:24:35 - INFO - train_bert_crf.py - Training...Epoches: 8, steps: 285, loss: 0.0331, acc: 0.9821, micro_p: 0.9582, micro_r: 0.9519, micro_f1: 0.9551
INFO:train_bert_crf.py:Training...Epoches: 8, steps: 285, loss: 0.0331, acc: 0.9821, micro_p: 0.9582, micro_r: 0.9519, micro_f1: 0.9551
2020-10-28 00:25:27 - INFO - train_bert_crf.py - === Epoch 8 val ===
INFO:train_bert_crf.py:=== Epoch 8 val ===
2020-10-28 00:26:30 - INFO - train_bert_crf.py - Evaluation result: {'acc': 0.9201977401129944, 'micro_p': 0.8266897746967071, 'micro_r': 0.8457446808510638, 'micro_f1': 0.8361086765994741}.
INFO:train_bert_crf.py:Evaluation result: {'acc': 0.9201977401129944, 'micro_p': 0.8266897746967071, 'micro_r': 0.8457446808510638, 'micro_f1': 0.8361086765994741}.
2020-10-28 00:26:30 - INFO - train_bert_crf.py - Metric micro_f1 current / best: 0.8361086765994741 / 0.8331862312444838
INFO:train_bert_crf.py:Metric micro_f1 current / best: 0.8361086765994741 / 0.8331862312444838
2020-10-28 00:26:30 - INFO - train_bert_crf.py - Best ckpt and saved.
INFO:train_bert_crf.py:Best ckpt and saved.
2020-10-28 00:27:10 - INFO - train_bert_crf.py - === Epoch 9 train ===
INFO:train_bert_crf.py:=== Epoch 9 train ===
2020-10-28 00:28:02 - INFO - train_bert_crf.py - Training...Epoches: 9, steps: 290, loss: 0.0142, acc: 0.9925, micro_p: 0.9868, micro_r: 0.9868, micro_f1: 0.9868
INFO:train_bert_crf.py:Training...Epoches: 9, steps: 290, loss: 0.0142, acc: 0.9925, micro_p: 0.9868, micro_r: 0.9868, micro_f1: 0.9868
2020-10-28 00:29:18 - INFO - train_bert_crf.py - Training...Epoches: 9, steps: 295, loss: 0.0133, acc: 0.9965, micro_p: 0.9863, micro_r: 0.9863, micro_f1: 0.9863
INFO:train_bert_crf.py:Training...Epoches: 9, steps: 295, loss: 0.0133, acc: 0.9965, micro_p: 0.9863, micro_r: 0.9863, micro_f1: 0.9863
2020-10-28 00:31:10 - INFO - train_bert_crf.py - Training...Epoches: 9, steps: 300, loss: 0.0144, acc: 0.9938, micro_p: 0.9749, micro_r: 0.9770, micro_f1: 0.9760
INFO:train_bert_crf.py:Training...Epoches: 9, steps: 300, loss: 0.0144, acc: 0.9938, micro_p: 0.9749, micro_r: 0.9770, micro_f1: 0.9760
2020-10-28 00:32:50 - INFO - train_bert_crf.py - Training...Epoches: 9, steps: 305, loss: 0.0200, acc: 0.9900, micro_p: 0.9719, micro_r: 0.9711, micro_f1: 0.9715
INFO:train_bert_crf.py:Training...Epoches: 9, steps: 305, loss: 0.0200, acc: 0.9900, micro_p: 0.9719, micro_r: 0.9711, micro_f1: 0.9715
2020-10-28 00:34:31 - INFO - train_bert_crf.py - Training...Epoches: 9, steps: 310, loss: 0.0194, acc: 0.9898, micro_p: 0.9716, micro_r: 0.9674, micro_f1: 0.9695
INFO:train_bert_crf.py:Training...Epoches: 9, steps: 310, loss: 0.0194, acc: 0.9898, micro_p: 0.9716, micro_r: 0.9674, micro_f1: 0.9695
2020-10-28 00:36:03 - INFO - train_bert_crf.py - Training...Epoches: 9, steps: 315, loss: 0.0185, acc: 0.9907, micro_p: 0.9712, micro_r: 0.9677, micro_f1: 0.9695
INFO:train_bert_crf.py:Training...Epoches: 9, steps: 315, loss: 0.0185, acc: 0.9907, micro_p: 0.9712, micro_r: 0.9677, micro_f1: 0.9695
2020-10-28 00:37:17 - INFO - train_bert_crf.py - Training...Epoches: 9, steps: 320, loss: 0.0197, acc: 0.9914, micro_p: 0.9703, micro_r: 0.9690, micro_f1: 0.9697
INFO:train_bert_crf.py:Training...Epoches: 9, steps: 320, loss: 0.0197, acc: 0.9914, micro_p: 0.9703, micro_r: 0.9690, micro_f1: 0.9697
2020-10-28 00:37:22 - INFO - train_bert_crf.py - === Epoch 9 val ===
INFO:train_bert_crf.py:=== Epoch 9 val ===
2020-10-28 00:38:28 - INFO - train_bert_crf.py - Evaluation result: {'acc': 0.909957627118644, 'micro_p': 0.8278260869565217, 'micro_r': 0.8439716312056738, 'micro_f1': 0.835820895522388}.
INFO:train_bert_crf.py:Evaluation result: {'acc': 0.909957627118644, 'micro_p': 0.8278260869565217, 'micro_r': 0.8439716312056738, 'micro_f1': 0.835820895522388}.
2020-10-28 00:38:28 - INFO - train_bert_crf.py - Metric micro_f1 current / best: 0.835820895522388 / 0.8361086765994741
INFO:train_bert_crf.py:Metric micro_f1 current / best: 0.835820895522388 / 0.8361086765994741
2020-10-28 00:38:28 - INFO - train_bert_crf.py - === Epoch 10 train ===
INFO:train_bert_crf.py:=== Epoch 10 train ===
2020-10-28 00:40:19 - INFO - train_bert_crf.py - Training...Epoches: 10, steps: 325, loss: 0.0127, acc: 0.9964, micro_p: 0.9792, micro_r: 0.9818, micro_f1: 0.9805
INFO:train_bert_crf.py:Training...Epoches: 10, steps: 325, loss: 0.0127, acc: 0.9964, micro_p: 0.9792, micro_r: 0.9818, micro_f1: 0.9805
2020-10-28 00:41:48 - INFO - train_bert_crf.py - Training...Epoches: 10, steps: 330, loss: 0.0110, acc: 0.9968, micro_p: 0.9825, micro_r: 0.9838, micro_f1: 0.9831
INFO:train_bert_crf.py:Training...Epoches: 10, steps: 330, loss: 0.0110, acc: 0.9968, micro_p: 0.9825, micro_r: 0.9838, micro_f1: 0.9831
2020-10-28 00:43:14 - INFO - train_bert_crf.py - Training...Epoches: 10, steps: 335, loss: 0.0119, acc: 0.9950, micro_p: 0.9798, micro_r: 0.9780, micro_f1: 0.9789
INFO:train_bert_crf.py:Training...Epoches: 10, steps: 335, loss: 0.0119, acc: 0.9950, micro_p: 0.9798, micro_r: 0.9780, micro_f1: 0.9789
2020-10-28 00:44:54 - INFO - train_bert_crf.py - Training...Epoches: 10, steps: 340, loss: 0.0107, acc: 0.9948, micro_p: 0.9819, micro_r: 0.9812, micro_f1: 0.9815
INFO:train_bert_crf.py:Training...Epoches: 10, steps: 340, loss: 0.0107, acc: 0.9948, micro_p: 0.9819, micro_r: 0.9812, micro_f1: 0.9815
2020-10-28 00:46:33 - INFO - train_bert_crf.py - Training...Epoches: 10, steps: 345, loss: 0.0103, acc: 0.9956, micro_p: 0.9816, micro_r: 0.9827, micro_f1: 0.9822
INFO:train_bert_crf.py:Training...Epoches: 10, steps: 345, loss: 0.0103, acc: 0.9956, micro_p: 0.9816, micro_r: 0.9827, micro_f1: 0.9822
2020-10-28 00:48:18 - INFO - train_bert_crf.py - Training...Epoches: 10, steps: 350, loss: 0.0128, acc: 0.9953, micro_p: 0.9793, micro_r: 0.9815, micro_f1: 0.9804
INFO:train_bert_crf.py:Training...Epoches: 10, steps: 350, loss: 0.0128, acc: 0.9953, micro_p: 0.9793, micro_r: 0.9815, micro_f1: 0.9804
2020-10-28 00:48:57 - INFO - train_bert_crf.py - === Epoch 10 val ===
INFO:train_bert_crf.py:=== Epoch 10 val ===
2020-10-28 00:50:02 - INFO - train_bert_crf.py - Evaluation result: {'acc': 0.911723163841808, 'micro_p': 0.8395061728395061, 'micro_r': 0.8439716312056738, 'micro_f1': 0.8417329796640142}.
INFO:train_bert_crf.py:Evaluation result: {'acc': 0.911723163841808, 'micro_p': 0.8395061728395061, 'micro_r': 0.8439716312056738, 'micro_f1': 0.8417329796640142}.
2020-10-28 00:50:02 - INFO - train_bert_crf.py - Metric micro_f1 current / best: 0.8417329796640142 / 0.8361086765994741
INFO:train_bert_crf.py:Metric micro_f1 current / best: 0.8417329796640142 / 0.8361086765994741
2020-10-28 00:50:02 - INFO - train_bert_crf.py - Best ckpt and saved.
INFO:train_bert_crf.py:Best ckpt and saved.
2020-10-28 00:50:42 - INFO - train_bert_crf.py - === Epoch 11 train ===
INFO:train_bert_crf.py:=== Epoch 11 train ===
2020-10-28 00:51:31 - INFO - train_bert_crf.py - Training...Epoches: 11, steps: 355, loss: 0.0040, acc: 0.9989, micro_p: 0.9895, micro_r: 0.9895, micro_f1: 0.9895
INFO:train_bert_crf.py:Training...Epoches: 11, steps: 355, loss: 0.0040, acc: 0.9989, micro_p: 0.9895, micro_r: 0.9895, micro_f1: 0.9895
2020-10-28 00:53:11 - INFO - train_bert_crf.py - Training...Epoches: 11, steps: 360, loss: 0.0134, acc: 0.9996, micro_p: 0.9845, micro_r: 0.9862, micro_f1: 0.9853
INFO:train_bert_crf.py:Training...Epoches: 11, steps: 360, loss: 0.0134, acc: 0.9996, micro_p: 0.9845, micro_r: 0.9862, micro_f1: 0.9853
2020-10-28 00:54:48 - INFO - train_bert_crf.py - Training...Epoches: 11, steps: 365, loss: 0.0123, acc: 0.9979, micro_p: 0.9808, micro_r: 0.9798, micro_f1: 0.9803
INFO:train_bert_crf.py:Training...Epoches: 11, steps: 365, loss: 0.0123, acc: 0.9979, micro_p: 0.9808, micro_r: 0.9798, micro_f1: 0.9803
2020-10-28 00:56:13 - INFO - train_bert_crf.py - Training...Epoches: 11, steps: 370, loss: 0.0126, acc: 0.9975, micro_p: 0.9797, micro_r: 0.9805, micro_f1: 0.9801
INFO:train_bert_crf.py:Training...Epoches: 11, steps: 370, loss: 0.0126, acc: 0.9975, micro_p: 0.9797, micro_r: 0.9805, micro_f1: 0.9801
2020-10-28 00:57:53 - INFO - train_bert_crf.py - Training...Epoches: 11, steps: 375, loss: 0.0146, acc: 0.9956, micro_p: 0.9762, micro_r: 0.9751, micro_f1: 0.9757
INFO:train_bert_crf.py:Training...Epoches: 11, steps: 375, loss: 0.0146, acc: 0.9956, micro_p: 0.9762, micro_r: 0.9751, micro_f1: 0.9757
2020-10-28 00:59:43 - INFO - train_bert_crf.py - Training...Epoches: 11, steps: 380, loss: 0.0157, acc: 0.9949, micro_p: 0.9762, micro_r: 0.9737, micro_f1: 0.9749
INFO:train_bert_crf.py:Training...Epoches: 11, steps: 380, loss: 0.0157, acc: 0.9949, micro_p: 0.9762, micro_r: 0.9737, micro_f1: 0.9749
2020-10-28 01:01:15 - INFO - train_bert_crf.py - === Epoch 11 val ===
INFO:train_bert_crf.py:=== Epoch 11 val ===
2020-10-28 01:02:24 - INFO - train_bert_crf.py - Evaluation result: {'acc': 0.9138418079096046, 'micro_p': 0.8152542372881356, 'micro_r': 0.8528368794326241, 'micro_f1': 0.8336221837088388}.
INFO:train_bert_crf.py:Evaluation result: {'acc': 0.9138418079096046, 'micro_p': 0.8152542372881356, 'micro_r': 0.8528368794326241, 'micro_f1': 0.8336221837088388}.
2020-10-28 01:02:24 - INFO - train_bert_crf.py - Metric micro_f1 current / best: 0.8336221837088388 / 0.8417329796640142
INFO:train_bert_crf.py:Metric micro_f1 current / best: 0.8336221837088388 / 0.8417329796640142
2020-10-28 01:02:24 - INFO - train_bert_crf.py - === Epoch 12 train ===
INFO:train_bert_crf.py:=== Epoch 12 train ===
2020-10-28 01:02:48 - INFO - train_bert_crf.py - Training...Epoches: 12, steps: 385, loss: 0.0054, acc: 1.0000, micro_p: 1.0000, micro_r: 1.0000, micro_f1: 1.0000
INFO:train_bert_crf.py:Training...Epoches: 12, steps: 385, loss: 0.0054, acc: 1.0000, micro_p: 1.0000, micro_r: 1.0000, micro_f1: 1.0000
2020-10-28 01:04:29 - INFO - train_bert_crf.py - Training...Epoches: 12, steps: 390, loss: 0.0106, acc: 0.9953, micro_p: 0.9739, micro_r: 0.9739, micro_f1: 0.9739
INFO:train_bert_crf.py:Training...Epoches: 12, steps: 390, loss: 0.0106, acc: 0.9953, micro_p: 0.9739, micro_r: 0.9739, micro_f1: 0.9739
2020-10-28 01:06:09 - INFO - train_bert_crf.py - Training...Epoches: 12, steps: 395, loss: 0.0114, acc: 0.9951, micro_p: 0.9794, micro_r: 0.9806, micro_f1: 0.9800
INFO:train_bert_crf.py:Training...Epoches: 12, steps: 395, loss: 0.0114, acc: 0.9951, micro_p: 0.9794, micro_r: 0.9806, micro_f1: 0.9800
2020-10-28 01:07:25 - INFO - train_bert_crf.py - Training...Epoches: 12, steps: 400, loss: 0.0110, acc: 0.9951, micro_p: 0.9809, micro_r: 0.9818, micro_f1: 0.9813
INFO:train_bert_crf.py:Training...Epoches: 12, steps: 400, loss: 0.0110, acc: 0.9951, micro_p: 0.9809, micro_r: 0.9818, micro_f1: 0.9813
2020-10-28 01:09:03 - INFO - train_bert_crf.py - Training...Epoches: 12, steps: 405, loss: 0.0105, acc: 0.9953, micro_p: 0.9800, micro_r: 0.9807, micro_f1: 0.9804
INFO:train_bert_crf.py:Training...Epoches: 12, steps: 405, loss: 0.0105, acc: 0.9953, micro_p: 0.9800, micro_r: 0.9807, micro_f1: 0.9804
2020-10-28 01:10:50 - INFO - train_bert_crf.py - Training...Epoches: 12, steps: 410, loss: 0.0106, acc: 0.9959, micro_p: 0.9821, micro_r: 0.9826, micro_f1: 0.9824
INFO:train_bert_crf.py:Training...Epoches: 12, steps: 410, loss: 0.0106, acc: 0.9959, micro_p: 0.9821, micro_r: 0.9826, micro_f1: 0.9824
2020-10-28 01:12:16 - INFO - train_bert_crf.py - Training...Epoches: 12, steps: 415, loss: 0.0096, acc: 0.9962, micro_p: 0.9839, micro_r: 0.9839, micro_f1: 0.9839
INFO:train_bert_crf.py:Training...Epoches: 12, steps: 415, loss: 0.0096, acc: 0.9962, micro_p: 0.9839, micro_r: 0.9839, micro_f1: 0.9839
2020-10-28 01:12:38 - INFO - train_bert_crf.py - === Epoch 12 val ===
INFO:train_bert_crf.py:=== Epoch 12 val ===
2020-10-28 01:13:41 - INFO - train_bert_crf.py - Evaluation result: {'acc': 0.913135593220339, 'micro_p': 0.8518518518518519, 'micro_r': 0.8563829787234043, 'micro_f1': 0.8541114058355438}.
INFO:train_bert_crf.py:Evaluation result: {'acc': 0.913135593220339, 'micro_p': 0.8518518518518519, 'micro_r': 0.8563829787234043, 'micro_f1': 0.8541114058355438}.
2020-10-28 01:13:41 - INFO - train_bert_crf.py - Metric micro_f1 current / best: 0.8541114058355438 / 0.8417329796640142
INFO:train_bert_crf.py:Metric micro_f1 current / best: 0.8541114058355438 / 0.8417329796640142
2020-10-28 01:13:41 - INFO - train_bert_crf.py - Best ckpt and saved.
INFO:train_bert_crf.py:Best ckpt and saved.
2020-10-28 01:14:19 - INFO - train_bert_crf.py - === Epoch 13 train ===
INFO:train_bert_crf.py:=== Epoch 13 train ===
2020-10-28 01:15:31 - INFO - train_bert_crf.py - Training...Epoches: 13, steps: 420, loss: 0.0042, acc: 0.9984, micro_p: 0.9918, micro_r: 0.9918, micro_f1: 0.9918
INFO:train_bert_crf.py:Training...Epoches: 13, steps: 420, loss: 0.0042, acc: 0.9984, micro_p: 0.9918, micro_r: 0.9918, micro_f1: 0.9918
2020-10-28 01:17:11 - INFO - train_bert_crf.py - Training...Epoches: 13, steps: 425, loss: 0.0051, acc: 0.9978, micro_p: 0.9841, micro_r: 0.9841, micro_f1: 0.9841
INFO:train_bert_crf.py:Training...Epoches: 13, steps: 425, loss: 0.0051, acc: 0.9978, micro_p: 0.9841, micro_r: 0.9841, micro_f1: 0.9841
2020-10-28 01:18:50 - INFO - train_bert_crf.py - Training...Epoches: 13, steps: 430, loss: 0.0051, acc: 0.9986, micro_p: 0.9880, micro_r: 0.9900, micro_f1: 0.9890
INFO:train_bert_crf.py:Training...Epoches: 13, steps: 430, loss: 0.0051, acc: 0.9986, micro_p: 0.9880, micro_r: 0.9900, micro_f1: 0.9890
2020-10-28 01:20:36 - INFO - train_bert_crf.py - Training...Epoches: 13, steps: 435, loss: 0.0050, acc: 0.9980, micro_p: 0.9891, micro_r: 0.9898, micro_f1: 0.9895
INFO:train_bert_crf.py:Training...Epoches: 13, steps: 435, loss: 0.0050, acc: 0.9980, micro_p: 0.9891, micro_r: 0.9898, micro_f1: 0.9895
2020-10-28 01:22:11 - INFO - train_bert_crf.py - Training...Epoches: 13, steps: 440, loss: 0.0056, acc: 0.9982, micro_p: 0.9885, micro_r: 0.9913, micro_f1: 0.9899
INFO:train_bert_crf.py:Training...Epoches: 13, steps: 440, loss: 0.0056, acc: 0.9982, micro_p: 0.9885, micro_r: 0.9913, micro_f1: 0.9899
2020-10-28 01:23:54 - INFO - train_bert_crf.py - Training...Epoches: 13, steps: 445, loss: 0.0058, acc: 0.9976, micro_p: 0.9900, micro_r: 0.9914, micro_f1: 0.9907
INFO:train_bert_crf.py:Training...Epoches: 13, steps: 445, loss: 0.0058, acc: 0.9976, micro_p: 0.9900, micro_r: 0.9914, micro_f1: 0.9907
2020-10-28 01:24:50 - INFO - train_bert_crf.py - === Epoch 13 val ===
INFO:train_bert_crf.py:=== Epoch 13 val ===
2020-10-28 01:25:54 - INFO - train_bert_crf.py - Evaluation result: {'acc': 0.9113700564971752, 'micro_p': 0.8637992831541219, 'micro_r': 0.8546099290780141, 'micro_f1': 0.8591800356506237}.
INFO:train_bert_crf.py:Evaluation result: {'acc': 0.9113700564971752, 'micro_p': 0.8637992831541219, 'micro_r': 0.8546099290780141, 'micro_f1': 0.8591800356506237}.
2020-10-28 01:25:54 - INFO - train_bert_crf.py - Metric micro_f1 current / best: 0.8591800356506237 / 0.8541114058355438
INFO:train_bert_crf.py:Metric micro_f1 current / best: 0.8591800356506237 / 0.8541114058355438
2020-10-28 01:25:54 - INFO - train_bert_crf.py - Best ckpt and saved.
INFO:train_bert_crf.py:Best ckpt and saved.
2020-10-28 01:26:31 - INFO - train_bert_crf.py - === Epoch 14 train ===
INFO:train_bert_crf.py:=== Epoch 14 train ===
2020-10-28 01:27:17 - INFO - train_bert_crf.py - Training...Epoches: 14, steps: 450, loss: 0.0023, acc: 0.9988, micro_p: 0.9937, micro_r: 0.9937, micro_f1: 0.9937
INFO:train_bert_crf.py:Training...Epoches: 14, steps: 450, loss: 0.0023, acc: 0.9988, micro_p: 0.9937, micro_r: 0.9937, micro_f1: 0.9937
2020-10-28 01:28:46 - INFO - train_bert_crf.py - Training...Epoches: 14, steps: 455, loss: 0.0020, acc: 0.9992, micro_p: 0.9981, micro_r: 0.9961, micro_f1: 0.9971
INFO:train_bert_crf.py:Training...Epoches: 14, steps: 455, loss: 0.0020, acc: 0.9992, micro_p: 0.9981, micro_r: 0.9961, micro_f1: 0.9971
2020-10-28 01:30:17 - INFO - train_bert_crf.py - Training...Epoches: 14, steps: 460, loss: 0.0044, acc: 0.9986, micro_p: 0.9920, micro_r: 0.9932, micro_f1: 0.9926
INFO:train_bert_crf.py:Training...Epoches: 14, steps: 460, loss: 0.0044, acc: 0.9986, micro_p: 0.9920, micro_r: 0.9932, micro_f1: 0.9926
2020-10-28 01:31:40 - INFO - train_bert_crf.py - Training...Epoches: 14, steps: 465, loss: 0.0062, acc: 0.9985, micro_p: 0.9923, micro_r: 0.9923, micro_f1: 0.9923
INFO:train_bert_crf.py:Training...Epoches: 14, steps: 465, loss: 0.0062, acc: 0.9985, micro_p: 0.9923, micro_r: 0.9923, micro_f1: 0.9923
2020-10-28 01:33:21 - INFO - train_bert_crf.py - Training...Epoches: 14, steps: 470, loss: 0.0076, acc: 0.9983, micro_p: 0.9929, micro_r: 0.9935, micro_f1: 0.9932
INFO:train_bert_crf.py:Training...Epoches: 14, steps: 470, loss: 0.0076, acc: 0.9983, micro_p: 0.9929, micro_r: 0.9935, micro_f1: 0.9932
2020-10-28 01:35:08 - INFO - train_bert_crf.py - Training...Epoches: 14, steps: 475, loss: 0.0083, acc: 0.9982, micro_p: 0.9917, micro_r: 0.9927, micro_f1: 0.9922
INFO:train_bert_crf.py:Training...Epoches: 14, steps: 475, loss: 0.0083, acc: 0.9982, micro_p: 0.9917, micro_r: 0.9927, micro_f1: 0.9922
2020-10-28 01:36:43 - INFO - train_bert_crf.py - Training...Epoches: 14, steps: 480, loss: 0.0083, acc: 0.9984, micro_p: 0.9916, micro_r: 0.9929, micro_f1: 0.9923
INFO:train_bert_crf.py:Training...Epoches: 14, steps: 480, loss: 0.0083, acc: 0.9984, micro_p: 0.9916, micro_r: 0.9929, micro_f1: 0.9923
2020-10-28 01:36:52 - INFO - train_bert_crf.py - === Epoch 14 val ===
INFO:train_bert_crf.py:=== Epoch 14 val ===
2020-10-28 01:37:46 - INFO - train_bert_crf.py - Evaluation result: {'acc': 0.89795197740113, 'micro_p': 0.8532608695652174, 'micro_r': 0.8351063829787234, 'micro_f1': 0.8440860215053764}.
INFO:train_bert_crf.py:Evaluation result: {'acc': 0.89795197740113, 'micro_p': 0.8532608695652174, 'micro_r': 0.8351063829787234, 'micro_f1': 0.8440860215053764}.
2020-10-28 01:37:46 - INFO - train_bert_crf.py - Metric micro_f1 current / best: 0.8440860215053764 / 0.8591800356506237
INFO:train_bert_crf.py:Metric micro_f1 current / best: 0.8440860215053764 / 0.8591800356506237
2020-10-28 01:37:46 - INFO - train_bert_crf.py - === Epoch 15 train ===
INFO:train_bert_crf.py:=== Epoch 15 train ===
2020-10-28 01:39:36 - INFO - train_bert_crf.py - Training...Epoches: 15, steps: 485, loss: 0.0106, acc: 0.9945, micro_p: 0.9854, micro_r: 0.9806, micro_f1: 0.9830
INFO:train_bert_crf.py:Training...Epoches: 15, steps: 485, loss: 0.0106, acc: 0.9945, micro_p: 0.9854, micro_r: 0.9806, micro_f1: 0.9830
2020-10-28 01:41:14 - INFO - train_bert_crf.py - Training...Epoches: 15, steps: 490, loss: 0.0082, acc: 0.9958, micro_p: 0.9908, micro_r: 0.9856, micro_f1: 0.9882
INFO:train_bert_crf.py:Training...Epoches: 15, steps: 490, loss: 0.0082, acc: 0.9958, micro_p: 0.9908, micro_r: 0.9856, micro_f1: 0.9882
2020-10-28 01:42:41 - INFO - train_bert_crf.py - Training...Epoches: 15, steps: 495, loss: 0.0087, acc: 0.9969, micro_p: 0.9878, micro_r: 0.9887, micro_f1: 0.9882
INFO:train_bert_crf.py:Training...Epoches: 15, steps: 495, loss: 0.0087, acc: 0.9969, micro_p: 0.9878, micro_r: 0.9887, micro_f1: 0.9882
2020-10-28 01:44:14 - INFO - train_bert_crf.py - Training...Epoches: 15, steps: 500, loss: 0.0072, acc: 0.9976, micro_p: 0.9901, micro_r: 0.9908, micro_f1: 0.9904
INFO:train_bert_crf.py:Training...Epoches: 15, steps: 500, loss: 0.0072, acc: 0.9976, micro_p: 0.9901, micro_r: 0.9908, micro_f1: 0.9904
2020-10-28 01:45:51 - INFO - train_bert_crf.py - Training...Epoches: 15, steps: 505, loss: 0.0075, acc: 0.9977, micro_p: 0.9897, micro_r: 0.9902, micro_f1: 0.9899
INFO:train_bert_crf.py:Training...Epoches: 15, steps: 505, loss: 0.0075, acc: 0.9977, micro_p: 0.9897, micro_r: 0.9902, micro_f1: 0.9899
2020-10-28 01:47:17 - INFO - train_bert_crf.py - Training...Epoches: 15, steps: 510, loss: 0.0069, acc: 0.9980, micro_p: 0.9904, micro_r: 0.9904, micro_f1: 0.9904
INFO:train_bert_crf.py:Training...Epoches: 15, steps: 510, loss: 0.0069, acc: 0.9980, micro_p: 0.9904, micro_r: 0.9904, micro_f1: 0.9904
2020-10-28 01:47:58 - INFO - train_bert_crf.py - === Epoch 15 val ===
INFO:train_bert_crf.py:=== Epoch 15 val ===
2020-10-28 01:48:59 - INFO - train_bert_crf.py - Evaluation result: {'acc': 0.9036016949152542, 'micro_p': 0.8553571428571428, 'micro_r': 0.849290780141844, 'micro_f1': 0.8523131672597865}.
INFO:train_bert_crf.py:Evaluation result: {'acc': 0.9036016949152542, 'micro_p': 0.8553571428571428, 'micro_r': 0.849290780141844, 'micro_f1': 0.8523131672597865}.
2020-10-28 01:48:59 - INFO - train_bert_crf.py - Metric micro_f1 current / best: 0.8523131672597865 / 0.8591800356506237
INFO:train_bert_crf.py:Metric micro_f1 current / best: 0.8523131672597865 / 0.8591800356506237
2020-10-28 01:48:59 - INFO - train_bert_crf.py - === Epoch 16 train ===
INFO:train_bert_crf.py:=== Epoch 16 train ===
2020-10-28 01:50:04 - INFO - train_bert_crf.py - Training...Epoches: 16, steps: 515, loss: 0.0037, acc: 0.9971, micro_p: 0.9920, micro_r: 0.9920, micro_f1: 0.9920
INFO:train_bert_crf.py:Training...Epoches: 16, steps: 515, loss: 0.0037, acc: 0.9971, micro_p: 0.9920, micro_r: 0.9920, micro_f1: 0.9920
2020-10-28 01:51:43 - INFO - train_bert_crf.py - Training...Epoches: 16, steps: 520, loss: 0.0071, acc: 0.9925, micro_p: 0.9865, micro_r: 0.9832, micro_f1: 0.9849
INFO:train_bert_crf.py:Training...Epoches: 16, steps: 520, loss: 0.0071, acc: 0.9925, micro_p: 0.9865, micro_r: 0.9832, micro_f1: 0.9849
2020-10-28 01:53:26 - INFO - train_bert_crf.py - Training...Epoches: 16, steps: 525, loss: 0.0078, acc: 0.9937, micro_p: 0.9829, micro_r: 0.9808, micro_f1: 0.9819
INFO:train_bert_crf.py:Training...Epoches: 16, steps: 525, loss: 0.0078, acc: 0.9937, micro_p: 0.9829, micro_r: 0.9808, micro_f1: 0.9819
2020-10-28 01:55:00 - INFO - train_bert_crf.py - Training...Epoches: 16, steps: 530, loss: 0.0073, acc: 0.9947, micro_p: 0.9878, micro_r: 0.9841, micro_f1: 0.9860
INFO:train_bert_crf.py:Training...Epoches: 16, steps: 530, loss: 0.0073, acc: 0.9947, micro_p: 0.9878, micro_r: 0.9841, micro_f1: 0.9860
2020-10-28 01:56:32 - INFO - train_bert_crf.py - Training...Epoches: 16, steps: 535, loss: 0.0073, acc: 0.9958, micro_p: 0.9898, micro_r: 0.9869, micro_f1: 0.9884
INFO:train_bert_crf.py:Training...Epoches: 16, steps: 535, loss: 0.0073, acc: 0.9958, micro_p: 0.9898, micro_r: 0.9869, micro_f1: 0.9884
2020-10-28 01:58:08 - INFO - train_bert_crf.py - Training...Epoches: 16, steps: 540, loss: 0.0071, acc: 0.9963, micro_p: 0.9891, micro_r: 0.9881, micro_f1: 0.9886
INFO:train_bert_crf.py:Training...Epoches: 16, steps: 540, loss: 0.0071, acc: 0.9963, micro_p: 0.9891, micro_r: 0.9881, micro_f1: 0.9886
2020-10-28 01:59:35 - INFO - train_bert_crf.py - === Epoch 16 val ===
INFO:train_bert_crf.py:=== Epoch 16 val ===
2020-10-28 02:00:39 - INFO - train_bert_crf.py - Evaluation result: {'acc': 0.9106638418079096, 'micro_p': 0.8456140350877193, 'micro_r': 0.8546099290780141, 'micro_f1': 0.8500881834215167}.
INFO:train_bert_crf.py:Evaluation result: {'acc': 0.9106638418079096, 'micro_p': 0.8456140350877193, 'micro_r': 0.8546099290780141, 'micro_f1': 0.8500881834215167}.
2020-10-28 02:00:39 - INFO - train_bert_crf.py - Metric micro_f1 current / best: 0.8500881834215167 / 0.8591800356506237
INFO:train_bert_crf.py:Metric micro_f1 current / best: 0.8500881834215167 / 0.8591800356506237
2020-10-28 02:00:39 - INFO - train_bert_crf.py - === Epoch 17 train ===
INFO:train_bert_crf.py:=== Epoch 17 train ===
2020-10-28 02:01:02 - INFO - train_bert_crf.py - Training...Epoches: 17, steps: 545, loss: 0.0035, acc: 0.9968, micro_p: 1.0000, micro_r: 0.9851, micro_f1: 0.9925
INFO:train_bert_crf.py:Training...Epoches: 17, steps: 545, loss: 0.0035, acc: 0.9968, micro_p: 1.0000, micro_r: 0.9851, micro_f1: 0.9925
2020-10-28 02:02:44 - INFO - train_bert_crf.py - Training...Epoches: 17, steps: 550, loss: 0.0032, acc: 0.9976, micro_p: 1.0000, micro_r: 0.9928, micro_f1: 0.9964
INFO:train_bert_crf.py:Training...Epoches: 17, steps: 550, loss: 0.0032, acc: 0.9976, micro_p: 1.0000, micro_r: 0.9928, micro_f1: 0.9964
2020-10-28 02:04:23 - INFO - train_bert_crf.py - Training...Epoches: 17, steps: 555, loss: 0.0040, acc: 0.9956, micro_p: 0.9894, micro_r: 0.9855, micro_f1: 0.9874
INFO:train_bert_crf.py:Training...Epoches: 17, steps: 555, loss: 0.0040, acc: 0.9956, micro_p: 0.9894, micro_r: 0.9855, micro_f1: 0.9874
2020-10-28 02:06:10 - INFO - train_bert_crf.py - Training...Epoches: 17, steps: 560, loss: 0.0046, acc: 0.9950, micro_p: 0.9914, micro_r: 0.9880, micro_f1: 0.9897
INFO:train_bert_crf.py:Training...Epoches: 17, steps: 560, loss: 0.0046, acc: 0.9950, micro_p: 0.9914, micro_r: 0.9880, micro_f1: 0.9897
2020-10-28 02:07:59 - INFO - train_bert_crf.py - Training...Epoches: 17, steps: 565, loss: 0.0044, acc: 0.9959, micro_p: 0.9903, micro_r: 0.9890, micro_f1: 0.9897
INFO:train_bert_crf.py:Training...Epoches: 17, steps: 565, loss: 0.0044, acc: 0.9959, micro_p: 0.9903, micro_r: 0.9890, micro_f1: 0.9897
2020-10-28 02:09:22 - INFO - train_bert_crf.py - Training...Epoches: 17, steps: 570, loss: 0.0063, acc: 0.9965, micro_p: 0.9901, micro_r: 0.9901, micro_f1: 0.9901
INFO:train_bert_crf.py:Training...Epoches: 17, steps: 570, loss: 0.0063, acc: 0.9965, micro_p: 0.9901, micro_r: 0.9901, micro_f1: 0.9901
2020-10-28 02:11:05 - INFO - train_bert_crf.py - Training...Epoches: 17, steps: 575, loss: 0.0058, acc: 0.9969, micro_p: 0.9901, micro_r: 0.9901, micro_f1: 0.9901
INFO:train_bert_crf.py:Training...Epoches: 17, steps: 575, loss: 0.0058, acc: 0.9969, micro_p: 0.9901, micro_r: 0.9901, micro_f1: 0.9901
2020-10-28 02:11:29 - INFO - train_bert_crf.py - === Epoch 17 val ===
INFO:train_bert_crf.py:=== Epoch 17 val ===
2020-10-28 02:12:30 - INFO - train_bert_crf.py - Evaluation result: {'acc': 0.913135593220339, 'micro_p': 0.8677536231884058, 'micro_r': 0.849290780141844, 'micro_f1': 0.8584229390681004}.
INFO:train_bert_crf.py:Evaluation result: {'acc': 0.913135593220339, 'micro_p': 0.8677536231884058, 'micro_r': 0.849290780141844, 'micro_f1': 0.8584229390681004}.
2020-10-28 02:12:30 - INFO - train_bert_crf.py - Metric micro_f1 current / best: 0.8584229390681004 / 0.8591800356506237
INFO:train_bert_crf.py:Metric micro_f1 current / best: 0.8584229390681004 / 0.8591800356506237
2020-10-28 02:12:30 - INFO - train_bert_crf.py - === Epoch 18 train ===
INFO:train_bert_crf.py:=== Epoch 18 train ===
2020-10-28 02:14:05 - INFO - train_bert_crf.py - Training...Epoches: 18, steps: 580, loss: 0.0139, acc: 0.9932, micro_p: 0.9971, micro_r: 0.9883, micro_f1: 0.9927
INFO:train_bert_crf.py:Training...Epoches: 18, steps: 580, loss: 0.0139, acc: 0.9932, micro_p: 0.9971, micro_r: 0.9883, micro_f1: 0.9927
2020-10-28 02:15:33 - INFO - train_bert_crf.py - Training...Epoches: 18, steps: 585, loss: 0.0083, acc: 0.9966, micro_p: 0.9955, micro_r: 0.9925, micro_f1: 0.9940
INFO:train_bert_crf.py:Training...Epoches: 18, steps: 585, loss: 0.0083, acc: 0.9966, micro_p: 0.9955, micro_r: 0.9925, micro_f1: 0.9940
2020-10-28 02:17:06 - INFO - train_bert_crf.py - Training...Epoches: 18, steps: 590, loss: 0.0091, acc: 0.9975, micro_p: 0.9942, micro_r: 0.9933, micro_f1: 0.9938
INFO:train_bert_crf.py:Training...Epoches: 18, steps: 590, loss: 0.0091, acc: 0.9975, micro_p: 0.9942, micro_r: 0.9933, micro_f1: 0.9938
2020-10-28 02:18:47 - INFO - train_bert_crf.py - Training...Epoches: 18, steps: 595, loss: 0.0071, acc: 0.9980, micro_p: 0.9950, micro_r: 0.9936, micro_f1: 0.9943
INFO:train_bert_crf.py:Training...Epoches: 18, steps: 595, loss: 0.0071, acc: 0.9980, micro_p: 0.9950, micro_r: 0.9936, micro_f1: 0.9943
2020-10-28 02:20:24 - INFO - train_bert_crf.py - Training...Epoches: 18, steps: 600, loss: 0.0061, acc: 0.9983, micro_p: 0.9948, micro_r: 0.9943, micro_f1: 0.9946
INFO:train_bert_crf.py:Training...Epoches: 18, steps: 600, loss: 0.0061, acc: 0.9983, micro_p: 0.9948, micro_r: 0.9943, micro_f1: 0.9946
2020-10-28 02:21:57 - INFO - train_bert_crf.py - Training...Epoches: 18, steps: 605, loss: 0.0062, acc: 0.9982, micro_p: 0.9924, micro_r: 0.9934, micro_f1: 0.9929
INFO:train_bert_crf.py:Training...Epoches: 18, steps: 605, loss: 0.0062, acc: 0.9982, micro_p: 0.9924, micro_r: 0.9934, micro_f1: 0.9929
2020-10-28 02:22:21 - INFO - train_bert_crf.py - === Epoch 18 val ===
INFO:train_bert_crf.py:=== Epoch 18 val ===
2020-10-28 02:22:27 - INFO - train_bert_crf.py - Evaluation result: {'acc': 0.9163135593220338, 'micro_p': 0.8548672566371681, 'micro_r': 0.8563829787234043, 'micro_f1': 0.8556244464127546}.
INFO:train_bert_crf.py:Evaluation result: {'acc': 0.9163135593220338, 'micro_p': 0.8548672566371681, 'micro_r': 0.8563829787234043, 'micro_f1': 0.8556244464127546}.
2020-10-28 02:22:27 - INFO - train_bert_crf.py - Metric micro_f1 current / best: 0.8556244464127546 / 0.8591800356506237
INFO:train_bert_crf.py:Metric micro_f1 current / best: 0.8556244464127546 / 0.8591800356506237
2020-10-28 02:22:27 - INFO - train_bert_crf.py - === Epoch 19 train ===
INFO:train_bert_crf.py:=== Epoch 19 train ===
2020-10-28 02:22:31 - INFO - train_bert_crf.py - Training...Epoches: 19, steps: 610, loss: 0.0015, acc: 1.0000, micro_p: 0.9939, micro_r: 0.9939, micro_f1: 0.9939
INFO:train_bert_crf.py:Training...Epoches: 19, steps: 610, loss: 0.0015, acc: 1.0000, micro_p: 0.9939, micro_r: 0.9939, micro_f1: 0.9939
2020-10-28 02:22:39 - INFO - train_bert_crf.py - Training...Epoches: 19, steps: 615, loss: 0.0031, acc: 0.9981, micro_p: 0.9963, micro_r: 0.9944, micro_f1: 0.9954
INFO:train_bert_crf.py:Training...Epoches: 19, steps: 615, loss: 0.0031, acc: 0.9981, micro_p: 0.9963, micro_r: 0.9944, micro_f1: 0.9954
2020-10-28 02:22:50 - INFO - train_bert_crf.py - Training...Epoches: 19, steps: 620, loss: 0.0027, acc: 0.9989, micro_p: 0.9967, micro_r: 0.9967, micro_f1: 0.9967
INFO:train_bert_crf.py:Training...Epoches: 19, steps: 620, loss: 0.0027, acc: 0.9989, micro_p: 0.9967, micro_r: 0.9967, micro_f1: 0.9967
2020-10-28 02:22:56 - INFO - train_bert_crf.py - Training...Epoches: 19, steps: 625, loss: 0.0033, acc: 0.9991, micro_p: 0.9961, micro_r: 0.9969, micro_f1: 0.9965
INFO:train_bert_crf.py:Training...Epoches: 19, steps: 625, loss: 0.0033, acc: 0.9991, micro_p: 0.9961, micro_r: 0.9969, micro_f1: 0.9965
2020-10-28 02:23:05 - INFO - train_bert_crf.py - Training...Epoches: 19, steps: 630, loss: 0.0040, acc: 0.9990, micro_p: 0.9951, micro_r: 0.9957, micro_f1: 0.9954
INFO:train_bert_crf.py:Training...Epoches: 19, steps: 630, loss: 0.0040, acc: 0.9990, micro_p: 0.9951, micro_r: 0.9957, micro_f1: 0.9954
2020-10-28 02:23:15 - INFO - train_bert_crf.py - Training...Epoches: 19, steps: 635, loss: 0.0034, acc: 0.9992, micro_p: 0.9959, micro_r: 0.9964, micro_f1: 0.9961
INFO:train_bert_crf.py:Training...Epoches: 19, steps: 635, loss: 0.0034, acc: 0.9992, micro_p: 0.9959, micro_r: 0.9964, micro_f1: 0.9961
2020-10-28 02:23:27 - INFO - train_bert_crf.py - Training...Epoches: 19, steps: 640, loss: 0.0035, acc: 0.9993, micro_p: 0.9960, micro_r: 0.9969, micro_f1: 0.9965
INFO:train_bert_crf.py:Training...Epoches: 19, steps: 640, loss: 0.0035, acc: 0.9993, micro_p: 0.9960, micro_r: 0.9969, micro_f1: 0.9965
2020-10-28 02:23:28 - INFO - train_bert_crf.py - === Epoch 19 val ===
INFO:train_bert_crf.py:=== Epoch 19 val ===
2020-10-28 02:23:33 - INFO - train_bert_crf.py - Evaluation result: {'acc': 0.9103107344632768, 'micro_p': 0.8454706927175843, 'micro_r': 0.8439716312056738, 'micro_f1': 0.8447204968944099}.
INFO:train_bert_crf.py:Evaluation result: {'acc': 0.9103107344632768, 'micro_p': 0.8454706927175843, 'micro_r': 0.8439716312056738, 'micro_f1': 0.8447204968944099}.
2020-10-28 02:23:33 - INFO - train_bert_crf.py - Metric micro_f1 current / best: 0.8447204968944099 / 0.8591800356506237
INFO:train_bert_crf.py:Metric micro_f1 current / best: 0.8447204968944099 / 0.8591800356506237
2020-10-28 02:23:33 - INFO - train_bert_crf.py - Best micro_f1 on val set: 0.859180
INFO:train_bert_crf.py:Best micro_f1 on val set: 0.859180
2020-10-28 02:23:37 - INFO - train_bert_crf.py - Evaluation result: {'acc': 0.9113700564971752, 'micro_p': 0.8637992831541219, 'micro_r': 0.8546099290780141, 'micro_f1': 0.8591800356506237}.
INFO:train_bert_crf.py:Evaluation result: {'acc': 0.9113700564971752, 'micro_p': 0.8637992831541219, 'micro_r': 0.8546099290780141, 'micro_f1': 0.8591800356506237}.
2020-10-28 02:23:37 - INFO - train_bert_crf.py - Test set results:
INFO:train_bert_crf.py:Test set results:
2020-10-28 02:23:37 - INFO - train_bert_crf.py - Accuracy: 0.9113700564971752
INFO:train_bert_crf.py:Accuracy: 0.9113700564971752
2020-10-28 02:23:37 - INFO - train_bert_crf.py - Micro precision: 0.8637992831541219
INFO:train_bert_crf.py:Micro precision: 0.8637992831541219
2020-10-28 02:23:37 - INFO - train_bert_crf.py - Micro recall: 0.8546099290780141
INFO:train_bert_crf.py:Micro recall: 0.8546099290780141
2020-10-28 02:23:37 - INFO - train_bert_crf.py - Micro F1: 0.8591800356506237
INFO:train_bert_crf.py:Micro F1: 0.8591800356506237
