nohup: ignoring input
2020-10-28 16:10:03.359298: I tensorflow/stream_executor/platform/default/dso_loader.cc:48] Successfully opened dynamic library libcudart.so.10.1
2020-10-28 16:10:04 - INFO - train_bert_mtl_span_attr.py - running train_bert_mtl_span_attr.py --pretrain_path /home/liujian/NLP/corpus/transformers/hfl-chinese-bert-wwm-ext --metric micro_f1 --dataset policy --tagscheme bmoes --lstm_num 1 --span_use_crf --attr_use_crf --batch_size 16 --lr 1e-3 --bert_lr 3e-5 --weight_decay 0 --warmup_step 0 --max_length 256 --max_epoch 40 --optimizer adam
train_bert_mtl_span_attr.py:123: DeprecationWarning: The 'warn' method is deprecated, use 'warning' instead
  logger.warn("Val file {} does not exist! Use test file instead".format(args.val_file))
2020-10-28 16:10:04 - WARNING - train_bert_mtl_span_attr.py - Val file /home/liujian/VSCode/AIPolicy/input/benchmark/ner/policy/val.char.bmoes does not exist! Use test file instead
2020-10-28 16:10:04 - INFO - train_bert_mtl_span_attr.py - Arguments:
2020-10-28 16:10:04 - INFO - train_bert_mtl_span_attr.py - pretrain_path: /home/liujian/NLP/corpus/transformers/hfl-chinese-bert-wwm-ext
2020-10-28 16:10:04 - INFO - train_bert_mtl_span_attr.py - ckpt: policy_bmoes_bert_onelstm_spancrf_attrcrf
2020-10-28 16:10:04 - INFO - train_bert_mtl_span_attr.py - only_test: False
2020-10-28 16:10:04 - INFO - train_bert_mtl_span_attr.py - lstm_num: 1
2020-10-28 16:10:04 - INFO - train_bert_mtl_span_attr.py - span_use_crf: True
2020-10-28 16:10:04 - INFO - train_bert_mtl_span_attr.py - attr_use_crf: True
2020-10-28 16:10:04 - INFO - train_bert_mtl_span_attr.py - tagscheme: bmoes
2020-10-28 16:10:04 - INFO - train_bert_mtl_span_attr.py - metric: micro_f1
2020-10-28 16:10:04 - INFO - train_bert_mtl_span_attr.py - dataset: policy
2020-10-28 16:10:04 - INFO - train_bert_mtl_span_attr.py - train_file: /home/liujian/VSCode/AIPolicy/input/benchmark/ner/policy/train.char.bmoes
2020-10-28 16:10:04 - INFO - train_bert_mtl_span_attr.py - val_file: /home/liujian/VSCode/AIPolicy/input/benchmark/ner/policy/test.char.bmoes
2020-10-28 16:10:04 - INFO - train_bert_mtl_span_attr.py - test_file: /home/liujian/VSCode/AIPolicy/input/benchmark/ner/policy/test.char.bmoes
2020-10-28 16:10:04 - INFO - train_bert_mtl_span_attr.py - span2id_file: /home/liujian/VSCode/AIPolicy/input/benchmark/ner/policy/span2id.bmoes
2020-10-28 16:10:04 - INFO - train_bert_mtl_span_attr.py - attr2id_file: /home/liujian/VSCode/AIPolicy/input/benchmark/ner/policy/attr2id.bmoes
2020-10-28 16:10:04 - INFO - train_bert_mtl_span_attr.py - batch_size: 16
2020-10-28 16:10:04 - INFO - train_bert_mtl_span_attr.py - lr: 0.001
2020-10-28 16:10:04 - INFO - train_bert_mtl_span_attr.py - bert_lr: 3e-05
2020-10-28 16:10:04 - INFO - train_bert_mtl_span_attr.py - optimizer: adam
2020-10-28 16:10:04 - INFO - train_bert_mtl_span_attr.py - weight_decay: 0.0
2020-10-28 16:10:04 - INFO - train_bert_mtl_span_attr.py - warmup_step: 0
2020-10-28 16:10:04 - INFO - train_bert_mtl_span_attr.py - max_length: 256
2020-10-28 16:10:04 - INFO - train_bert_mtl_span_attr.py - max_epoch: 40
2020-10-28 16:10:13 - INFO - train_bert_mtl_span_attr.py - === Epoch 0 train ===
INFO:train_bert_mtl_span_attr.py:=== Epoch 0 train ===
2020-10-28 16:10:34 - INFO - train_bert_mtl_span_attr.py - Training...Epoches: 0, steps: 10, loss: 0.1676, span_acc: 0.2935, attr_acc: 0.1593, micro_p: 0.0000, micro_r: 0.0000, micro_f1: 0.0000
INFO:train_bert_mtl_span_attr.py:Training...Epoches: 0, steps: 10, loss: 0.1676, span_acc: 0.2935, attr_acc: 0.1593, micro_p: 0.0000, micro_r: 0.0000, micro_f1: 0.0000
2020-10-28 16:10:55 - INFO - train_bert_mtl_span_attr.py - Training...Epoches: 0, steps: 20, loss: 0.1293, span_acc: 0.4672, attr_acc: 0.3066, micro_p: 0.6458, micro_r: 0.0440, micro_f1: 0.0824
INFO:train_bert_mtl_span_attr.py:Training...Epoches: 0, steps: 20, loss: 0.1293, span_acc: 0.4672, attr_acc: 0.3066, micro_p: 0.6458, micro_r: 0.0440, micro_f1: 0.0824
2020-10-28 16:11:18 - INFO - train_bert_mtl_span_attr.py - Training...Epoches: 0, steps: 30, loss: 0.1108, span_acc: 0.5428, attr_acc: 0.3903, micro_p: 0.7131, micro_r: 0.1221, micro_f1: 0.2085
INFO:train_bert_mtl_span_attr.py:Training...Epoches: 0, steps: 30, loss: 0.1108, span_acc: 0.5428, attr_acc: 0.3903, micro_p: 0.7131, micro_r: 0.1221, micro_f1: 0.2085
2020-10-28 16:11:22 - INFO - train_bert_mtl_span_attr.py - === Epoch 0 val ===
INFO:train_bert_mtl_span_attr.py:=== Epoch 0 val ===
2020-10-28 16:11:28 - INFO - train_bert_mtl_span_attr.py - Evaluation result: {'span_acc': 0.8524011299435028, 'attr_acc': 0.6483050847457628, 'micro_p': 0.8540145985401459, 'micro_r': 0.4148936170212766, 'micro_f1': 0.558472553699284}.
INFO:train_bert_mtl_span_attr.py:Evaluation result: {'span_acc': 0.8524011299435028, 'attr_acc': 0.6483050847457628, 'micro_p': 0.8540145985401459, 'micro_r': 0.4148936170212766, 'micro_f1': 0.558472553699284}.
2020-10-28 16:11:28 - INFO - train_bert_mtl_span_attr.py - Metric micro_f1 current / best: 0.558472553699284 / 0
INFO:train_bert_mtl_span_attr.py:Metric micro_f1 current / best: 0.558472553699284 / 0
2020-10-28 16:11:28 - INFO - train_bert_mtl_span_attr.py - Best ckpt and saved.
INFO:train_bert_mtl_span_attr.py:Best ckpt and saved.
2020-10-28 16:11:29 - INFO - train_bert_mtl_span_attr.py - === Epoch 1 train ===
INFO:train_bert_mtl_span_attr.py:=== Epoch 1 train ===
2020-10-28 16:11:45 - INFO - train_bert_mtl_span_attr.py - Training...Epoches: 1, steps: 40, loss: 0.0528, span_acc: 0.7786, attr_acc: 0.6851, micro_p: 0.7791, micro_r: 0.3811, micro_f1: 0.5119
INFO:train_bert_mtl_span_attr.py:Training...Epoches: 1, steps: 40, loss: 0.0528, span_acc: 0.7786, attr_acc: 0.6851, micro_p: 0.7791, micro_r: 0.3811, micro_f1: 0.5119
2020-10-28 16:12:03 - INFO - train_bert_mtl_span_attr.py - Training...Epoches: 1, steps: 50, loss: 0.0482, span_acc: 0.8115, attr_acc: 0.7300, micro_p: 0.8079, micro_r: 0.4415, micro_f1: 0.5710
INFO:train_bert_mtl_span_attr.py:Training...Epoches: 1, steps: 50, loss: 0.0482, span_acc: 0.8115, attr_acc: 0.7300, micro_p: 0.8079, micro_r: 0.4415, micro_f1: 0.5710
2020-10-28 16:12:24 - INFO - train_bert_mtl_span_attr.py - Training...Epoches: 1, steps: 60, loss: 0.0457, span_acc: 0.8279, attr_acc: 0.7283, micro_p: 0.8078, micro_r: 0.4781, micro_f1: 0.6007
INFO:train_bert_mtl_span_attr.py:Training...Epoches: 1, steps: 60, loss: 0.0457, span_acc: 0.8279, attr_acc: 0.7283, micro_p: 0.8078, micro_r: 0.4781, micro_f1: 0.6007
2020-10-28 16:12:33 - INFO - train_bert_mtl_span_attr.py - === Epoch 1 val ===
INFO:train_bert_mtl_span_attr.py:=== Epoch 1 val ===
2020-10-28 16:12:38 - INFO - train_bert_mtl_span_attr.py - Evaluation result: {'span_acc': 0.8668785310734464, 'attr_acc': 0.7824858757062146, 'micro_p': 0.8383838383838383, 'micro_r': 0.5886524822695035, 'micro_f1': 0.6916666666666667}.
INFO:train_bert_mtl_span_attr.py:Evaluation result: {'span_acc': 0.8668785310734464, 'attr_acc': 0.7824858757062146, 'micro_p': 0.8383838383838383, 'micro_r': 0.5886524822695035, 'micro_f1': 0.6916666666666667}.
2020-10-28 16:12:38 - INFO - train_bert_mtl_span_attr.py - Metric micro_f1 current / best: 0.6916666666666667 / 0.558472553699284
INFO:train_bert_mtl_span_attr.py:Metric micro_f1 current / best: 0.6916666666666667 / 0.558472553699284
2020-10-28 16:12:38 - INFO - train_bert_mtl_span_attr.py - Best ckpt and saved.
INFO:train_bert_mtl_span_attr.py:Best ckpt and saved.
2020-10-28 16:12:40 - INFO - train_bert_mtl_span_attr.py - === Epoch 2 train ===
INFO:train_bert_mtl_span_attr.py:=== Epoch 2 train ===
2020-10-28 16:12:51 - INFO - train_bert_mtl_span_attr.py - Training...Epoches: 2, steps: 70, loss: 0.0282, span_acc: 0.8817, attr_acc: 0.8400, micro_p: 0.8860, micro_r: 0.6224, micro_f1: 0.7312
INFO:train_bert_mtl_span_attr.py:Training...Epoches: 2, steps: 70, loss: 0.0282, span_acc: 0.8817, attr_acc: 0.8400, micro_p: 0.8860, micro_r: 0.6224, micro_f1: 0.7312
2020-10-28 16:13:09 - INFO - train_bert_mtl_span_attr.py - Training...Epoches: 2, steps: 80, loss: 0.0307, span_acc: 0.8832, attr_acc: 0.8222, micro_p: 0.8581, micro_r: 0.6063, micro_f1: 0.7106
INFO:train_bert_mtl_span_attr.py:Training...Epoches: 2, steps: 80, loss: 0.0307, span_acc: 0.8832, attr_acc: 0.8222, micro_p: 0.8581, micro_r: 0.6063, micro_f1: 0.7106
2020-10-28 16:13:32 - INFO - train_bert_mtl_span_attr.py - Training...Epoches: 2, steps: 90, loss: 0.0311, span_acc: 0.8701, attr_acc: 0.8188, micro_p: 0.8542, micro_r: 0.6172, micro_f1: 0.7166
INFO:train_bert_mtl_span_attr.py:Training...Epoches: 2, steps: 90, loss: 0.0311, span_acc: 0.8701, attr_acc: 0.8188, micro_p: 0.8542, micro_r: 0.6172, micro_f1: 0.7166
2020-10-28 16:13:43 - INFO - train_bert_mtl_span_attr.py - === Epoch 2 val ===
INFO:train_bert_mtl_span_attr.py:=== Epoch 2 val ===
2020-10-28 16:13:49 - INFO - train_bert_mtl_span_attr.py - Evaluation result: {'span_acc': 0.8651129943502824, 'attr_acc': 0.8223870056497176, 'micro_p': 0.864321608040201, 'micro_r': 0.6099290780141844, 'micro_f1': 0.7151767151767152}.
INFO:train_bert_mtl_span_attr.py:Evaluation result: {'span_acc': 0.8651129943502824, 'attr_acc': 0.8223870056497176, 'micro_p': 0.864321608040201, 'micro_r': 0.6099290780141844, 'micro_f1': 0.7151767151767152}.
2020-10-28 16:13:49 - INFO - train_bert_mtl_span_attr.py - Metric micro_f1 current / best: 0.7151767151767152 / 0.6916666666666667
INFO:train_bert_mtl_span_attr.py:Metric micro_f1 current / best: 0.7151767151767152 / 0.6916666666666667
2020-10-28 16:13:49 - INFO - train_bert_mtl_span_attr.py - Best ckpt and saved.
INFO:train_bert_mtl_span_attr.py:Best ckpt and saved.
2020-10-28 16:13:51 - INFO - train_bert_mtl_span_attr.py - === Epoch 3 train ===
INFO:train_bert_mtl_span_attr.py:=== Epoch 3 train ===
2020-10-28 16:13:58 - INFO - train_bert_mtl_span_attr.py - Training...Epoches: 3, steps: 100, loss: 0.0275, span_acc: 0.9106, attr_acc: 0.8092, micro_p: 0.8525, micro_r: 0.6271, micro_f1: 0.7227
INFO:train_bert_mtl_span_attr.py:Training...Epoches: 3, steps: 100, loss: 0.0275, span_acc: 0.9106, attr_acc: 0.8092, micro_p: 0.8525, micro_r: 0.6271, micro_f1: 0.7227
2020-10-28 16:14:17 - INFO - train_bert_mtl_span_attr.py - Training...Epoches: 3, steps: 110, loss: 0.0256, span_acc: 0.9000, attr_acc: 0.8419, micro_p: 0.8450, micro_r: 0.6606, micro_f1: 0.7415
INFO:train_bert_mtl_span_attr.py:Training...Epoches: 3, steps: 110, loss: 0.0256, span_acc: 0.9000, attr_acc: 0.8419, micro_p: 0.8450, micro_r: 0.6606, micro_f1: 0.7415
2020-10-28 16:14:36 - INFO - train_bert_mtl_span_attr.py - Training...Epoches: 3, steps: 120, loss: 0.0240, span_acc: 0.8999, attr_acc: 0.8469, micro_p: 0.8654, micro_r: 0.6756, micro_f1: 0.7588
INFO:train_bert_mtl_span_attr.py:Training...Epoches: 3, steps: 120, loss: 0.0240, span_acc: 0.8999, attr_acc: 0.8469, micro_p: 0.8654, micro_r: 0.6756, micro_f1: 0.7588
2020-10-28 16:14:52 - INFO - train_bert_mtl_span_attr.py - === Epoch 3 val ===
INFO:train_bert_mtl_span_attr.py:=== Epoch 3 val ===
2020-10-28 16:14:57 - INFO - train_bert_mtl_span_attr.py - Evaluation result: {'span_acc': 0.9230225988700564, 'attr_acc': 0.8499293785310734, 'micro_p': 0.8183632734530938, 'micro_r': 0.7269503546099291, 'micro_f1': 0.7699530516431925}.
INFO:train_bert_mtl_span_attr.py:Evaluation result: {'span_acc': 0.9230225988700564, 'attr_acc': 0.8499293785310734, 'micro_p': 0.8183632734530938, 'micro_r': 0.7269503546099291, 'micro_f1': 0.7699530516431925}.
2020-10-28 16:14:57 - INFO - train_bert_mtl_span_attr.py - Metric micro_f1 current / best: 0.7699530516431925 / 0.7151767151767152
INFO:train_bert_mtl_span_attr.py:Metric micro_f1 current / best: 0.7699530516431925 / 0.7151767151767152
2020-10-28 16:14:57 - INFO - train_bert_mtl_span_attr.py - Best ckpt and saved.
INFO:train_bert_mtl_span_attr.py:Best ckpt and saved.
2020-10-28 16:15:00 - INFO - train_bert_mtl_span_attr.py - === Epoch 4 train ===
INFO:train_bert_mtl_span_attr.py:=== Epoch 4 train ===
2020-10-28 16:15:04 - INFO - train_bert_mtl_span_attr.py - Training...Epoches: 4, steps: 130, loss: 0.0202, span_acc: 0.9368, attr_acc: 0.9169, micro_p: 0.8485, micro_r: 0.7527, micro_f1: 0.7977
INFO:train_bert_mtl_span_attr.py:Training...Epoches: 4, steps: 130, loss: 0.0202, span_acc: 0.9368, attr_acc: 0.9169, micro_p: 0.8485, micro_r: 0.7527, micro_f1: 0.7977
2020-10-28 16:15:21 - INFO - train_bert_mtl_span_attr.py - Training...Epoches: 4, steps: 140, loss: 0.0164, span_acc: 0.9229, attr_acc: 0.9136, micro_p: 0.8795, micro_r: 0.7372, micro_f1: 0.8021
INFO:train_bert_mtl_span_attr.py:Training...Epoches: 4, steps: 140, loss: 0.0164, span_acc: 0.9229, attr_acc: 0.9136, micro_p: 0.8795, micro_r: 0.7372, micro_f1: 0.8021
2020-10-28 16:15:44 - INFO - train_bert_mtl_span_attr.py - Training...Epoches: 4, steps: 150, loss: 0.0166, span_acc: 0.9229, attr_acc: 0.9168, micro_p: 0.8797, micro_r: 0.7435, micro_f1: 0.8059
INFO:train_bert_mtl_span_attr.py:Training...Epoches: 4, steps: 150, loss: 0.0166, span_acc: 0.9229, attr_acc: 0.9168, micro_p: 0.8797, micro_r: 0.7435, micro_f1: 0.8059
2020-10-28 16:16:09 - INFO - train_bert_mtl_span_attr.py - Training...Epoches: 4, steps: 160, loss: 0.0177, span_acc: 0.9173, attr_acc: 0.9135, micro_p: 0.8835, micro_r: 0.7451, micro_f1: 0.8084
INFO:train_bert_mtl_span_attr.py:Training...Epoches: 4, steps: 160, loss: 0.0177, span_acc: 0.9173, attr_acc: 0.9135, micro_p: 0.8835, micro_r: 0.7451, micro_f1: 0.8084
2020-10-28 16:16:10 - INFO - train_bert_mtl_span_attr.py - === Epoch 4 val ===
INFO:train_bert_mtl_span_attr.py:=== Epoch 4 val ===
2020-10-28 16:16:16 - INFO - train_bert_mtl_span_attr.py - Evaluation result: {'span_acc': 0.9092514124293786, 'attr_acc': 0.8739406779661016, 'micro_p': 0.8133595284872298, 'micro_r': 0.7340425531914894, 'micro_f1': 0.771668219944082}.
INFO:train_bert_mtl_span_attr.py:Evaluation result: {'span_acc': 0.9092514124293786, 'attr_acc': 0.8739406779661016, 'micro_p': 0.8133595284872298, 'micro_r': 0.7340425531914894, 'micro_f1': 0.771668219944082}.
2020-10-28 16:16:16 - INFO - train_bert_mtl_span_attr.py - Metric micro_f1 current / best: 0.771668219944082 / 0.7699530516431925
INFO:train_bert_mtl_span_attr.py:Metric micro_f1 current / best: 0.771668219944082 / 0.7699530516431925
2020-10-28 16:16:16 - INFO - train_bert_mtl_span_attr.py - Best ckpt and saved.
INFO:train_bert_mtl_span_attr.py:Best ckpt and saved.
2020-10-28 16:16:18 - INFO - train_bert_mtl_span_attr.py - === Epoch 5 train ===
INFO:train_bert_mtl_span_attr.py:=== Epoch 5 train ===
2020-10-28 16:16:38 - INFO - train_bert_mtl_span_attr.py - Training...Epoches: 5, steps: 170, loss: 0.0136, span_acc: 0.9396, attr_acc: 0.9250, micro_p: 0.9047, micro_r: 0.7713, micro_f1: 0.8327
INFO:train_bert_mtl_span_attr.py:Training...Epoches: 5, steps: 170, loss: 0.0136, span_acc: 0.9396, attr_acc: 0.9250, micro_p: 0.9047, micro_r: 0.7713, micro_f1: 0.8327
2020-10-28 16:17:00 - INFO - train_bert_mtl_span_attr.py - Training...Epoches: 5, steps: 180, loss: 0.0129, span_acc: 0.9385, attr_acc: 0.9302, micro_p: 0.9029, micro_r: 0.7829, micro_f1: 0.8386
INFO:train_bert_mtl_span_attr.py:Training...Epoches: 5, steps: 180, loss: 0.0129, span_acc: 0.9385, attr_acc: 0.9302, micro_p: 0.9029, micro_r: 0.7829, micro_f1: 0.8386
2020-10-28 16:18:12 - INFO - train_bert_mtl_span_attr.py - Training...Epoches: 5, steps: 190, loss: 0.0125, span_acc: 0.9400, attr_acc: 0.9372, micro_p: 0.9074, micro_r: 0.7955, micro_f1: 0.8478
INFO:train_bert_mtl_span_attr.py:Training...Epoches: 5, steps: 190, loss: 0.0125, span_acc: 0.9400, attr_acc: 0.9372, micro_p: 0.9074, micro_r: 0.7955, micro_f1: 0.8478
2020-10-28 16:18:52 - INFO - train_bert_mtl_span_attr.py - === Epoch 5 val ===
INFO:train_bert_mtl_span_attr.py:=== Epoch 5 val ===
2020-10-28 16:19:33 - INFO - train_bert_mtl_span_attr.py - Evaluation result: {'span_acc': 0.9304378531073446, 'attr_acc': 0.8742937853107344, 'micro_p': 0.83640081799591, 'micro_r': 0.725177304964539, 'micro_f1': 0.7768281101614435}.
INFO:train_bert_mtl_span_attr.py:Evaluation result: {'span_acc': 0.9304378531073446, 'attr_acc': 0.8742937853107344, 'micro_p': 0.83640081799591, 'micro_r': 0.725177304964539, 'micro_f1': 0.7768281101614435}.
2020-10-28 16:19:33 - INFO - train_bert_mtl_span_attr.py - Metric micro_f1 current / best: 0.7768281101614435 / 0.771668219944082
INFO:train_bert_mtl_span_attr.py:Metric micro_f1 current / best: 0.7768281101614435 / 0.771668219944082
2020-10-28 16:19:33 - INFO - train_bert_mtl_span_attr.py - Best ckpt and saved.
INFO:train_bert_mtl_span_attr.py:Best ckpt and saved.
2020-10-28 16:19:40 - INFO - train_bert_mtl_span_attr.py - === Epoch 6 train ===
INFO:train_bert_mtl_span_attr.py:=== Epoch 6 train ===
2020-10-28 16:21:33 - INFO - train_bert_mtl_span_attr.py - Training...Epoches: 6, steps: 200, loss: 0.0084, span_acc: 0.9648, attr_acc: 0.9734, micro_p: 0.9649, micro_r: 0.8429, micro_f1: 0.8998
INFO:train_bert_mtl_span_attr.py:Training...Epoches: 6, steps: 200, loss: 0.0084, span_acc: 0.9648, attr_acc: 0.9734, micro_p: 0.9649, micro_r: 0.8429, micro_f1: 0.8998
2020-10-28 16:24:11 - INFO - train_bert_mtl_span_attr.py - Training...Epoches: 6, steps: 210, loss: 0.0093, span_acc: 0.9578, attr_acc: 0.9588, micro_p: 0.9490, micro_r: 0.8420, micro_f1: 0.8923
INFO:train_bert_mtl_span_attr.py:Training...Epoches: 6, steps: 210, loss: 0.0093, span_acc: 0.9578, attr_acc: 0.9588, micro_p: 0.9490, micro_r: 0.8420, micro_f1: 0.8923
2020-10-28 16:27:28 - INFO - train_bert_mtl_span_attr.py - Training...Epoches: 6, steps: 220, loss: 0.0092, span_acc: 0.9515, attr_acc: 0.9560, micro_p: 0.9373, micro_r: 0.8370, micro_f1: 0.8843
INFO:train_bert_mtl_span_attr.py:Training...Epoches: 6, steps: 220, loss: 0.0092, span_acc: 0.9515, attr_acc: 0.9560, micro_p: 0.9373, micro_r: 0.8370, micro_f1: 0.8843
2020-10-28 16:28:34 - INFO - train_bert_mtl_span_attr.py - === Epoch 6 val ===
INFO:train_bert_mtl_span_attr.py:=== Epoch 6 val ===
2020-10-28 16:29:33 - INFO - train_bert_mtl_span_attr.py - Evaluation result: {'span_acc': 0.917725988700565, 'attr_acc': 0.8760593220338984, 'micro_p': 0.8642714570858283, 'micro_r': 0.7677304964539007, 'micro_f1': 0.8131455399061032}.
INFO:train_bert_mtl_span_attr.py:Evaluation result: {'span_acc': 0.917725988700565, 'attr_acc': 0.8760593220338984, 'micro_p': 0.8642714570858283, 'micro_r': 0.7677304964539007, 'micro_f1': 0.8131455399061032}.
2020-10-28 16:29:33 - INFO - train_bert_mtl_span_attr.py - Metric micro_f1 current / best: 0.8131455399061032 / 0.7768281101614435
INFO:train_bert_mtl_span_attr.py:Metric micro_f1 current / best: 0.8131455399061032 / 0.7768281101614435
2020-10-28 16:29:33 - INFO - train_bert_mtl_span_attr.py - Best ckpt and saved.
INFO:train_bert_mtl_span_attr.py:Best ckpt and saved.
2020-10-28 16:29:47 - INFO - train_bert_mtl_span_attr.py - === Epoch 7 train ===
INFO:train_bert_mtl_span_attr.py:=== Epoch 7 train ===
2020-10-28 16:31:33 - INFO - train_bert_mtl_span_attr.py - Training...Epoches: 7, steps: 230, loss: 0.0090, span_acc: 0.9431, attr_acc: 0.9582, micro_p: 0.9450, micro_r: 0.8112, micro_f1: 0.8730
INFO:train_bert_mtl_span_attr.py:Training...Epoches: 7, steps: 230, loss: 0.0090, span_acc: 0.9431, attr_acc: 0.9582, micro_p: 0.9450, micro_r: 0.8112, micro_f1: 0.8730
2020-10-28 16:34:00 - INFO - train_bert_mtl_span_attr.py - Training...Epoches: 7, steps: 240, loss: 0.0087, span_acc: 0.9486, attr_acc: 0.9572, micro_p: 0.9404, micro_r: 0.8262, micro_f1: 0.8796
INFO:train_bert_mtl_span_attr.py:Training...Epoches: 7, steps: 240, loss: 0.0087, span_acc: 0.9486, attr_acc: 0.9572, micro_p: 0.9404, micro_r: 0.8262, micro_f1: 0.8796
2020-10-28 16:37:04 - INFO - train_bert_mtl_span_attr.py - Training...Epoches: 7, steps: 250, loss: 0.0088, span_acc: 0.9551, attr_acc: 0.9606, micro_p: 0.9348, micro_r: 0.8383, micro_f1: 0.8839
INFO:train_bert_mtl_span_attr.py:Training...Epoches: 7, steps: 250, loss: 0.0088, span_acc: 0.9551, attr_acc: 0.9606, micro_p: 0.9348, micro_r: 0.8383, micro_f1: 0.8839
2020-10-28 16:38:23 - INFO - train_bert_mtl_span_attr.py - === Epoch 7 val ===
INFO:train_bert_mtl_span_attr.py:=== Epoch 7 val ===
2020-10-28 16:39:05 - INFO - train_bert_mtl_span_attr.py - Evaluation result: {'span_acc': 0.9339689265536724, 'attr_acc': 0.8975988700564972, 'micro_p': 0.8305400372439479, 'micro_r': 0.7907801418439716, 'micro_f1': 0.810172570390554}.
INFO:train_bert_mtl_span_attr.py:Evaluation result: {'span_acc': 0.9339689265536724, 'attr_acc': 0.8975988700564972, 'micro_p': 0.8305400372439479, 'micro_r': 0.7907801418439716, 'micro_f1': 0.810172570390554}.
2020-10-28 16:39:05 - INFO - train_bert_mtl_span_attr.py - Metric micro_f1 current / best: 0.810172570390554 / 0.8131455399061032
INFO:train_bert_mtl_span_attr.py:Metric micro_f1 current / best: 0.810172570390554 / 0.8131455399061032
2020-10-28 16:39:05 - INFO - train_bert_mtl_span_attr.py - === Epoch 8 train ===
INFO:train_bert_mtl_span_attr.py:=== Epoch 8 train ===
2020-10-28 16:39:58 - INFO - train_bert_mtl_span_attr.py - Training...Epoches: 8, steps: 260, loss: 0.0058, span_acc: 0.9682, attr_acc: 0.9667, micro_p: 0.9578, micro_r: 0.8566, micro_f1: 0.9044
INFO:train_bert_mtl_span_attr.py:Training...Epoches: 8, steps: 260, loss: 0.0058, span_acc: 0.9682, attr_acc: 0.9667, micro_p: 0.9578, micro_r: 0.8566, micro_f1: 0.9044
2020-10-28 16:42:23 - INFO - train_bert_mtl_span_attr.py - Training...Epoches: 8, steps: 270, loss: 0.0063, span_acc: 0.9699, attr_acc: 0.9719, micro_p: 0.9572, micro_r: 0.8800, micro_f1: 0.9170
INFO:train_bert_mtl_span_attr.py:Training...Epoches: 8, steps: 270, loss: 0.0063, span_acc: 0.9699, attr_acc: 0.9719, micro_p: 0.9572, micro_r: 0.8800, micro_f1: 0.9170
2020-10-28 16:44:57 - INFO - train_bert_mtl_span_attr.py - Training...Epoches: 8, steps: 280, loss: 0.0060, span_acc: 0.9704, attr_acc: 0.9713, micro_p: 0.9558, micro_r: 0.8888, micro_f1: 0.9210
INFO:train_bert_mtl_span_attr.py:Training...Epoches: 8, steps: 280, loss: 0.0060, span_acc: 0.9704, attr_acc: 0.9713, micro_p: 0.9558, micro_r: 0.8888, micro_f1: 0.9210
2020-10-28 16:46:48 - INFO - train_bert_mtl_span_attr.py - === Epoch 8 val ===
INFO:train_bert_mtl_span_attr.py:=== Epoch 8 val ===
2020-10-28 16:47:40 - INFO - train_bert_mtl_span_attr.py - Evaluation result: {'span_acc': 0.9396186440677966, 'attr_acc': 0.9081920903954802, 'micro_p': 0.8366972477064221, 'micro_r': 0.8085106382978723, 'micro_f1': 0.8223624887285842}.
INFO:train_bert_mtl_span_attr.py:Evaluation result: {'span_acc': 0.9396186440677966, 'attr_acc': 0.9081920903954802, 'micro_p': 0.8366972477064221, 'micro_r': 0.8085106382978723, 'micro_f1': 0.8223624887285842}.
2020-10-28 16:47:40 - INFO - train_bert_mtl_span_attr.py - Metric micro_f1 current / best: 0.8223624887285842 / 0.8131455399061032
INFO:train_bert_mtl_span_attr.py:Metric micro_f1 current / best: 0.8223624887285842 / 0.8131455399061032
2020-10-28 16:47:40 - INFO - train_bert_mtl_span_attr.py - Best ckpt and saved.
INFO:train_bert_mtl_span_attr.py:Best ckpt and saved.
2020-10-28 16:47:43 - INFO - train_bert_mtl_span_attr.py - === Epoch 9 train ===
INFO:train_bert_mtl_span_attr.py:=== Epoch 9 train ===
2020-10-28 16:48:06 - INFO - train_bert_mtl_span_attr.py - Training...Epoches: 9, steps: 290, loss: 0.0044, span_acc: 0.9842, attr_acc: 0.9842, micro_p: 0.9514, micro_r: 0.9133, micro_f1: 0.9320
INFO:train_bert_mtl_span_attr.py:Training...Epoches: 9, steps: 290, loss: 0.0044, span_acc: 0.9842, attr_acc: 0.9842, micro_p: 0.9514, micro_r: 0.9133, micro_f1: 0.9320
2020-10-28 16:50:40 - INFO - train_bert_mtl_span_attr.py - Training...Epoches: 9, steps: 300, loss: 0.0041, span_acc: 0.9803, attr_acc: 0.9827, micro_p: 0.9695, micro_r: 0.9118, micro_f1: 0.9398
INFO:train_bert_mtl_span_attr.py:Training...Epoches: 9, steps: 300, loss: 0.0041, span_acc: 0.9803, attr_acc: 0.9827, micro_p: 0.9695, micro_r: 0.9118, micro_f1: 0.9398
2020-10-28 16:53:56 - INFO - train_bert_mtl_span_attr.py - Training...Epoches: 9, steps: 310, loss: 0.0042, span_acc: 0.9783, attr_acc: 0.9813, micro_p: 0.9707, micro_r: 0.9202, micro_f1: 0.9448
INFO:train_bert_mtl_span_attr.py:Training...Epoches: 9, steps: 310, loss: 0.0042, span_acc: 0.9783, attr_acc: 0.9813, micro_p: 0.9707, micro_r: 0.9202, micro_f1: 0.9448
2020-10-28 16:56:19 - INFO - train_bert_mtl_span_attr.py - Training...Epoches: 9, steps: 320, loss: 0.0048, span_acc: 0.9781, attr_acc: 0.9790, micro_p: 0.9695, micro_r: 0.9150, micro_f1: 0.9415
INFO:train_bert_mtl_span_attr.py:Training...Epoches: 9, steps: 320, loss: 0.0048, span_acc: 0.9781, attr_acc: 0.9790, micro_p: 0.9695, micro_r: 0.9150, micro_f1: 0.9415
2020-10-28 16:56:27 - INFO - train_bert_mtl_span_attr.py - === Epoch 9 val ===
INFO:train_bert_mtl_span_attr.py:=== Epoch 9 val ===
2020-10-28 16:56:59 - INFO - train_bert_mtl_span_attr.py - Evaluation result: {'span_acc': 0.9201977401129944, 'attr_acc': 0.878177966101695, 'micro_p': 0.8565656565656565, 'micro_r': 0.75177304964539, 'micro_f1': 0.8007554296506137}.
INFO:train_bert_mtl_span_attr.py:Evaluation result: {'span_acc': 0.9201977401129944, 'attr_acc': 0.878177966101695, 'micro_p': 0.8565656565656565, 'micro_r': 0.75177304964539, 'micro_f1': 0.8007554296506137}.
2020-10-28 16:56:59 - INFO - train_bert_mtl_span_attr.py - Metric micro_f1 current / best: 0.8007554296506137 / 0.8223624887285842
INFO:train_bert_mtl_span_attr.py:Metric micro_f1 current / best: 0.8007554296506137 / 0.8223624887285842
2020-10-28 16:56:59 - INFO - train_bert_mtl_span_attr.py - === Epoch 10 train ===
INFO:train_bert_mtl_span_attr.py:=== Epoch 10 train ===
2020-10-28 16:59:45 - INFO - train_bert_mtl_span_attr.py - Training...Epoches: 10, steps: 330, loss: 0.0054, span_acc: 0.9770, attr_acc: 0.9781, micro_p: 0.9677, micro_r: 0.9146, micro_f1: 0.9404
INFO:train_bert_mtl_span_attr.py:Training...Epoches: 10, steps: 330, loss: 0.0054, span_acc: 0.9770, attr_acc: 0.9781, micro_p: 0.9677, micro_r: 0.9146, micro_f1: 0.9404
2020-10-28 17:01:52 - INFO - train_bert_mtl_span_attr.py - Training...Epoches: 10, steps: 340, loss: 0.0056, span_acc: 0.9762, attr_acc: 0.9718, micro_p: 0.9593, micro_r: 0.9050, micro_f1: 0.9313
INFO:train_bert_mtl_span_attr.py:Training...Epoches: 10, steps: 340, loss: 0.0056, span_acc: 0.9762, attr_acc: 0.9718, micro_p: 0.9593, micro_r: 0.9050, micro_f1: 0.9313
2020-10-28 17:04:33 - INFO - train_bert_mtl_span_attr.py - Training...Epoches: 10, steps: 350, loss: 0.0054, span_acc: 0.9767, attr_acc: 0.9744, micro_p: 0.9635, micro_r: 0.9079, micro_f1: 0.9349
INFO:train_bert_mtl_span_attr.py:Training...Epoches: 10, steps: 350, loss: 0.0054, span_acc: 0.9767, attr_acc: 0.9744, micro_p: 0.9635, micro_r: 0.9079, micro_f1: 0.9349
2020-10-28 17:05:12 - INFO - train_bert_mtl_span_attr.py - === Epoch 10 val ===
INFO:train_bert_mtl_span_attr.py:=== Epoch 10 val ===
2020-10-28 17:05:59 - INFO - train_bert_mtl_span_attr.py - Evaluation result: {'span_acc': 0.9293785310734464, 'attr_acc': 0.893361581920904, 'micro_p': 0.8530534351145038, 'micro_r': 0.7925531914893617, 'micro_f1': 0.8216911764705881}.
INFO:train_bert_mtl_span_attr.py:Evaluation result: {'span_acc': 0.9293785310734464, 'attr_acc': 0.893361581920904, 'micro_p': 0.8530534351145038, 'micro_r': 0.7925531914893617, 'micro_f1': 0.8216911764705881}.
2020-10-28 17:05:59 - INFO - train_bert_mtl_span_attr.py - Metric micro_f1 current / best: 0.8216911764705881 / 0.8223624887285842
INFO:train_bert_mtl_span_attr.py:Metric micro_f1 current / best: 0.8216911764705881 / 0.8223624887285842
2020-10-28 17:05:59 - INFO - train_bert_mtl_span_attr.py - === Epoch 11 train ===
INFO:train_bert_mtl_span_attr.py:=== Epoch 11 train ===
2020-10-28 17:07:39 - INFO - train_bert_mtl_span_attr.py - Training...Epoches: 11, steps: 360, loss: 0.0030, span_acc: 0.9844, attr_acc: 0.9887, micro_p: 0.9836, micro_r: 0.9456, micro_f1: 0.9642
INFO:train_bert_mtl_span_attr.py:Training...Epoches: 11, steps: 360, loss: 0.0030, span_acc: 0.9844, attr_acc: 0.9887, micro_p: 0.9836, micro_r: 0.9456, micro_f1: 0.9642
2020-10-28 17:10:01 - INFO - train_bert_mtl_span_attr.py - Training...Epoches: 11, steps: 370, loss: 0.0028, span_acc: 0.9871, attr_acc: 0.9896, micro_p: 0.9806, micro_r: 0.9490, micro_f1: 0.9645
INFO:train_bert_mtl_span_attr.py:Training...Epoches: 11, steps: 370, loss: 0.0028, span_acc: 0.9871, attr_acc: 0.9896, micro_p: 0.9806, micro_r: 0.9490, micro_f1: 0.9645
2020-10-28 17:12:46 - INFO - train_bert_mtl_span_attr.py - Training...Epoches: 11, steps: 380, loss: 0.0029, span_acc: 0.9858, attr_acc: 0.9882, micro_p: 0.9817, micro_r: 0.9447, micro_f1: 0.9629
INFO:train_bert_mtl_span_attr.py:Training...Epoches: 11, steps: 380, loss: 0.0029, span_acc: 0.9858, attr_acc: 0.9882, micro_p: 0.9817, micro_r: 0.9447, micro_f1: 0.9629
2020-10-28 17:13:37 - INFO - train_bert_mtl_span_attr.py - === Epoch 11 val ===
INFO:train_bert_mtl_span_attr.py:=== Epoch 11 val ===
2020-10-28 17:14:18 - INFO - train_bert_mtl_span_attr.py - Evaluation result: {'span_acc': 0.9251412429378532, 'attr_acc': 0.8968926553672316, 'micro_p': 0.8449905482041588, 'micro_r': 0.7925531914893617, 'micro_f1': 0.8179322964318388}.
INFO:train_bert_mtl_span_attr.py:Evaluation result: {'span_acc': 0.9251412429378532, 'attr_acc': 0.8968926553672316, 'micro_p': 0.8449905482041588, 'micro_r': 0.7925531914893617, 'micro_f1': 0.8179322964318388}.
2020-10-28 17:14:18 - INFO - train_bert_mtl_span_attr.py - Metric micro_f1 current / best: 0.8179322964318388 / 0.8223624887285842
INFO:train_bert_mtl_span_attr.py:Metric micro_f1 current / best: 0.8179322964318388 / 0.8223624887285842
2020-10-28 17:14:18 - INFO - train_bert_mtl_span_attr.py - === Epoch 12 train ===
INFO:train_bert_mtl_span_attr.py:=== Epoch 12 train ===
2020-10-28 17:15:40 - INFO - train_bert_mtl_span_attr.py - Training...Epoches: 12, steps: 390, loss: 0.0028, span_acc: 0.9873, attr_acc: 0.9939, micro_p: 0.9716, micro_r: 0.9602, micro_f1: 0.9658
INFO:train_bert_mtl_span_attr.py:Training...Epoches: 12, steps: 390, loss: 0.0028, span_acc: 0.9873, attr_acc: 0.9939, micro_p: 0.9716, micro_r: 0.9602, micro_f1: 0.9658
2020-10-28 17:18:27 - INFO - train_bert_mtl_span_attr.py - Training...Epoches: 12, steps: 400, loss: 0.0023, span_acc: 0.9905, attr_acc: 0.9929, micro_p: 0.9780, micro_r: 0.9622, micro_f1: 0.9701
INFO:train_bert_mtl_span_attr.py:Training...Epoches: 12, steps: 400, loss: 0.0023, span_acc: 0.9905, attr_acc: 0.9929, micro_p: 0.9780, micro_r: 0.9622, micro_f1: 0.9701
2020-10-28 17:21:09 - INFO - train_bert_mtl_span_attr.py - Training...Epoches: 12, steps: 410, loss: 0.0025, span_acc: 0.9902, attr_acc: 0.9911, micro_p: 0.9776, micro_r: 0.9608, micro_f1: 0.9691
INFO:train_bert_mtl_span_attr.py:Training...Epoches: 12, steps: 410, loss: 0.0025, span_acc: 0.9902, attr_acc: 0.9911, micro_p: 0.9776, micro_r: 0.9608, micro_f1: 0.9691
2020-10-28 17:22:29 - INFO - train_bert_mtl_span_attr.py - === Epoch 12 val ===
INFO:train_bert_mtl_span_attr.py:=== Epoch 12 val ===
2020-10-28 17:23:06 - INFO - train_bert_mtl_span_attr.py - Evaluation result: {'span_acc': 0.9367937853107344, 'attr_acc': 0.9036016949152542, 'micro_p': 0.8604206500956023, 'micro_r': 0.7978723404255319, 'micro_f1': 0.8279668813247469}.
INFO:train_bert_mtl_span_attr.py:Evaluation result: {'span_acc': 0.9367937853107344, 'attr_acc': 0.9036016949152542, 'micro_p': 0.8604206500956023, 'micro_r': 0.7978723404255319, 'micro_f1': 0.8279668813247469}.
2020-10-28 17:23:06 - INFO - train_bert_mtl_span_attr.py - Metric micro_f1 current / best: 0.8279668813247469 / 0.8223624887285842
INFO:train_bert_mtl_span_attr.py:Metric micro_f1 current / best: 0.8279668813247469 / 0.8223624887285842
2020-10-28 17:23:06 - INFO - train_bert_mtl_span_attr.py - Best ckpt and saved.
INFO:train_bert_mtl_span_attr.py:Best ckpt and saved.
2020-10-28 17:23:20 - INFO - train_bert_mtl_span_attr.py - === Epoch 13 train ===
INFO:train_bert_mtl_span_attr.py:=== Epoch 13 train ===
2020-10-28 17:24:05 - INFO - train_bert_mtl_span_attr.py - Training...Epoches: 13, steps: 420, loss: 0.0018, span_acc: 0.9956, attr_acc: 0.9934, micro_p: 0.9895, micro_r: 0.9827, micro_f1: 0.9861
INFO:train_bert_mtl_span_attr.py:Training...Epoches: 13, steps: 420, loss: 0.0018, span_acc: 0.9956, attr_acc: 0.9934, micro_p: 0.9895, micro_r: 0.9827, micro_f1: 0.9861
2020-10-28 17:26:29 - INFO - train_bert_mtl_span_attr.py - Training...Epoches: 13, steps: 430, loss: 0.0019, span_acc: 0.9918, attr_acc: 0.9944, micro_p: 0.9878, micro_r: 0.9672, micro_f1: 0.9774
INFO:train_bert_mtl_span_attr.py:Training...Epoches: 13, steps: 430, loss: 0.0019, span_acc: 0.9918, attr_acc: 0.9944, micro_p: 0.9878, micro_r: 0.9672, micro_f1: 0.9774
2020-10-28 17:29:09 - INFO - train_bert_mtl_span_attr.py - Training...Epoches: 13, steps: 440, loss: 0.0023, span_acc: 0.9899, attr_acc: 0.9918, micro_p: 0.9806, micro_r: 0.9614, micro_f1: 0.9709
INFO:train_bert_mtl_span_attr.py:Training...Epoches: 13, steps: 440, loss: 0.0023, span_acc: 0.9899, attr_acc: 0.9918, micro_p: 0.9806, micro_r: 0.9614, micro_f1: 0.9709
2020-10-28 17:31:02 - INFO - train_bert_mtl_span_attr.py - === Epoch 13 val ===
INFO:train_bert_mtl_span_attr.py:=== Epoch 13 val ===
2020-10-28 17:31:53 - INFO - train_bert_mtl_span_attr.py - Evaluation result: {'span_acc': 0.9392655367231638, 'attr_acc': 0.9011299435028248, 'micro_p': 0.8360655737704918, 'micro_r': 0.8138297872340425, 'micro_f1': 0.8247978436657682}.
INFO:train_bert_mtl_span_attr.py:Evaluation result: {'span_acc': 0.9392655367231638, 'attr_acc': 0.9011299435028248, 'micro_p': 0.8360655737704918, 'micro_r': 0.8138297872340425, 'micro_f1': 0.8247978436657682}.
2020-10-28 17:31:53 - INFO - train_bert_mtl_span_attr.py - Metric micro_f1 current / best: 0.8247978436657682 / 0.8279668813247469
INFO:train_bert_mtl_span_attr.py:Metric micro_f1 current / best: 0.8247978436657682 / 0.8279668813247469
2020-10-28 17:31:53 - INFO - train_bert_mtl_span_attr.py - === Epoch 14 train ===
INFO:train_bert_mtl_span_attr.py:=== Epoch 14 train ===
2020-10-28 17:32:36 - INFO - train_bert_mtl_span_attr.py - Training...Epoches: 14, steps: 450, loss: 0.0017, span_acc: 1.0000, attr_acc: 0.9923, micro_p: 0.9805, micro_r: 0.9742, micro_f1: 0.9773
INFO:train_bert_mtl_span_attr.py:Training...Epoches: 14, steps: 450, loss: 0.0017, span_acc: 1.0000, attr_acc: 0.9923, micro_p: 0.9805, micro_r: 0.9742, micro_f1: 0.9773
2020-10-28 17:35:56 - INFO - train_bert_mtl_span_attr.py - Training...Epoches: 14, steps: 460, loss: 0.0025, span_acc: 0.9881, attr_acc: 0.9908, micro_p: 0.9841, micro_r: 0.9688, micro_f1: 0.9764
INFO:train_bert_mtl_span_attr.py:Training...Epoches: 14, steps: 460, loss: 0.0025, span_acc: 0.9881, attr_acc: 0.9908, micro_p: 0.9841, micro_r: 0.9688, micro_f1: 0.9764
2020-10-28 17:38:32 - INFO - train_bert_mtl_span_attr.py - Training...Epoches: 14, steps: 470, loss: 0.0026, span_acc: 0.9863, attr_acc: 0.9896, micro_p: 0.9800, micro_r: 0.9590, micro_f1: 0.9694
INFO:train_bert_mtl_span_attr.py:Training...Epoches: 14, steps: 470, loss: 0.0026, span_acc: 0.9863, attr_acc: 0.9896, micro_p: 0.9800, micro_r: 0.9590, micro_f1: 0.9694
2020-10-28 17:40:45 - INFO - train_bert_mtl_span_attr.py - Training...Epoches: 14, steps: 480, loss: 0.0028, span_acc: 0.9877, attr_acc: 0.9906, micro_p: 0.9784, micro_r: 0.9611, micro_f1: 0.9696
INFO:train_bert_mtl_span_attr.py:Training...Epoches: 14, steps: 480, loss: 0.0028, span_acc: 0.9877, attr_acc: 0.9906, micro_p: 0.9784, micro_r: 0.9611, micro_f1: 0.9696
2020-10-28 17:40:51 - INFO - train_bert_mtl_span_attr.py - === Epoch 14 val ===
INFO:train_bert_mtl_span_attr.py:=== Epoch 14 val ===
2020-10-28 17:41:44 - INFO - train_bert_mtl_span_attr.py - Evaluation result: {'span_acc': 0.9046610169491526, 'attr_acc': 0.8806497175141242, 'micro_p': 0.8790322580645161, 'micro_r': 0.7730496453900709, 'micro_f1': 0.8226415094339623}.
INFO:train_bert_mtl_span_attr.py:Evaluation result: {'span_acc': 0.9046610169491526, 'attr_acc': 0.8806497175141242, 'micro_p': 0.8790322580645161, 'micro_r': 0.7730496453900709, 'micro_f1': 0.8226415094339623}.
2020-10-28 17:41:44 - INFO - train_bert_mtl_span_attr.py - Metric micro_f1 current / best: 0.8226415094339623 / 0.8279668813247469
INFO:train_bert_mtl_span_attr.py:Metric micro_f1 current / best: 0.8226415094339623 / 0.8279668813247469
2020-10-28 17:41:44 - INFO - train_bert_mtl_span_attr.py - === Epoch 15 train ===
INFO:train_bert_mtl_span_attr.py:=== Epoch 15 train ===
2020-10-28 17:44:25 - INFO - train_bert_mtl_span_attr.py - Training...Epoches: 15, steps: 490, loss: 0.0020, span_acc: 0.9913, attr_acc: 0.9951, micro_p: 0.9875, micro_r: 0.9714, micro_f1: 0.9794
INFO:train_bert_mtl_span_attr.py:Training...Epoches: 15, steps: 490, loss: 0.0020, span_acc: 0.9913, attr_acc: 0.9951, micro_p: 0.9875, micro_r: 0.9714, micro_f1: 0.9794
2020-10-28 17:46:43 - INFO - train_bert_mtl_span_attr.py - Training...Epoches: 15, steps: 500, loss: 0.0022, span_acc: 0.9898, attr_acc: 0.9930, micro_p: 0.9801, micro_r: 0.9682, micro_f1: 0.9741
INFO:train_bert_mtl_span_attr.py:Training...Epoches: 15, steps: 500, loss: 0.0022, span_acc: 0.9898, attr_acc: 0.9930, micro_p: 0.9801, micro_r: 0.9682, micro_f1: 0.9741
2020-10-28 17:48:47 - INFO - train_bert_mtl_span_attr.py - Training...Epoches: 15, steps: 510, loss: 0.0023, span_acc: 0.9903, attr_acc: 0.9928, micro_p: 0.9840, micro_r: 0.9663, micro_f1: 0.9751
INFO:train_bert_mtl_span_attr.py:Training...Epoches: 15, steps: 510, loss: 0.0023, span_acc: 0.9903, attr_acc: 0.9928, micro_p: 0.9840, micro_r: 0.9663, micro_f1: 0.9751
2020-10-28 17:49:11 - INFO - train_bert_mtl_span_attr.py - === Epoch 15 val ===
INFO:train_bert_mtl_span_attr.py:=== Epoch 15 val ===
2020-10-28 17:49:57 - INFO - train_bert_mtl_span_attr.py - Evaluation result: {'span_acc': 0.9166666666666666, 'attr_acc': 0.8915960451977402, 'micro_p': 0.8571428571428571, 'micro_r': 0.7978723404255319, 'micro_f1': 0.8264462809917356}.
INFO:train_bert_mtl_span_attr.py:Evaluation result: {'span_acc': 0.9166666666666666, 'attr_acc': 0.8915960451977402, 'micro_p': 0.8571428571428571, 'micro_r': 0.7978723404255319, 'micro_f1': 0.8264462809917356}.
2020-10-28 17:49:57 - INFO - train_bert_mtl_span_attr.py - Metric micro_f1 current / best: 0.8264462809917356 / 0.8279668813247469
INFO:train_bert_mtl_span_attr.py:Metric micro_f1 current / best: 0.8264462809917356 / 0.8279668813247469
2020-10-28 17:49:58 - INFO - train_bert_mtl_span_attr.py - === Epoch 16 train ===
INFO:train_bert_mtl_span_attr.py:=== Epoch 16 train ===
2020-10-28 17:51:42 - INFO - train_bert_mtl_span_attr.py - Training...Epoches: 16, steps: 520, loss: 0.0019, span_acc: 0.9956, attr_acc: 0.9973, micro_p: 0.9901, micro_r: 0.9804, micro_f1: 0.9852
INFO:train_bert_mtl_span_attr.py:Training...Epoches: 16, steps: 520, loss: 0.0019, span_acc: 0.9956, attr_acc: 0.9973, micro_p: 0.9901, micro_r: 0.9804, micro_f1: 0.9852
2020-10-28 17:54:06 - INFO - train_bert_mtl_span_attr.py - Training...Epoches: 16, steps: 530, loss: 0.0021, span_acc: 0.9937, attr_acc: 0.9943, micro_p: 0.9867, micro_r: 0.9737, micro_f1: 0.9801
INFO:train_bert_mtl_span_attr.py:Training...Epoches: 16, steps: 530, loss: 0.0021, span_acc: 0.9937, attr_acc: 0.9943, micro_p: 0.9867, micro_r: 0.9737, micro_f1: 0.9801
2020-10-28 17:56:56 - INFO - train_bert_mtl_span_attr.py - Training...Epoches: 16, steps: 540, loss: 0.0018, span_acc: 0.9941, attr_acc: 0.9947, micro_p: 0.9866, micro_r: 0.9731, micro_f1: 0.9798
INFO:train_bert_mtl_span_attr.py:Training...Epoches: 16, steps: 540, loss: 0.0018, span_acc: 0.9941, attr_acc: 0.9947, micro_p: 0.9866, micro_r: 0.9731, micro_f1: 0.9798
2020-10-28 17:57:54 - INFO - train_bert_mtl_span_attr.py - === Epoch 16 val ===
INFO:train_bert_mtl_span_attr.py:=== Epoch 16 val ===
2020-10-28 17:58:33 - INFO - train_bert_mtl_span_attr.py - Evaluation result: {'span_acc': 0.9226694915254238, 'attr_acc': 0.8965395480225988, 'micro_p': 0.8433962264150944, 'micro_r': 0.7925531914893617, 'micro_f1': 0.8171846435100548}.
INFO:train_bert_mtl_span_attr.py:Evaluation result: {'span_acc': 0.9226694915254238, 'attr_acc': 0.8965395480225988, 'micro_p': 0.8433962264150944, 'micro_r': 0.7925531914893617, 'micro_f1': 0.8171846435100548}.
2020-10-28 17:58:33 - INFO - train_bert_mtl_span_attr.py - Metric micro_f1 current / best: 0.8171846435100548 / 0.8279668813247469
INFO:train_bert_mtl_span_attr.py:Metric micro_f1 current / best: 0.8171846435100548 / 0.8279668813247469
2020-10-28 17:58:34 - INFO - train_bert_mtl_span_attr.py - === Epoch 17 train ===
INFO:train_bert_mtl_span_attr.py:=== Epoch 17 train ===
2020-10-28 17:59:44 - INFO - train_bert_mtl_span_attr.py - Training...Epoches: 17, steps: 550, loss: 0.0012, span_acc: 0.9980, attr_acc: 0.9995, micro_p: 0.9975, micro_r: 0.9901, micro_f1: 0.9938
INFO:train_bert_mtl_span_attr.py:Training...Epoches: 17, steps: 550, loss: 0.0012, span_acc: 0.9980, attr_acc: 0.9995, micro_p: 0.9975, micro_r: 0.9901, micro_f1: 0.9938
2020-10-28 18:02:05 - INFO - train_bert_mtl_span_attr.py - Training...Epoches: 17, steps: 560, loss: 0.0014, span_acc: 0.9951, attr_acc: 0.9963, micro_p: 0.9947, micro_r: 0.9887, micro_f1: 0.9917
INFO:train_bert_mtl_span_attr.py:Training...Epoches: 17, steps: 560, loss: 0.0014, span_acc: 0.9951, attr_acc: 0.9963, micro_p: 0.9947, micro_r: 0.9887, micro_f1: 0.9917
2020-10-28 18:04:34 - INFO - train_bert_mtl_span_attr.py - Training...Epoches: 17, steps: 570, loss: 0.0014, span_acc: 0.9951, attr_acc: 0.9961, micro_p: 0.9923, micro_r: 0.9846, micro_f1: 0.9884
INFO:train_bert_mtl_span_attr.py:Training...Epoches: 17, steps: 570, loss: 0.0014, span_acc: 0.9951, attr_acc: 0.9961, micro_p: 0.9923, micro_r: 0.9846, micro_f1: 0.9884
2020-10-28 18:06:55 - INFO - train_bert_mtl_span_attr.py - === Epoch 17 val ===
INFO:train_bert_mtl_span_attr.py:=== Epoch 17 val ===
2020-10-28 18:07:47 - INFO - train_bert_mtl_span_attr.py - Evaluation result: {'span_acc': 0.9375, 'attr_acc': 0.9067796610169492, 'micro_p': 0.8651685393258427, 'micro_r': 0.8191489361702128, 'micro_f1': 0.8415300546448087}.
INFO:train_bert_mtl_span_attr.py:Evaluation result: {'span_acc': 0.9375, 'attr_acc': 0.9067796610169492, 'micro_p': 0.8651685393258427, 'micro_r': 0.8191489361702128, 'micro_f1': 0.8415300546448087}.
2020-10-28 18:07:47 - INFO - train_bert_mtl_span_attr.py - Metric micro_f1 current / best: 0.8415300546448087 / 0.8279668813247469
INFO:train_bert_mtl_span_attr.py:Metric micro_f1 current / best: 0.8415300546448087 / 0.8279668813247469
2020-10-28 18:07:47 - INFO - train_bert_mtl_span_attr.py - Best ckpt and saved.
INFO:train_bert_mtl_span_attr.py:Best ckpt and saved.
2020-10-28 18:07:57 - INFO - train_bert_mtl_span_attr.py - === Epoch 18 train ===
INFO:train_bert_mtl_span_attr.py:=== Epoch 18 train ===
2020-10-28 18:09:08 - INFO - train_bert_mtl_span_attr.py - Training...Epoches: 18, steps: 580, loss: 0.0015, span_acc: 0.9986, attr_acc: 1.0000, micro_p: 0.9899, micro_r: 0.9932, micro_f1: 0.9916
INFO:train_bert_mtl_span_attr.py:Training...Epoches: 18, steps: 580, loss: 0.0015, span_acc: 0.9986, attr_acc: 1.0000, micro_p: 0.9899, micro_r: 0.9932, micro_f1: 0.9916
2020-10-28 18:11:48 - INFO - train_bert_mtl_span_attr.py - Training...Epoches: 18, steps: 590, loss: 0.0010, span_acc: 0.9981, attr_acc: 0.9987, micro_p: 0.9914, micro_r: 0.9904, micro_f1: 0.9909
INFO:train_bert_mtl_span_attr.py:Training...Epoches: 18, steps: 590, loss: 0.0010, span_acc: 0.9981, attr_acc: 0.9987, micro_p: 0.9914, micro_r: 0.9904, micro_f1: 0.9909
2020-10-28 18:14:20 - INFO - train_bert_mtl_span_attr.py - Training...Epoches: 18, steps: 600, loss: 0.0014, span_acc: 0.9949, attr_acc: 0.9960, micro_p: 0.9923, micro_r: 0.9859, micro_f1: 0.9891
INFO:train_bert_mtl_span_attr.py:Training...Epoches: 18, steps: 600, loss: 0.0014, span_acc: 0.9949, attr_acc: 0.9960, micro_p: 0.9923, micro_r: 0.9859, micro_f1: 0.9891
2020-10-28 18:16:21 - INFO - train_bert_mtl_span_attr.py - === Epoch 18 val ===
INFO:train_bert_mtl_span_attr.py:=== Epoch 18 val ===
2020-10-28 18:17:03 - INFO - train_bert_mtl_span_attr.py - Evaluation result: {'span_acc': 0.91454802259887, 'attr_acc': 0.8862994350282486, 'micro_p': 0.8844621513944223, 'micro_r': 0.7872340425531915, 'micro_f1': 0.8330206378986866}.
INFO:train_bert_mtl_span_attr.py:Evaluation result: {'span_acc': 0.91454802259887, 'attr_acc': 0.8862994350282486, 'micro_p': 0.8844621513944223, 'micro_r': 0.7872340425531915, 'micro_f1': 0.8330206378986866}.
2020-10-28 18:17:03 - INFO - train_bert_mtl_span_attr.py - Metric micro_f1 current / best: 0.8330206378986866 / 0.8415300546448087
INFO:train_bert_mtl_span_attr.py:Metric micro_f1 current / best: 0.8330206378986866 / 0.8415300546448087
2020-10-28 18:17:03 - INFO - train_bert_mtl_span_attr.py - === Epoch 19 train ===
INFO:train_bert_mtl_span_attr.py:=== Epoch 19 train ===
2020-10-28 18:17:20 - INFO - train_bert_mtl_span_attr.py - Training...Epoches: 19, steps: 610, loss: 0.0008, span_acc: 0.9973, attr_acc: 0.9919, micro_p: 0.9864, micro_r: 0.9732, micro_f1: 0.9797
INFO:train_bert_mtl_span_attr.py:Training...Epoches: 19, steps: 610, loss: 0.0008, span_acc: 0.9973, attr_acc: 0.9919, micro_p: 0.9864, micro_r: 0.9732, micro_f1: 0.9797
2020-10-28 18:20:22 - INFO - train_bert_mtl_span_attr.py - Training...Epoches: 19, steps: 620, loss: 0.0009, span_acc: 0.9974, attr_acc: 0.9972, micro_p: 0.9933, micro_r: 0.9846, micro_f1: 0.9889
INFO:train_bert_mtl_span_attr.py:Training...Epoches: 19, steps: 620, loss: 0.0009, span_acc: 0.9974, attr_acc: 0.9972, micro_p: 0.9933, micro_r: 0.9846, micro_f1: 0.9889
2020-10-28 18:22:30 - INFO - train_bert_mtl_span_attr.py - Training...Epoches: 19, steps: 630, loss: 0.0009, span_acc: 0.9983, attr_acc: 0.9980, micro_p: 0.9937, micro_r: 0.9887, micro_f1: 0.9912
INFO:train_bert_mtl_span_attr.py:Training...Epoches: 19, steps: 630, loss: 0.0009, span_acc: 0.9983, attr_acc: 0.9980, micro_p: 0.9937, micro_r: 0.9887, micro_f1: 0.9912
2020-10-28 18:24:37 - INFO - train_bert_mtl_span_attr.py - Training...Epoches: 19, steps: 640, loss: 0.0010, span_acc: 0.9974, attr_acc: 0.9981, micro_p: 0.9929, micro_r: 0.9881, micro_f1: 0.9905
INFO:train_bert_mtl_span_attr.py:Training...Epoches: 19, steps: 640, loss: 0.0010, span_acc: 0.9974, attr_acc: 0.9981, micro_p: 0.9929, micro_r: 0.9881, micro_f1: 0.9905
2020-10-28 18:24:45 - INFO - train_bert_mtl_span_attr.py - === Epoch 19 val ===
INFO:train_bert_mtl_span_attr.py:=== Epoch 19 val ===
2020-10-28 18:25:32 - INFO - train_bert_mtl_span_attr.py - Evaluation result: {'span_acc': 0.934322033898305, 'attr_acc': 0.9011299435028248, 'micro_p': 0.8728323699421965, 'micro_r': 0.8031914893617021, 'micro_f1': 0.8365650969529086}.
INFO:train_bert_mtl_span_attr.py:Evaluation result: {'span_acc': 0.934322033898305, 'attr_acc': 0.9011299435028248, 'micro_p': 0.8728323699421965, 'micro_r': 0.8031914893617021, 'micro_f1': 0.8365650969529086}.
2020-10-28 18:25:32 - INFO - train_bert_mtl_span_attr.py - Metric micro_f1 current / best: 0.8365650969529086 / 0.8415300546448087
INFO:train_bert_mtl_span_attr.py:Metric micro_f1 current / best: 0.8365650969529086 / 0.8415300546448087
2020-10-28 18:25:32 - INFO - train_bert_mtl_span_attr.py - === Epoch 20 train ===
INFO:train_bert_mtl_span_attr.py:=== Epoch 20 train ===
2020-10-28 18:27:47 - INFO - train_bert_mtl_span_attr.py - Training...Epoches: 20, steps: 650, loss: 0.0006, span_acc: 0.9983, attr_acc: 0.9997, micro_p: 0.9954, micro_r: 0.9894, micro_f1: 0.9924
INFO:train_bert_mtl_span_attr.py:Training...Epoches: 20, steps: 650, loss: 0.0006, span_acc: 0.9983, attr_acc: 0.9997, micro_p: 0.9954, micro_r: 0.9894, micro_f1: 0.9924
2020-10-28 18:30:08 - INFO - train_bert_mtl_span_attr.py - Training...Epoches: 20, steps: 660, loss: 0.0006, span_acc: 0.9983, attr_acc: 0.9983, micro_p: 0.9951, micro_r: 0.9902, micro_f1: 0.9927
INFO:train_bert_mtl_span_attr.py:Training...Epoches: 20, steps: 660, loss: 0.0006, span_acc: 0.9983, attr_acc: 0.9983, micro_p: 0.9951, micro_r: 0.9902, micro_f1: 0.9927
2020-10-28 18:33:22 - INFO - train_bert_mtl_span_attr.py - Training...Epoches: 20, steps: 670, loss: 0.0007, span_acc: 0.9977, attr_acc: 0.9981, micro_p: 0.9953, micro_r: 0.9907, micro_f1: 0.9930
INFO:train_bert_mtl_span_attr.py:Training...Epoches: 20, steps: 670, loss: 0.0007, span_acc: 0.9977, attr_acc: 0.9981, micro_p: 0.9953, micro_r: 0.9907, micro_f1: 0.9930
2020-10-28 18:34:05 - INFO - train_bert_mtl_span_attr.py - === Epoch 20 val ===
INFO:train_bert_mtl_span_attr.py:=== Epoch 20 val ===
2020-10-28 18:34:51 - INFO - train_bert_mtl_span_attr.py - Evaluation result: {'span_acc': 0.9262005649717514, 'attr_acc': 0.8937146892655368, 'micro_p': 0.8568702290076335, 'micro_r': 0.7960992907801419, 'micro_f1': 0.8253676470588235}.
INFO:train_bert_mtl_span_attr.py:Evaluation result: {'span_acc': 0.9262005649717514, 'attr_acc': 0.8937146892655368, 'micro_p': 0.8568702290076335, 'micro_r': 0.7960992907801419, 'micro_f1': 0.8253676470588235}.
2020-10-28 18:34:51 - INFO - train_bert_mtl_span_attr.py - Metric micro_f1 current / best: 0.8253676470588235 / 0.8415300546448087
INFO:train_bert_mtl_span_attr.py:Metric micro_f1 current / best: 0.8253676470588235 / 0.8415300546448087
2020-10-28 18:34:51 - INFO - train_bert_mtl_span_attr.py - === Epoch 21 train ===
INFO:train_bert_mtl_span_attr.py:=== Epoch 21 train ===
2020-10-28 18:37:08 - INFO - train_bert_mtl_span_attr.py - Training...Epoches: 21, steps: 680, loss: 0.0004, span_acc: 0.9983, attr_acc: 0.9993, micro_p: 1.0000, micro_r: 0.9950, micro_f1: 0.9975
INFO:train_bert_mtl_span_attr.py:Training...Epoches: 21, steps: 680, loss: 0.0004, span_acc: 0.9983, attr_acc: 0.9993, micro_p: 1.0000, micro_r: 0.9950, micro_f1: 0.9975
2020-10-28 18:39:28 - INFO - train_bert_mtl_span_attr.py - Training...Epoches: 21, steps: 690, loss: 0.0007, span_acc: 0.9988, attr_acc: 0.9995, micro_p: 0.9969, micro_r: 0.9947, micro_f1: 0.9958
INFO:train_bert_mtl_span_attr.py:Training...Epoches: 21, steps: 690, loss: 0.0007, span_acc: 0.9988, attr_acc: 0.9995, micro_p: 0.9969, micro_r: 0.9947, micro_f1: 0.9958
2020-10-28 18:41:36 - INFO - train_bert_mtl_span_attr.py - Training...Epoches: 21, steps: 700, loss: 0.0007, span_acc: 0.9975, attr_acc: 0.9986, micro_p: 0.9935, micro_r: 0.9915, micro_f1: 0.9925
INFO:train_bert_mtl_span_attr.py:Training...Epoches: 21, steps: 700, loss: 0.0007, span_acc: 0.9975, attr_acc: 0.9986, micro_p: 0.9935, micro_r: 0.9915, micro_f1: 0.9925
2020-10-28 18:42:35 - INFO - train_bert_mtl_span_attr.py - === Epoch 21 val ===
INFO:train_bert_mtl_span_attr.py:=== Epoch 21 val ===
2020-10-28 18:43:18 - INFO - train_bert_mtl_span_attr.py - Evaluation result: {'span_acc': 0.9367937853107344, 'attr_acc': 0.9043079096045198, 'micro_p': 0.8465804066543438, 'micro_r': 0.8120567375886525, 'micro_f1': 0.8289592760180995}.
INFO:train_bert_mtl_span_attr.py:Evaluation result: {'span_acc': 0.9367937853107344, 'attr_acc': 0.9043079096045198, 'micro_p': 0.8465804066543438, 'micro_r': 0.8120567375886525, 'micro_f1': 0.8289592760180995}.
2020-10-28 18:43:18 - INFO - train_bert_mtl_span_attr.py - Metric micro_f1 current / best: 0.8289592760180995 / 0.8415300546448087
INFO:train_bert_mtl_span_attr.py:Metric micro_f1 current / best: 0.8289592760180995 / 0.8415300546448087
2020-10-28 18:43:18 - INFO - train_bert_mtl_span_attr.py - === Epoch 22 train ===
INFO:train_bert_mtl_span_attr.py:=== Epoch 22 train ===
2020-10-28 18:45:00 - INFO - train_bert_mtl_span_attr.py - Training...Epoches: 22, steps: 710, loss: 0.0005, span_acc: 0.9991, attr_acc: 0.9995, micro_p: 0.9978, micro_r: 0.9978, micro_f1: 0.9978
INFO:train_bert_mtl_span_attr.py:Training...Epoches: 22, steps: 710, loss: 0.0005, span_acc: 0.9991, attr_acc: 0.9995, micro_p: 0.9978, micro_r: 0.9978, micro_f1: 0.9978
2020-10-28 18:47:33 - INFO - train_bert_mtl_span_attr.py - Training...Epoches: 22, steps: 720, loss: 0.0004, span_acc: 0.9991, attr_acc: 0.9995, micro_p: 0.9983, micro_r: 0.9965, micro_f1: 0.9974
INFO:train_bert_mtl_span_attr.py:Training...Epoches: 22, steps: 720, loss: 0.0004, span_acc: 0.9991, attr_acc: 0.9995, micro_p: 0.9983, micro_r: 0.9965, micro_f1: 0.9974
2020-10-28 18:49:49 - INFO - train_bert_mtl_span_attr.py - Training...Epoches: 22, steps: 730, loss: 0.0005, span_acc: 0.9981, attr_acc: 0.9991, micro_p: 0.9958, micro_r: 0.9937, micro_f1: 0.9947
INFO:train_bert_mtl_span_attr.py:Training...Epoches: 22, steps: 730, loss: 0.0005, span_acc: 0.9981, attr_acc: 0.9991, micro_p: 0.9958, micro_r: 0.9937, micro_f1: 0.9947
2020-10-28 18:51:01 - INFO - train_bert_mtl_span_attr.py - === Epoch 22 val ===
INFO:train_bert_mtl_span_attr.py:=== Epoch 22 val ===
2020-10-28 18:51:48 - INFO - train_bert_mtl_span_attr.py - Evaluation result: {'span_acc': 0.9304378531073446, 'attr_acc': 0.9011299435028248, 'micro_p': 0.8636363636363636, 'micro_r': 0.8085106382978723, 'micro_f1': 0.8351648351648351}.
INFO:train_bert_mtl_span_attr.py:Evaluation result: {'span_acc': 0.9304378531073446, 'attr_acc': 0.9011299435028248, 'micro_p': 0.8636363636363636, 'micro_r': 0.8085106382978723, 'micro_f1': 0.8351648351648351}.
2020-10-28 18:51:48 - INFO - train_bert_mtl_span_attr.py - Metric micro_f1 current / best: 0.8351648351648351 / 0.8415300546448087
INFO:train_bert_mtl_span_attr.py:Metric micro_f1 current / best: 0.8351648351648351 / 0.8415300546448087
2020-10-28 18:51:48 - INFO - train_bert_mtl_span_attr.py - === Epoch 23 train ===
INFO:train_bert_mtl_span_attr.py:=== Epoch 23 train ===
2020-10-28 18:52:39 - INFO - train_bert_mtl_span_attr.py - Training...Epoches: 23, steps: 740, loss: 0.0005, span_acc: 0.9986, attr_acc: 1.0000, micro_p: 0.9930, micro_r: 0.9930, micro_f1: 0.9930
INFO:train_bert_mtl_span_attr.py:Training...Epoches: 23, steps: 740, loss: 0.0005, span_acc: 0.9986, attr_acc: 1.0000, micro_p: 0.9930, micro_r: 0.9930, micro_f1: 0.9930
2020-10-28 18:54:43 - INFO - train_bert_mtl_span_attr.py - Training...Epoches: 23, steps: 750, loss: 0.0008, span_acc: 0.9938, attr_acc: 0.9966, micro_p: 0.9909, micro_r: 0.9869, micro_f1: 0.9889
INFO:train_bert_mtl_span_attr.py:Training...Epoches: 23, steps: 750, loss: 0.0008, span_acc: 0.9938, attr_acc: 0.9966, micro_p: 0.9909, micro_r: 0.9869, micro_f1: 0.9889
2020-10-28 18:57:15 - INFO - train_bert_mtl_span_attr.py - Training...Epoches: 23, steps: 760, loss: 0.0010, span_acc: 0.9952, attr_acc: 0.9972, micro_p: 0.9907, micro_r: 0.9889, micro_f1: 0.9898
INFO:train_bert_mtl_span_attr.py:Training...Epoches: 23, steps: 760, loss: 0.0010, span_acc: 0.9952, attr_acc: 0.9972, micro_p: 0.9907, micro_r: 0.9889, micro_f1: 0.9898
2020-10-28 18:59:37 - INFO - train_bert_mtl_span_attr.py - === Epoch 23 val ===
INFO:train_bert_mtl_span_attr.py:=== Epoch 23 val ===
2020-10-28 19:00:16 - INFO - train_bert_mtl_span_attr.py - Evaluation result: {'span_acc': 0.9300847457627118, 'attr_acc': 0.89795197740113, 'micro_p': 0.8566037735849057, 'micro_r': 0.8049645390070922, 'micro_f1': 0.829981718464351}.
INFO:train_bert_mtl_span_attr.py:Evaluation result: {'span_acc': 0.9300847457627118, 'attr_acc': 0.89795197740113, 'micro_p': 0.8566037735849057, 'micro_r': 0.8049645390070922, 'micro_f1': 0.829981718464351}.
2020-10-28 19:00:16 - INFO - train_bert_mtl_span_attr.py - Metric micro_f1 current / best: 0.829981718464351 / 0.8415300546448087
INFO:train_bert_mtl_span_attr.py:Metric micro_f1 current / best: 0.829981718464351 / 0.8415300546448087
2020-10-28 19:00:16 - INFO - train_bert_mtl_span_attr.py - === Epoch 24 train ===
INFO:train_bert_mtl_span_attr.py:=== Epoch 24 train ===
2020-10-28 19:00:37 - INFO - train_bert_mtl_span_attr.py - Training...Epoches: 24, steps: 770, loss: 0.0003, span_acc: 1.0000, attr_acc: 1.0000, micro_p: 1.0000, micro_r: 1.0000, micro_f1: 1.0000
INFO:train_bert_mtl_span_attr.py:Training...Epoches: 24, steps: 770, loss: 0.0003, span_acc: 1.0000, attr_acc: 1.0000, micro_p: 1.0000, micro_r: 1.0000, micro_f1: 1.0000
2020-10-28 19:02:59 - INFO - train_bert_mtl_span_attr.py - Training...Epoches: 24, steps: 780, loss: 0.0007, span_acc: 0.9984, attr_acc: 0.9995, micro_p: 0.9944, micro_r: 0.9944, micro_f1: 0.9944
INFO:train_bert_mtl_span_attr.py:Training...Epoches: 24, steps: 780, loss: 0.0007, span_acc: 0.9984, attr_acc: 0.9995, micro_p: 0.9944, micro_r: 0.9944, micro_f1: 0.9944
2020-10-28 19:05:01 - INFO - train_bert_mtl_span_attr.py - Training...Epoches: 24, steps: 790, loss: 0.0005, span_acc: 0.9986, attr_acc: 0.9994, micro_p: 0.9962, micro_r: 0.9943, micro_f1: 0.9952
INFO:train_bert_mtl_span_attr.py:Training...Epoches: 24, steps: 790, loss: 0.0005, span_acc: 0.9986, attr_acc: 0.9994, micro_p: 0.9962, micro_r: 0.9943, micro_f1: 0.9952
2020-10-28 19:07:50 - INFO - train_bert_mtl_span_attr.py - Training...Epoches: 24, steps: 800, loss: 0.0007, span_acc: 0.9977, attr_acc: 0.9984, micro_p: 0.9960, micro_r: 0.9942, micro_f1: 0.9951
INFO:train_bert_mtl_span_attr.py:Training...Epoches: 24, steps: 800, loss: 0.0007, span_acc: 0.9977, attr_acc: 0.9984, micro_p: 0.9960, micro_r: 0.9942, micro_f1: 0.9951
2020-10-28 19:07:56 - INFO - train_bert_mtl_span_attr.py - === Epoch 24 val ===
INFO:train_bert_mtl_span_attr.py:=== Epoch 24 val ===
2020-10-28 19:08:25 - INFO - train_bert_mtl_span_attr.py - Evaluation result: {'span_acc': 0.9431497175141242, 'attr_acc': 0.913135593220339, 'micro_p': 0.8434622467771639, 'micro_r': 0.8120567375886525, 'micro_f1': 0.8274616079494128}.
INFO:train_bert_mtl_span_attr.py:Evaluation result: {'span_acc': 0.9431497175141242, 'attr_acc': 0.913135593220339, 'micro_p': 0.8434622467771639, 'micro_r': 0.8120567375886525, 'micro_f1': 0.8274616079494128}.
2020-10-28 19:08:25 - INFO - train_bert_mtl_span_attr.py - Metric micro_f1 current / best: 0.8274616079494128 / 0.8415300546448087
INFO:train_bert_mtl_span_attr.py:Metric micro_f1 current / best: 0.8274616079494128 / 0.8415300546448087
2020-10-28 19:08:25 - INFO - train_bert_mtl_span_attr.py - === Epoch 25 train ===
INFO:train_bert_mtl_span_attr.py:=== Epoch 25 train ===
2020-10-28 19:11:21 - INFO - train_bert_mtl_span_attr.py - Training...Epoches: 25, steps: 810, loss: 0.0005, span_acc: 0.9989, attr_acc: 0.9992, micro_p: 0.9973, micro_r: 0.9987, micro_f1: 0.9980
INFO:train_bert_mtl_span_attr.py:Training...Epoches: 25, steps: 810, loss: 0.0005, span_acc: 0.9989, attr_acc: 0.9992, micro_p: 0.9973, micro_r: 0.9987, micro_f1: 0.9980
2020-10-28 19:13:52 - INFO - train_bert_mtl_span_attr.py - Training...Epoches: 25, steps: 820, loss: 0.0005, span_acc: 0.9989, attr_acc: 0.9993, micro_p: 0.9979, micro_r: 0.9972, micro_f1: 0.9976
INFO:train_bert_mtl_span_attr.py:Training...Epoches: 25, steps: 820, loss: 0.0005, span_acc: 0.9989, attr_acc: 0.9993, micro_p: 0.9979, micro_r: 0.9972, micro_f1: 0.9976
2020-10-28 19:15:59 - INFO - train_bert_mtl_span_attr.py - Training...Epoches: 25, steps: 830, loss: 0.0006, span_acc: 0.9982, attr_acc: 0.9988, micro_p: 0.9972, micro_r: 0.9954, micro_f1: 0.9963
INFO:train_bert_mtl_span_attr.py:Training...Epoches: 25, steps: 830, loss: 0.0006, span_acc: 0.9982, attr_acc: 0.9988, micro_p: 0.9972, micro_r: 0.9954, micro_f1: 0.9963
2020-10-28 19:16:28 - INFO - train_bert_mtl_span_attr.py - === Epoch 25 val ===
INFO:train_bert_mtl_span_attr.py:=== Epoch 25 val ===
2020-10-28 19:17:12 - INFO - train_bert_mtl_span_attr.py - Evaluation result: {'span_acc': 0.9307909604519774, 'attr_acc': 0.8958333333333334, 'micro_p': 0.8612167300380228, 'micro_r': 0.8031914893617021, 'micro_f1': 0.8311926605504587}.
INFO:train_bert_mtl_span_attr.py:Evaluation result: {'span_acc': 0.9307909604519774, 'attr_acc': 0.8958333333333334, 'micro_p': 0.8612167300380228, 'micro_r': 0.8031914893617021, 'micro_f1': 0.8311926605504587}.
2020-10-28 19:17:12 - INFO - train_bert_mtl_span_attr.py - Metric micro_f1 current / best: 0.8311926605504587 / 0.8415300546448087
INFO:train_bert_mtl_span_attr.py:Metric micro_f1 current / best: 0.8311926605504587 / 0.8415300546448087
2020-10-28 19:17:12 - INFO - train_bert_mtl_span_attr.py - === Epoch 26 train ===
INFO:train_bert_mtl_span_attr.py:=== Epoch 26 train ===
2020-10-28 19:18:44 - INFO - train_bert_mtl_span_attr.py - Training...Epoches: 26, steps: 840, loss: 0.0008, span_acc: 0.9919, attr_acc: 0.9945, micro_p: 0.9934, micro_r: 0.9821, micro_f1: 0.9877
INFO:train_bert_mtl_span_attr.py:Training...Epoches: 26, steps: 840, loss: 0.0008, span_acc: 0.9919, attr_acc: 0.9945, micro_p: 0.9934, micro_r: 0.9821, micro_f1: 0.9877
2020-10-28 19:20:51 - INFO - train_bert_mtl_span_attr.py - Training...Epoches: 26, steps: 850, loss: 0.0007, span_acc: 0.9940, attr_acc: 0.9961, micro_p: 0.9932, micro_r: 0.9850, micro_f1: 0.9891
INFO:train_bert_mtl_span_attr.py:Training...Epoches: 26, steps: 850, loss: 0.0007, span_acc: 0.9940, attr_acc: 0.9961, micro_p: 0.9932, micro_r: 0.9850, micro_f1: 0.9891
2020-10-28 19:24:01 - INFO - train_bert_mtl_span_attr.py - Training...Epoches: 26, steps: 860, loss: 0.0007, span_acc: 0.9953, attr_acc: 0.9962, micro_p: 0.9925, micro_r: 0.9856, micro_f1: 0.9891
INFO:train_bert_mtl_span_attr.py:Training...Epoches: 26, steps: 860, loss: 0.0007, span_acc: 0.9953, attr_acc: 0.9962, micro_p: 0.9925, micro_r: 0.9856, micro_f1: 0.9891
2020-10-28 19:24:48 - INFO - train_bert_mtl_span_attr.py - === Epoch 26 val ===
INFO:train_bert_mtl_span_attr.py:=== Epoch 26 val ===
2020-10-28 19:25:19 - INFO - train_bert_mtl_span_attr.py - Evaluation result: {'span_acc': 0.9364406779661016, 'attr_acc': 0.9011299435028248, 'micro_p': 0.8555347091932458, 'micro_r': 0.8085106382978723, 'micro_f1': 0.8313582497721057}.
INFO:train_bert_mtl_span_attr.py:Evaluation result: {'span_acc': 0.9364406779661016, 'attr_acc': 0.9011299435028248, 'micro_p': 0.8555347091932458, 'micro_r': 0.8085106382978723, 'micro_f1': 0.8313582497721057}.
2020-10-28 19:25:19 - INFO - train_bert_mtl_span_attr.py - Metric micro_f1 current / best: 0.8313582497721057 / 0.8415300546448087
INFO:train_bert_mtl_span_attr.py:Metric micro_f1 current / best: 0.8313582497721057 / 0.8415300546448087
2020-10-28 19:25:19 - INFO - train_bert_mtl_span_attr.py - === Epoch 27 train ===
INFO:train_bert_mtl_span_attr.py:=== Epoch 27 train ===
2020-10-28 19:26:34 - INFO - train_bert_mtl_span_attr.py - Training...Epoches: 27, steps: 870, loss: 0.0005, span_acc: 0.9987, attr_acc: 0.9974, micro_p: 1.0000, micro_r: 0.9978, micro_f1: 0.9989
INFO:train_bert_mtl_span_attr.py:Training...Epoches: 27, steps: 870, loss: 0.0005, span_acc: 0.9987, attr_acc: 0.9974, micro_p: 1.0000, micro_r: 0.9978, micro_f1: 0.9989
2020-10-28 19:28:45 - INFO - train_bert_mtl_span_attr.py - Training...Epoches: 27, steps: 880, loss: 0.0004, span_acc: 0.9992, attr_acc: 0.9990, micro_p: 0.9992, micro_r: 0.9975, micro_f1: 0.9983
INFO:train_bert_mtl_span_attr.py:Training...Epoches: 27, steps: 880, loss: 0.0004, span_acc: 0.9992, attr_acc: 0.9990, micro_p: 0.9992, micro_r: 0.9975, micro_f1: 0.9983
2020-10-28 19:31:02 - INFO - train_bert_mtl_span_attr.py - Training...Epoches: 27, steps: 890, loss: 0.0004, span_acc: 0.9986, attr_acc: 0.9989, micro_p: 0.9984, micro_r: 0.9963, micro_f1: 0.9974
INFO:train_bert_mtl_span_attr.py:Training...Epoches: 27, steps: 890, loss: 0.0004, span_acc: 0.9986, attr_acc: 0.9989, micro_p: 0.9984, micro_r: 0.9963, micro_f1: 0.9974
2020-10-28 19:32:22 - INFO - train_bert_mtl_span_attr.py - === Epoch 27 val ===
INFO:train_bert_mtl_span_attr.py:=== Epoch 27 val ===
2020-10-28 19:32:58 - INFO - train_bert_mtl_span_attr.py - Evaluation result: {'span_acc': 0.9113700564971752, 'attr_acc': 0.8915960451977402, 'micro_p': 0.8725490196078431, 'micro_r': 0.7890070921985816, 'micro_f1': 0.8286778398510243}.
INFO:train_bert_mtl_span_attr.py:Evaluation result: {'span_acc': 0.9113700564971752, 'attr_acc': 0.8915960451977402, 'micro_p': 0.8725490196078431, 'micro_r': 0.7890070921985816, 'micro_f1': 0.8286778398510243}.
2020-10-28 19:32:58 - INFO - train_bert_mtl_span_attr.py - Metric micro_f1 current / best: 0.8286778398510243 / 0.8415300546448087
INFO:train_bert_mtl_span_attr.py:Metric micro_f1 current / best: 0.8286778398510243 / 0.8415300546448087
2020-10-28 19:32:58 - INFO - train_bert_mtl_span_attr.py - === Epoch 28 train ===
INFO:train_bert_mtl_span_attr.py:=== Epoch 28 train ===
2020-10-28 19:33:46 - INFO - train_bert_mtl_span_attr.py - Training...Epoches: 28, steps: 900, loss: 0.0008, span_acc: 0.9968, attr_acc: 0.9975, micro_p: 0.9967, micro_r: 0.9901, micro_f1: 0.9934
INFO:train_bert_mtl_span_attr.py:Training...Epoches: 28, steps: 900, loss: 0.0008, span_acc: 0.9968, attr_acc: 0.9975, micro_p: 0.9967, micro_r: 0.9901, micro_f1: 0.9934
2020-10-28 19:36:16 - INFO - train_bert_mtl_span_attr.py - Training...Epoches: 28, steps: 910, loss: 0.0005, span_acc: 0.9984, attr_acc: 0.9988, micro_p: 0.9958, micro_r: 0.9917, micro_f1: 0.9937
INFO:train_bert_mtl_span_attr.py:Training...Epoches: 28, steps: 910, loss: 0.0005, span_acc: 0.9984, attr_acc: 0.9988, micro_p: 0.9958, micro_r: 0.9917, micro_f1: 0.9937
2020-10-28 19:38:36 - INFO - train_bert_mtl_span_attr.py - Training...Epoches: 28, steps: 920, loss: 0.0006, span_acc: 0.9973, attr_acc: 0.9979, micro_p: 0.9954, micro_r: 0.9909, micro_f1: 0.9931
INFO:train_bert_mtl_span_attr.py:Training...Epoches: 28, steps: 920, loss: 0.0006, span_acc: 0.9973, attr_acc: 0.9979, micro_p: 0.9954, micro_r: 0.9909, micro_f1: 0.9931
2020-10-28 19:40:16 - INFO - train_bert_mtl_span_attr.py - === Epoch 28 val ===
INFO:train_bert_mtl_span_attr.py:=== Epoch 28 val ===
2020-10-28 19:40:53 - INFO - train_bert_mtl_span_attr.py - Evaluation result: {'span_acc': 0.9293785310734464, 'attr_acc': 0.9011299435028248, 'micro_p': 0.8606403013182674, 'micro_r': 0.8102836879432624, 'micro_f1': 0.834703196347032}.
INFO:train_bert_mtl_span_attr.py:Evaluation result: {'span_acc': 0.9293785310734464, 'attr_acc': 0.9011299435028248, 'micro_p': 0.8606403013182674, 'micro_r': 0.8102836879432624, 'micro_f1': 0.834703196347032}.
2020-10-28 19:40:53 - INFO - train_bert_mtl_span_attr.py - Metric micro_f1 current / best: 0.834703196347032 / 0.8415300546448087
INFO:train_bert_mtl_span_attr.py:Metric micro_f1 current / best: 0.834703196347032 / 0.8415300546448087
2020-10-28 19:40:53 - INFO - train_bert_mtl_span_attr.py - === Epoch 29 train ===
INFO:train_bert_mtl_span_attr.py:=== Epoch 29 train ===
2020-10-28 19:41:18 - INFO - train_bert_mtl_span_attr.py - Training...Epoches: 29, steps: 930, loss: 0.0005, span_acc: 0.9969, attr_acc: 1.0000, micro_p: 0.9926, micro_r: 0.9853, micro_f1: 0.9889
INFO:train_bert_mtl_span_attr.py:Training...Epoches: 29, steps: 930, loss: 0.0005, span_acc: 0.9969, attr_acc: 1.0000, micro_p: 0.9926, micro_r: 0.9853, micro_f1: 0.9889
2020-10-28 19:43:38 - INFO - train_bert_mtl_span_attr.py - Training...Epoches: 29, steps: 940, loss: 0.0005, span_acc: 0.9977, attr_acc: 0.9982, micro_p: 0.9989, micro_r: 0.9955, micro_f1: 0.9972
INFO:train_bert_mtl_span_attr.py:Training...Epoches: 29, steps: 940, loss: 0.0005, span_acc: 0.9977, attr_acc: 0.9982, micro_p: 0.9989, micro_r: 0.9955, micro_f1: 0.9972
2020-10-28 19:45:57 - INFO - train_bert_mtl_span_attr.py - Training...Epoches: 29, steps: 950, loss: 0.0005, span_acc: 0.9963, attr_acc: 0.9966, micro_p: 0.9994, micro_r: 0.9949, micro_f1: 0.9971
INFO:train_bert_mtl_span_attr.py:Training...Epoches: 29, steps: 950, loss: 0.0005, span_acc: 0.9963, attr_acc: 0.9966, micro_p: 0.9994, micro_r: 0.9949, micro_f1: 0.9971
2020-10-28 19:48:22 - INFO - train_bert_mtl_span_attr.py - Training...Epoches: 29, steps: 960, loss: 0.0005, span_acc: 0.9970, attr_acc: 0.9974, micro_p: 0.9982, micro_r: 0.9956, micro_f1: 0.9969
INFO:train_bert_mtl_span_attr.py:Training...Epoches: 29, steps: 960, loss: 0.0005, span_acc: 0.9970, attr_acc: 0.9974, micro_p: 0.9982, micro_r: 0.9956, micro_f1: 0.9969
2020-10-28 19:48:30 - INFO - train_bert_mtl_span_attr.py - === Epoch 29 val ===
INFO:train_bert_mtl_span_attr.py:=== Epoch 29 val ===
2020-10-28 19:49:22 - INFO - train_bert_mtl_span_attr.py - Evaluation result: {'span_acc': 0.9367937853107344, 'attr_acc': 0.9043079096045198, 'micro_p': 0.8576779026217228, 'micro_r': 0.8120567375886525, 'micro_f1': 0.8342440801457194}.
INFO:train_bert_mtl_span_attr.py:Evaluation result: {'span_acc': 0.9367937853107344, 'attr_acc': 0.9043079096045198, 'micro_p': 0.8576779026217228, 'micro_r': 0.8120567375886525, 'micro_f1': 0.8342440801457194}.
2020-10-28 19:49:22 - INFO - train_bert_mtl_span_attr.py - Metric micro_f1 current / best: 0.8342440801457194 / 0.8415300546448087
INFO:train_bert_mtl_span_attr.py:Metric micro_f1 current / best: 0.8342440801457194 / 0.8415300546448087
2020-10-28 19:49:22 - INFO - train_bert_mtl_span_attr.py - === Epoch 30 train ===
INFO:train_bert_mtl_span_attr.py:=== Epoch 30 train ===
2020-10-28 19:51:11 - INFO - train_bert_mtl_span_attr.py - Training...Epoches: 30, steps: 970, loss: 0.0004, span_acc: 1.0000, attr_acc: 0.9994, micro_p: 0.9970, micro_r: 0.9985, micro_f1: 0.9978
INFO:train_bert_mtl_span_attr.py:Training...Epoches: 30, steps: 970, loss: 0.0004, span_acc: 1.0000, attr_acc: 0.9994, micro_p: 0.9970, micro_r: 0.9985, micro_f1: 0.9978
2020-10-28 19:53:49 - INFO - train_bert_mtl_span_attr.py - Training...Epoches: 30, steps: 980, loss: 0.0005, span_acc: 0.9994, attr_acc: 0.9989, micro_p: 0.9958, micro_r: 0.9958, micro_f1: 0.9958
INFO:train_bert_mtl_span_attr.py:Training...Epoches: 30, steps: 980, loss: 0.0005, span_acc: 0.9994, attr_acc: 0.9989, micro_p: 0.9958, micro_r: 0.9958, micro_f1: 0.9958
2020-10-28 19:56:26 - INFO - train_bert_mtl_span_attr.py - Training...Epoches: 30, steps: 990, loss: 0.0005, span_acc: 0.9987, attr_acc: 0.9984, micro_p: 0.9963, micro_r: 0.9954, micro_f1: 0.9958
INFO:train_bert_mtl_span_attr.py:Training...Epoches: 30, steps: 990, loss: 0.0005, span_acc: 0.9987, attr_acc: 0.9984, micro_p: 0.9963, micro_r: 0.9954, micro_f1: 0.9958
2020-10-28 19:57:01 - INFO - train_bert_mtl_span_attr.py - === Epoch 30 val ===
INFO:train_bert_mtl_span_attr.py:=== Epoch 30 val ===
2020-10-28 19:57:46 - INFO - train_bert_mtl_span_attr.py - Evaluation result: {'span_acc': 0.9442090395480226, 'attr_acc': 0.9113700564971752, 'micro_p': 0.8436363636363636, 'micro_r': 0.8226950354609929, 'micro_f1': 0.8330341113105925}.
INFO:train_bert_mtl_span_attr.py:Evaluation result: {'span_acc': 0.9442090395480226, 'attr_acc': 0.9113700564971752, 'micro_p': 0.8436363636363636, 'micro_r': 0.8226950354609929, 'micro_f1': 0.8330341113105925}.
2020-10-28 19:57:46 - INFO - train_bert_mtl_span_attr.py - Metric micro_f1 current / best: 0.8330341113105925 / 0.8415300546448087
INFO:train_bert_mtl_span_attr.py:Metric micro_f1 current / best: 0.8330341113105925 / 0.8415300546448087
2020-10-28 19:57:46 - INFO - train_bert_mtl_span_attr.py - === Epoch 31 train ===
INFO:train_bert_mtl_span_attr.py:=== Epoch 31 train ===
2020-10-28 19:59:33 - INFO - train_bert_mtl_span_attr.py - Training...Epoches: 31, steps: 1000, loss: 0.0003, span_acc: 1.0000, attr_acc: 1.0000, micro_p: 0.9966, micro_r: 1.0000, micro_f1: 0.9983
INFO:train_bert_mtl_span_attr.py:Training...Epoches: 31, steps: 1000, loss: 0.0003, span_acc: 1.0000, attr_acc: 1.0000, micro_p: 0.9966, micro_r: 1.0000, micro_f1: 0.9983
2020-10-28 20:02:21 - INFO - train_bert_mtl_span_attr.py - Training...Epoches: 31, steps: 1010, loss: 0.0002, span_acc: 0.9998, attr_acc: 1.0000, micro_p: 0.9985, micro_r: 0.9992, micro_f1: 0.9988
INFO:train_bert_mtl_span_attr.py:Training...Epoches: 31, steps: 1010, loss: 0.0002, span_acc: 0.9998, attr_acc: 1.0000, micro_p: 0.9985, micro_r: 0.9992, micro_f1: 0.9988
2020-10-28 20:04:50 - INFO - train_bert_mtl_span_attr.py - Training...Epoches: 31, steps: 1020, loss: 0.0004, span_acc: 0.9971, attr_acc: 0.9975, micro_p: 0.9975, micro_r: 0.9955, micro_f1: 0.9965
INFO:train_bert_mtl_span_attr.py:Training...Epoches: 31, steps: 1020, loss: 0.0004, span_acc: 0.9971, attr_acc: 0.9975, micro_p: 0.9975, micro_r: 0.9955, micro_f1: 0.9965
2020-10-28 20:05:57 - INFO - train_bert_mtl_span_attr.py - === Epoch 31 val ===
INFO:train_bert_mtl_span_attr.py:=== Epoch 31 val ===
2020-10-28 20:06:46 - INFO - train_bert_mtl_span_attr.py - Evaluation result: {'span_acc': 0.9410310734463276, 'attr_acc': 0.905367231638418, 'micro_p': 0.8457350272232305, 'micro_r': 0.8262411347517731, 'micro_f1': 0.8358744394618834}.
INFO:train_bert_mtl_span_attr.py:Evaluation result: {'span_acc': 0.9410310734463276, 'attr_acc': 0.905367231638418, 'micro_p': 0.8457350272232305, 'micro_r': 0.8262411347517731, 'micro_f1': 0.8358744394618834}.
2020-10-28 20:06:46 - INFO - train_bert_mtl_span_attr.py - Metric micro_f1 current / best: 0.8358744394618834 / 0.8415300546448087
INFO:train_bert_mtl_span_attr.py:Metric micro_f1 current / best: 0.8358744394618834 / 0.8415300546448087
2020-10-28 20:06:47 - INFO - train_bert_mtl_span_attr.py - === Epoch 32 train ===
INFO:train_bert_mtl_span_attr.py:=== Epoch 32 train ===
2020-10-28 20:09:02 - INFO - train_bert_mtl_span_attr.py - Training...Epoches: 32, steps: 1030, loss: 0.0006, span_acc: 0.9987, attr_acc: 0.9996, micro_p: 0.9933, micro_r: 0.9955, micro_f1: 0.9944
INFO:train_bert_mtl_span_attr.py:Training...Epoches: 32, steps: 1030, loss: 0.0006, span_acc: 0.9987, attr_acc: 0.9996, micro_p: 0.9933, micro_r: 0.9955, micro_f1: 0.9944
2020-10-28 20:11:47 - INFO - train_bert_mtl_span_attr.py - Training...Epoches: 32, steps: 1040, loss: 0.0005, span_acc: 0.9987, attr_acc: 0.9993, micro_p: 0.9955, micro_r: 0.9947, micro_f1: 0.9951
INFO:train_bert_mtl_span_attr.py:Training...Epoches: 32, steps: 1040, loss: 0.0005, span_acc: 0.9987, attr_acc: 0.9993, micro_p: 0.9955, micro_r: 0.9947, micro_f1: 0.9951
2020-10-28 20:14:29 - INFO - train_bert_mtl_span_attr.py - Training...Epoches: 32, steps: 1050, loss: 0.0004, span_acc: 0.9992, attr_acc: 0.9996, micro_p: 0.9968, micro_r: 0.9963, micro_f1: 0.9965
INFO:train_bert_mtl_span_attr.py:Training...Epoches: 32, steps: 1050, loss: 0.0004, span_acc: 0.9992, attr_acc: 0.9996, micro_p: 0.9968, micro_r: 0.9963, micro_f1: 0.9965
2020-10-28 20:16:24 - INFO - train_bert_mtl_span_attr.py - === Epoch 32 val ===
INFO:train_bert_mtl_span_attr.py:=== Epoch 32 val ===
2020-10-28 20:17:01 - INFO - train_bert_mtl_span_attr.py - Evaluation result: {'span_acc': 0.9350282485875706, 'attr_acc': 0.8986581920903954, 'micro_p': 0.8375912408759124, 'micro_r': 0.8138297872340425, 'micro_f1': 0.8255395683453237}.
INFO:train_bert_mtl_span_attr.py:Evaluation result: {'span_acc': 0.9350282485875706, 'attr_acc': 0.8986581920903954, 'micro_p': 0.8375912408759124, 'micro_r': 0.8138297872340425, 'micro_f1': 0.8255395683453237}.
2020-10-28 20:17:01 - INFO - train_bert_mtl_span_attr.py - Metric micro_f1 current / best: 0.8255395683453237 / 0.8415300546448087
INFO:train_bert_mtl_span_attr.py:Metric micro_f1 current / best: 0.8255395683453237 / 0.8415300546448087
2020-10-28 20:17:01 - INFO - train_bert_mtl_span_attr.py - === Epoch 33 train ===
INFO:train_bert_mtl_span_attr.py:=== Epoch 33 train ===
2020-10-28 20:18:10 - INFO - train_bert_mtl_span_attr.py - Training...Epoches: 33, steps: 1060, loss: 0.0001, span_acc: 1.0000, attr_acc: 1.0000, micro_p: 1.0000, micro_r: 1.0000, micro_f1: 1.0000
INFO:train_bert_mtl_span_attr.py:Training...Epoches: 33, steps: 1060, loss: 0.0001, span_acc: 1.0000, attr_acc: 1.0000, micro_p: 1.0000, micro_r: 1.0000, micro_f1: 1.0000
2020-10-28 20:20:47 - INFO - train_bert_mtl_span_attr.py - Training...Epoches: 33, steps: 1070, loss: 0.0003, span_acc: 0.9992, attr_acc: 0.9990, micro_p: 0.9990, micro_r: 0.9971, micro_f1: 0.9981
INFO:train_bert_mtl_span_attr.py:Training...Epoches: 33, steps: 1070, loss: 0.0003, span_acc: 0.9992, attr_acc: 0.9990, micro_p: 0.9990, micro_r: 0.9971, micro_f1: 0.9981
2020-10-28 20:22:53 - INFO - train_bert_mtl_span_attr.py - Training...Epoches: 33, steps: 1080, loss: 0.0005, span_acc: 0.9993, attr_acc: 0.9993, micro_p: 0.9977, micro_r: 0.9965, micro_f1: 0.9971
INFO:train_bert_mtl_span_attr.py:Training...Epoches: 33, steps: 1080, loss: 0.0005, span_acc: 0.9993, attr_acc: 0.9993, micro_p: 0.9977, micro_r: 0.9965, micro_f1: 0.9971
2020-10-28 20:24:37 - INFO - train_bert_mtl_span_attr.py - === Epoch 33 val ===
INFO:train_bert_mtl_span_attr.py:=== Epoch 33 val ===
2020-10-28 20:25:13 - INFO - train_bert_mtl_span_attr.py - Evaluation result: {'span_acc': 0.938912429378531, 'attr_acc': 0.9060734463276836, 'micro_p': 0.8318264014466547, 'micro_r': 0.8156028368794326, 'micro_f1': 0.8236347358997315}.
INFO:train_bert_mtl_span_attr.py:Evaluation result: {'span_acc': 0.938912429378531, 'attr_acc': 0.9060734463276836, 'micro_p': 0.8318264014466547, 'micro_r': 0.8156028368794326, 'micro_f1': 0.8236347358997315}.
2020-10-28 20:25:13 - INFO - train_bert_mtl_span_attr.py - Metric micro_f1 current / best: 0.8236347358997315 / 0.8415300546448087
INFO:train_bert_mtl_span_attr.py:Metric micro_f1 current / best: 0.8236347358997315 / 0.8415300546448087
2020-10-28 20:25:13 - INFO - train_bert_mtl_span_attr.py - === Epoch 34 train ===
INFO:train_bert_mtl_span_attr.py:=== Epoch 34 train ===
2020-10-28 20:25:46 - INFO - train_bert_mtl_span_attr.py - Training...Epoches: 34, steps: 1090, loss: 0.0006, span_acc: 0.9951, attr_acc: 0.9967, micro_p: 0.9912, micro_r: 0.9912, micro_f1: 0.9912
INFO:train_bert_mtl_span_attr.py:Training...Epoches: 34, steps: 1090, loss: 0.0006, span_acc: 0.9951, attr_acc: 0.9967, micro_p: 0.9912, micro_r: 0.9912, micro_f1: 0.9912
2020-10-28 20:29:31 - INFO - train_bert_mtl_span_attr.py - Training...Epoches: 34, steps: 1100, loss: 0.0005, span_acc: 0.9976, attr_acc: 0.9981, micro_p: 0.9964, micro_r: 0.9976, micro_f1: 0.9970
INFO:train_bert_mtl_span_attr.py:Training...Epoches: 34, steps: 1100, loss: 0.0005, span_acc: 0.9976, attr_acc: 0.9981, micro_p: 0.9964, micro_r: 0.9976, micro_f1: 0.9970
2020-10-28 20:31:59 - INFO - train_bert_mtl_span_attr.py - Training...Epoches: 34, steps: 1110, loss: 0.0005, span_acc: 0.9969, attr_acc: 0.9976, micro_p: 0.9969, micro_r: 0.9963, micro_f1: 0.9966
INFO:train_bert_mtl_span_attr.py:Training...Epoches: 34, steps: 1110, loss: 0.0005, span_acc: 0.9969, attr_acc: 0.9976, micro_p: 0.9969, micro_r: 0.9963, micro_f1: 0.9966
2020-10-28 20:34:32 - INFO - train_bert_mtl_span_attr.py - Training...Epoches: 34, steps: 1120, loss: 0.0004, span_acc: 0.9978, attr_acc: 0.9982, micro_p: 0.9978, micro_r: 0.9973, micro_f1: 0.9976
INFO:train_bert_mtl_span_attr.py:Training...Epoches: 34, steps: 1120, loss: 0.0004, span_acc: 0.9978, attr_acc: 0.9982, micro_p: 0.9978, micro_r: 0.9973, micro_f1: 0.9976
2020-10-28 20:34:35 - INFO - train_bert_mtl_span_attr.py - === Epoch 34 val ===
INFO:train_bert_mtl_span_attr.py:=== Epoch 34 val ===
2020-10-28 20:35:20 - INFO - train_bert_mtl_span_attr.py - Evaluation result: {'span_acc': 0.9336158192090396, 'attr_acc': 0.9046610169491526, 'micro_p': 0.8560747663551402, 'micro_r': 0.8120567375886525, 'micro_f1': 0.8334849863512284}.
INFO:train_bert_mtl_span_attr.py:Evaluation result: {'span_acc': 0.9336158192090396, 'attr_acc': 0.9046610169491526, 'micro_p': 0.8560747663551402, 'micro_r': 0.8120567375886525, 'micro_f1': 0.8334849863512284}.
2020-10-28 20:35:20 - INFO - train_bert_mtl_span_attr.py - Metric micro_f1 current / best: 0.8334849863512284 / 0.8415300546448087
INFO:train_bert_mtl_span_attr.py:Metric micro_f1 current / best: 0.8334849863512284 / 0.8415300546448087
2020-10-28 20:35:21 - INFO - train_bert_mtl_span_attr.py - === Epoch 35 train ===
INFO:train_bert_mtl_span_attr.py:=== Epoch 35 train ===
2020-10-28 20:37:33 - INFO - train_bert_mtl_span_attr.py - Training...Epoches: 35, steps: 1130, loss: 0.0004, span_acc: 0.9989, attr_acc: 1.0000, micro_p: 0.9957, micro_r: 0.9971, micro_f1: 0.9964
INFO:train_bert_mtl_span_attr.py:Training...Epoches: 35, steps: 1130, loss: 0.0004, span_acc: 0.9989, attr_acc: 1.0000, micro_p: 0.9957, micro_r: 0.9971, micro_f1: 0.9964
2020-10-28 20:39:54 - INFO - train_bert_mtl_span_attr.py - Training...Epoches: 35, steps: 1140, loss: 0.0003, span_acc: 0.9989, attr_acc: 0.9989, micro_p: 0.9979, micro_r: 0.9965, micro_f1: 0.9972
INFO:train_bert_mtl_span_attr.py:Training...Epoches: 35, steps: 1140, loss: 0.0003, span_acc: 0.9989, attr_acc: 0.9989, micro_p: 0.9979, micro_r: 0.9965, micro_f1: 0.9972
2020-10-28 20:42:30 - INFO - train_bert_mtl_span_attr.py - Training...Epoches: 35, steps: 1150, loss: 0.0005, span_acc: 0.9984, attr_acc: 0.9985, micro_p: 0.9972, micro_r: 0.9954, micro_f1: 0.9963
INFO:train_bert_mtl_span_attr.py:Training...Epoches: 35, steps: 1150, loss: 0.0005, span_acc: 0.9984, attr_acc: 0.9985, micro_p: 0.9972, micro_r: 0.9954, micro_f1: 0.9963
2020-10-28 20:43:02 - INFO - train_bert_mtl_span_attr.py - === Epoch 35 val ===
INFO:train_bert_mtl_span_attr.py:=== Epoch 35 val ===
2020-10-28 20:43:49 - INFO - train_bert_mtl_span_attr.py - Evaluation result: {'span_acc': 0.9233757062146892, 'attr_acc': 0.894774011299435, 'micro_p': 0.8622641509433963, 'micro_r': 0.8102836879432624, 'micro_f1': 0.8354661791590494}.
INFO:train_bert_mtl_span_attr.py:Evaluation result: {'span_acc': 0.9233757062146892, 'attr_acc': 0.894774011299435, 'micro_p': 0.8622641509433963, 'micro_r': 0.8102836879432624, 'micro_f1': 0.8354661791590494}.
2020-10-28 20:43:49 - INFO - train_bert_mtl_span_attr.py - Metric micro_f1 current / best: 0.8354661791590494 / 0.8415300546448087
INFO:train_bert_mtl_span_attr.py:Metric micro_f1 current / best: 0.8354661791590494 / 0.8415300546448087
2020-10-28 20:43:49 - INFO - train_bert_mtl_span_attr.py - === Epoch 36 train ===
INFO:train_bert_mtl_span_attr.py:=== Epoch 36 train ===
2020-10-28 20:45:44 - INFO - train_bert_mtl_span_attr.py - Training...Epoches: 36, steps: 1160, loss: 0.0004, span_acc: 0.9980, attr_acc: 0.9990, micro_p: 0.9966, micro_r: 0.9948, micro_f1: 0.9957
INFO:train_bert_mtl_span_attr.py:Training...Epoches: 36, steps: 1160, loss: 0.0004, span_acc: 0.9980, attr_acc: 0.9990, micro_p: 0.9966, micro_r: 0.9948, micro_f1: 0.9957
2020-10-28 20:47:52 - INFO - train_bert_mtl_span_attr.py - Training...Epoches: 36, steps: 1170, loss: 0.0005, span_acc: 0.9983, attr_acc: 0.9987, micro_p: 0.9948, micro_r: 0.9948, micro_f1: 0.9948
INFO:train_bert_mtl_span_attr.py:Training...Epoches: 36, steps: 1170, loss: 0.0005, span_acc: 0.9983, attr_acc: 0.9987, micro_p: 0.9948, micro_r: 0.9948, micro_f1: 0.9948
2020-10-28 20:50:05 - INFO - train_bert_mtl_span_attr.py - Training...Epoches: 36, steps: 1180, loss: 0.0005, span_acc: 0.9980, attr_acc: 0.9984, micro_p: 0.9956, micro_r: 0.9951, micro_f1: 0.9953
INFO:train_bert_mtl_span_attr.py:Training...Epoches: 36, steps: 1180, loss: 0.0005, span_acc: 0.9980, attr_acc: 0.9984, micro_p: 0.9956, micro_r: 0.9951, micro_f1: 0.9953
2020-10-28 20:50:54 - INFO - train_bert_mtl_span_attr.py - === Epoch 36 val ===
INFO:train_bert_mtl_span_attr.py:=== Epoch 36 val ===
2020-10-28 20:51:26 - INFO - train_bert_mtl_span_attr.py - Evaluation result: {'span_acc': 0.9396186440677966, 'attr_acc': 0.905367231638418, 'micro_p': 0.8598130841121495, 'micro_r': 0.8156028368794326, 'micro_f1': 0.8371246587807097}.
INFO:train_bert_mtl_span_attr.py:Evaluation result: {'span_acc': 0.9396186440677966, 'attr_acc': 0.905367231638418, 'micro_p': 0.8598130841121495, 'micro_r': 0.8156028368794326, 'micro_f1': 0.8371246587807097}.
2020-10-28 20:51:26 - INFO - train_bert_mtl_span_attr.py - Metric micro_f1 current / best: 0.8371246587807097 / 0.8415300546448087
INFO:train_bert_mtl_span_attr.py:Metric micro_f1 current / best: 0.8371246587807097 / 0.8415300546448087
2020-10-28 20:51:26 - INFO - train_bert_mtl_span_attr.py - === Epoch 37 train ===
INFO:train_bert_mtl_span_attr.py:=== Epoch 37 train ===
2020-10-28 20:52:55 - INFO - train_bert_mtl_span_attr.py - Training...Epoches: 37, steps: 1190, loss: 0.0018, span_acc: 0.9991, attr_acc: 0.9996, micro_p: 0.9955, micro_r: 0.9955, micro_f1: 0.9955
INFO:train_bert_mtl_span_attr.py:Training...Epoches: 37, steps: 1190, loss: 0.0018, span_acc: 0.9991, attr_acc: 0.9996, micro_p: 0.9955, micro_r: 0.9955, micro_f1: 0.9955
2020-10-28 20:55:30 - INFO - train_bert_mtl_span_attr.py - Training...Epoches: 37, steps: 1200, loss: 0.0014, span_acc: 0.9968, attr_acc: 0.9971, micro_p: 0.9940, micro_r: 0.9897, micro_f1: 0.9918
INFO:train_bert_mtl_span_attr.py:Training...Epoches: 37, steps: 1200, loss: 0.0014, span_acc: 0.9968, attr_acc: 0.9971, micro_p: 0.9940, micro_r: 0.9897, micro_f1: 0.9918
2020-10-28 20:57:42 - INFO - train_bert_mtl_span_attr.py - Training...Epoches: 37, steps: 1210, loss: 0.0016, span_acc: 0.9952, attr_acc: 0.9932, micro_p: 0.9941, micro_r: 0.9789, micro_f1: 0.9864
INFO:train_bert_mtl_span_attr.py:Training...Epoches: 37, steps: 1210, loss: 0.0016, span_acc: 0.9952, attr_acc: 0.9932, micro_p: 0.9941, micro_r: 0.9789, micro_f1: 0.9864
2020-10-28 20:58:56 - INFO - train_bert_mtl_span_attr.py - === Epoch 37 val ===
INFO:train_bert_mtl_span_attr.py:=== Epoch 37 val ===
2020-10-28 20:59:50 - INFO - train_bert_mtl_span_attr.py - Evaluation result: {'span_acc': 0.922316384180791, 'attr_acc': 0.8824152542372882, 'micro_p': 0.8513513513513513, 'micro_r': 0.7819148936170213, 'micro_f1': 0.8151571164510166}.
INFO:train_bert_mtl_span_attr.py:Evaluation result: {'span_acc': 0.922316384180791, 'attr_acc': 0.8824152542372882, 'micro_p': 0.8513513513513513, 'micro_r': 0.7819148936170213, 'micro_f1': 0.8151571164510166}.
2020-10-28 20:59:50 - INFO - train_bert_mtl_span_attr.py - Metric micro_f1 current / best: 0.8151571164510166 / 0.8415300546448087
INFO:train_bert_mtl_span_attr.py:Metric micro_f1 current / best: 0.8151571164510166 / 0.8415300546448087
2020-10-28 20:59:50 - INFO - train_bert_mtl_span_attr.py - === Epoch 38 train ===
INFO:train_bert_mtl_span_attr.py:=== Epoch 38 train ===
2020-10-28 21:00:38 - INFO - train_bert_mtl_span_attr.py - Training...Epoches: 38, steps: 1220, loss: 0.0044, span_acc: 0.9724, attr_acc: 0.9760, micro_p: 0.9587, micro_r: 0.9062, micro_f1: 0.9317
INFO:train_bert_mtl_span_attr.py:Training...Epoches: 38, steps: 1220, loss: 0.0044, span_acc: 0.9724, attr_acc: 0.9760, micro_p: 0.9587, micro_r: 0.9062, micro_f1: 0.9317
2020-10-28 21:02:58 - INFO - train_bert_mtl_span_attr.py - Training...Epoches: 38, steps: 1230, loss: 0.0054, span_acc: 0.9704, attr_acc: 0.9748, micro_p: 0.9637, micro_r: 0.9130, micro_f1: 0.9377
INFO:train_bert_mtl_span_attr.py:Training...Epoches: 38, steps: 1230, loss: 0.0054, span_acc: 0.9704, attr_acc: 0.9748, micro_p: 0.9637, micro_r: 0.9130, micro_f1: 0.9377
2020-10-28 21:06:11 - INFO - train_bert_mtl_span_attr.py - Training...Epoches: 38, steps: 1240, loss: 0.0060, span_acc: 0.9651, attr_acc: 0.9582, micro_p: 0.9614, micro_r: 0.8972, micro_f1: 0.9282
INFO:train_bert_mtl_span_attr.py:Training...Epoches: 38, steps: 1240, loss: 0.0060, span_acc: 0.9651, attr_acc: 0.9582, micro_p: 0.9614, micro_r: 0.8972, micro_f1: 0.9282
2020-10-28 21:08:06 - INFO - train_bert_mtl_span_attr.py - === Epoch 38 val ===
INFO:train_bert_mtl_span_attr.py:=== Epoch 38 val ===
2020-10-28 21:08:50 - INFO - train_bert_mtl_span_attr.py - Evaluation result: {'span_acc': 0.9392655367231638, 'attr_acc': 0.878177966101695, 'micro_p': 0.8518518518518519, 'micro_r': 0.774822695035461, 'micro_f1': 0.8115134633240484}.
INFO:train_bert_mtl_span_attr.py:Evaluation result: {'span_acc': 0.9392655367231638, 'attr_acc': 0.878177966101695, 'micro_p': 0.8518518518518519, 'micro_r': 0.774822695035461, 'micro_f1': 0.8115134633240484}.
2020-10-28 21:08:50 - INFO - train_bert_mtl_span_attr.py - Metric micro_f1 current / best: 0.8115134633240484 / 0.8415300546448087
INFO:train_bert_mtl_span_attr.py:Metric micro_f1 current / best: 0.8115134633240484 / 0.8415300546448087
2020-10-28 21:08:50 - INFO - train_bert_mtl_span_attr.py - === Epoch 39 train ===
INFO:train_bert_mtl_span_attr.py:=== Epoch 39 train ===
2020-10-28 21:09:12 - INFO - train_bert_mtl_span_attr.py - Training...Epoches: 39, steps: 1250, loss: 0.0051, span_acc: 0.9849, attr_acc: 0.9460, micro_p: 0.9650, micro_r: 0.8846, micro_f1: 0.9231
INFO:train_bert_mtl_span_attr.py:Training...Epoches: 39, steps: 1250, loss: 0.0051, span_acc: 0.9849, attr_acc: 0.9460, micro_p: 0.9650, micro_r: 0.8846, micro_f1: 0.9231
2020-10-28 21:11:12 - INFO - train_bert_mtl_span_attr.py - Training...Epoches: 39, steps: 1260, loss: 0.0037, span_acc: 0.9792, attr_acc: 0.9711, micro_p: 0.9748, micro_r: 0.9249, micro_f1: 0.9492
INFO:train_bert_mtl_span_attr.py:Training...Epoches: 39, steps: 1260, loss: 0.0037, span_acc: 0.9792, attr_acc: 0.9711, micro_p: 0.9748, micro_r: 0.9249, micro_f1: 0.9492
2020-10-28 21:13:17 - INFO - train_bert_mtl_span_attr.py - Training...Epoches: 39, steps: 1270, loss: 0.0041, span_acc: 0.9798, attr_acc: 0.9727, micro_p: 0.9732, micro_r: 0.9291, micro_f1: 0.9507
INFO:train_bert_mtl_span_attr.py:Training...Epoches: 39, steps: 1270, loss: 0.0041, span_acc: 0.9798, attr_acc: 0.9727, micro_p: 0.9732, micro_r: 0.9291, micro_f1: 0.9507
2020-10-28 21:15:15 - INFO - train_bert_mtl_span_attr.py - Training...Epoches: 39, steps: 1280, loss: 0.0043, span_acc: 0.9811, attr_acc: 0.9684, micro_p: 0.9703, micro_r: 0.9261, micro_f1: 0.9477
INFO:train_bert_mtl_span_attr.py:Training...Epoches: 39, steps: 1280, loss: 0.0043, span_acc: 0.9811, attr_acc: 0.9684, micro_p: 0.9703, micro_r: 0.9261, micro_f1: 0.9477
2020-10-28 21:15:18 - INFO - train_bert_mtl_span_attr.py - === Epoch 39 val ===
INFO:train_bert_mtl_span_attr.py:=== Epoch 39 val ===
2020-10-28 21:15:59 - INFO - train_bert_mtl_span_attr.py - Evaluation result: {'span_acc': 0.9254943502824858, 'attr_acc': 0.8742937853107344, 'micro_p': 0.8471953578336557, 'micro_r': 0.776595744680851, 'micro_f1': 0.8103607770582792}.
INFO:train_bert_mtl_span_attr.py:Evaluation result: {'span_acc': 0.9254943502824858, 'attr_acc': 0.8742937853107344, 'micro_p': 0.8471953578336557, 'micro_r': 0.776595744680851, 'micro_f1': 0.8103607770582792}.
2020-10-28 21:15:59 - INFO - train_bert_mtl_span_attr.py - Metric micro_f1 current / best: 0.8103607770582792 / 0.8415300546448087
INFO:train_bert_mtl_span_attr.py:Metric micro_f1 current / best: 0.8103607770582792 / 0.8415300546448087
2020-10-28 21:15:59 - INFO - train_bert_mtl_span_attr.py - Best micro_f1 on val set: 0.841530
INFO:train_bert_mtl_span_attr.py:Best micro_f1 on val set: 0.841530
2020-10-28 21:16:34 - INFO - train_bert_mtl_span_attr.py - Evaluation result: {'span_acc': 0.9375, 'attr_acc': 0.9067796610169492, 'micro_p': 0.8651685393258427, 'micro_r': 0.8191489361702128, 'micro_f1': 0.8415300546448087}.
INFO:train_bert_mtl_span_attr.py:Evaluation result: {'span_acc': 0.9375, 'attr_acc': 0.9067796610169492, 'micro_p': 0.8651685393258427, 'micro_r': 0.8191489361702128, 'micro_f1': 0.8415300546448087}.
